[INFO] Scanning for projects...
[INFO] 
[INFO] --------------------< com.fullStack:expenseTracker >--------------------
[INFO] Building expenseTracker 0.0.1-SNAPSHOT
[INFO]   from pom.xml
[INFO] --------------------------------[ jar ]---------------------------------
[INFO] 
[INFO] >>> spring-boot:3.5.7:run (default-cli) > test-compile @ expenseTracker >>>
[WARNING] The artifact mysql:mysql-connector-java:jar:8.0.33 has been relocated to com.mysql:mysql-connector-j:jar:8.0.33: MySQL Connector/J artifacts moved to reverse-DNS compliant Maven 2+ coordinates.
[INFO] 
[INFO] --- resources:3.3.1:resources (default-resources) @ expenseTracker ---
[INFO] Copying 1 resource from src\main\resources to target\classes
[INFO] Copying 0 resource from src\main\resources to target\classes
[INFO] 
[INFO] --- compiler:3.14.1:compile (default-compile) @ expenseTracker ---
[INFO] Recompiling the module because of changed source code.
[INFO] Compiling 99 source files with javac [debug parameters release 21] to target\classes
[INFO] Annotation processing is enabled because one or more processors were found
  on the class path. A future release of javac may disable annotation processing
  unless at least one processor is specified by name (-processor), or a search
  path is specified (--processor-path, --processor-module-path), or annotation
  processing is enabled explicitly (-proc:only, -proc:full).
  Use -Xlint:-options to suppress this message.
  Use -proc:none to disable annotation processing.
[INFO] 
[INFO] --- resources:3.3.1:testResources (default-testResources) @ expenseTracker ---
[INFO] skip non existing resourceDirectory C:\Users\balav\Downloads\Fullstack-Expense-Tracker-main\backend\src\test\resources
[INFO] 
[INFO] --- compiler:3.14.1:testCompile (default-testCompile) @ expenseTracker ---
[INFO] Recompiling the module because of changed dependency.
[INFO] Compiling 8 source files with javac [debug parameters release 21] to target\test-classes
[INFO] Annotation processing is enabled because one or more processors were found
  on the class path. A future release of javac may disable annotation processing
  unless at least one processor is specified by name (-processor), or a search
  path is specified (--processor-path, --processor-module-path), or annotation
  processing is enabled explicitly (-proc:only, -proc:full).
  Use -Xlint:-options to suppress this message.
  Use -proc:none to disable annotation processing.
[INFO] 
[INFO] <<< spring-boot:3.5.7:run (default-cli) < test-compile @ expenseTracker <<<
[INFO] 
[INFO] 
[INFO] --- spring-boot:3.5.7:run (default-cli) @ expenseTracker ---
[INFO] Attaching agents: []

  .   ____          _            __ _ _
 /\\ / ___'_ __ _ _(_)_ __  __ _ \ \ \ \
( ( )\___ | '_ | '_| | '_ \/ _` | \ \ \ \
 \\/  ___)| |_)| | | | | || (_| |  ) ) ) )
  '  |____| .__|_| |_|_| |_\__, | / / / /
 =========|_|==============|___/=/_/_/_/

 :: Spring Boot ::                (v3.5.7)

2025-11-12T01:46:44.770+05:30  INFO 24924 --- [           main] c.f.e.ExpenseTrackerApplication          : Starting ExpenseTrackerApplication using Java 21.0.9 with PID 24924 (C:\Users\balav\Downloads\Fullstack-Expense-Tracker-main\backend\target\classes started by balav in C:\Users\balav\Downloads\Fullstack-Expense-Tracker-main\backend)
2025-11-12T01:46:44.785+05:30  INFO 24924 --- [           main] c.f.e.ExpenseTrackerApplication          : No active profile set, falling back to 1 default profile: "default"
2025-11-12T01:46:47.066+05:30  INFO 24924 --- [           main] .s.d.r.c.RepositoryConfigurationDelegate : Bootstrapping Spring Data JPA repositories in DEFAULT mode.
2025-11-12T01:46:47.451+05:30  INFO 24924 --- [           main] .s.d.r.c.RepositoryConfigurationDelegate : Finished Spring Data repository scanning in 349 ms. Found 7 JPA repository interfaces.
2025-11-12T01:46:49.127+05:30  INFO 24924 --- [           main] o.s.b.w.embedded.tomcat.TomcatWebServer  : Tomcat initialized with port 9090 (http)
2025-11-12T01:46:49.163+05:30  INFO 24924 --- [           main] o.apache.catalina.core.StandardService   : Starting service [Tomcat]
2025-11-12T01:46:49.165+05:30  INFO 24924 --- [           main] o.apache.catalina.core.StandardEngine    : Starting Servlet engine: [Apache Tomcat/10.1.48]
2025-11-12T01:46:49.313+05:30  INFO 24924 --- [           main] o.a.c.c.C.[Tomcat].[localhost].[/]       : Initializing Spring embedded WebApplicationContext
2025-11-12T01:46:49.319+05:30  INFO 24924 --- [           main] w.s.c.ServletWebServerApplicationContext : Root WebApplicationContext: initialization completed in 4423 ms
2025-11-12T01:46:49.631+05:30  INFO 24924 --- [           main] o.hibernate.jpa.internal.util.LogHelper  : HHH000204: Processing PersistenceUnitInfo [name: default]
2025-11-12T01:46:49.831+05:30  INFO 24924 --- [           main] org.hibernate.Version                    : HHH000412: Hibernate ORM core version 6.6.33.Final
2025-11-12T01:46:49.961+05:30  INFO 24924 --- [           main] o.h.c.internal.RegionFactoryInitiator    : HHH000026: Second-level cache disabled
2025-11-12T01:46:50.667+05:30  INFO 24924 --- [           main] o.s.o.j.p.SpringPersistenceUnitInfo      : No LoadTimeWeaver setup: ignoring JPA class transformer
2025-11-12T01:46:50.740+05:30  INFO 24924 --- [           main] com.zaxxer.hikari.HikariDataSource       : HikariPool-1 - Starting...
2025-11-12T01:46:51.188+05:30  INFO 24924 --- [           main] com.zaxxer.hikari.pool.HikariPool        : HikariPool-1 - Added connection com.mysql.cj.jdbc.ConnectionImpl@7f4f1536
2025-11-12T01:46:51.194+05:30  INFO 24924 --- [           main] com.zaxxer.hikari.HikariDataSource       : HikariPool-1 - Start completed.
2025-11-12T01:46:51.465+05:30  INFO 24924 --- [           main] org.hibernate.orm.connections.pooling    : HHH10001005: Database info:
	Database JDBC URL [Connecting through datasource 'HikariDataSource (HikariPool-1)']
	Database driver: undefined/unknown
	Database version: 8.0.44
	Autocommit mode: undefined/unknown
	Isolation level: undefined/unknown
	Minimum pool size: undefined/unknown
	Maximum pool size: undefined/unknown
2025-11-12T01:46:53.881+05:30  INFO 24924 --- [           main] o.h.e.t.j.p.i.JtaPlatformInitiator       : HHH000489: No JTA platform available (set 'hibernate.transaction.jta.platform' to enable JTA platform integration)
2025-11-12T01:46:54.246+05:30  INFO 24924 --- [           main] j.LocalContainerEntityManagerFactoryBean : Initialized JPA EntityManagerFactory for persistence unit 'default'
2025-11-12T01:46:54.731+05:30  INFO 24924 --- [           main] o.s.d.j.r.query.QueryEnhancerFactory     : Hibernate is in classpath; If applicable, HQL parser will be used.
2025-11-12T01:46:55.427+05:30  WARN 24924 --- [           main] c.f.e.config.EmailServiceConfig          : email.provider is set to 'smtp' but no SMTP host has been configured. Falling back to a no-op JavaMailSender. Set spring.mail.host (or SPRING_MAIL_HOST) and related credentials to deliver real emails.

2025-11-12T01:46:55.811+05:30  INFO 24924 --- [           main] eAuthenticationProviderManagerConfigurer : Global AuthenticationManager configured with AuthenticationProvider bean with name authenticationProvider
2025-11-12T01:46:55.811+05:30  WARN 24924 --- [           main] r$InitializeUserDetailsManagerConfigurer : Global AuthenticationManager configured with an AuthenticationProvider bean. UserDetailsService beans will not be used by Spring Security for automatically configuring username/password login. Consider removing the AuthenticationProvider bean. Alternatively, consider using the UserDetailsService in a manually instantiated DaoAuthenticationProvider. If the current configuration is intentional, to turn off this warning, increase the logging level of 'org.springframework.security.config.annotation.authentication.configuration.InitializeUserDetailsBeanManagerConfigurer' to ERROR
2025-11-12T01:46:56.081+05:30  WARN 24924 --- [           main] JpaBaseConfiguration$JpaWebConfiguration : spring.jpa.open-in-view is enabled by default. Therefore, database queries may be performed during view rendering. Explicitly configure spring.jpa.open-in-view to disable this warning
2025-11-12T01:46:57.294+05:30  INFO 24924 --- [           main] o.s.m.s.b.SimpleBrokerMessageHandler     : Starting...
2025-11-12T01:46:57.297+05:30  INFO 24924 --- [           main] o.s.m.s.b.SimpleBrokerMessageHandler     : BrokerAvailabilityEvent[available=true, SimpleBrokerMessageHandler [org.springframework.messaging.simp.broker.DefaultSubscriptionRegistry@4ec78008]]
2025-11-12T01:46:57.299+05:30  INFO 24924 --- [           main] o.s.m.s.b.SimpleBrokerMessageHandler     : Started.
2025-11-12T01:46:57.341+05:30  INFO 24924 --- [           main] o.s.b.w.embedded.tomcat.TomcatWebServer  : Tomcat started on port 9090 (http) with context path '/'
2025-11-12T01:46:57.760+05:30  INFO 24924 --- [           main] c.f.e.ExpenseTrackerApplication          : Started ExpenseTrackerApplication in 14.333 seconds (process running for 15.334)
2025-11-12T01:47:57.302+05:30  INFO 24924 --- [MessageBroker-1] o.s.w.s.c.WebSocketMessageBrokerStats    : WebSocketSession[0 current WS(0)-HttpStream(0)-HttpPoll(0), 0 total, 0 closed abnormally (0 connect failure, 0 send limit, 0 transport error)], stompSubProtocol[processed CONNECT(0)-CONNECTED(0)-DISCONNECT(0)], stompBrokerRelay[null], inboundChannel[pool size = 0, active threads = 0, queued tasks = 0, completed tasks = 0], outboundChannel[pool size = 0, active threads = 0, queued tasks = 0, completed tasks = 0], sockJsScheduler[pool size = 1, active threads = 1, queued tasks = 0, completed tasks = 0]
2025-11-12T01:48:41.128+05:30  INFO 24924 --- [nio-9090-exec-1] o.a.c.c.C.[Tomcat].[localhost].[/]       : Initializing Spring DispatcherServlet 'dispatcherServlet'
2025-11-12T01:48:41.130+05:30  INFO 24924 --- [nio-9090-exec-1] o.s.web.servlet.DispatcherServlet        : Initializing Servlet 'dispatcherServlet'
2025-11-12T01:48:41.168+05:30  INFO 24924 --- [nio-9090-exec-1] o.s.web.servlet.DispatcherServlet        : Completed initialization in 38 ms
2025-11-12T01:48:41.338+05:30 ERROR 24924 --- [nio-9090-exec-1] c.f.e.security.jwt.AuthEntryPointJwt     : Unauthorized error: Full authentication is required to access this resource
2025-11-12T01:48:46.444+05:30 ERROR 24924 --- [nio-9090-exec-2] c.f.e.security.jwt.AuthEntryPointJwt     : Unauthorized error: Full authentication is required to access this resource
2025-11-12T01:48:51.480+05:30 ERROR 24924 --- [nio-9090-exec-4] c.f.e.security.jwt.AuthEntryPointJwt     : Unauthorized error: Full authentication is required to access this resource
2025-11-12T01:48:56.613+05:30 ERROR 24924 --- [nio-9090-exec-6] c.f.e.security.jwt.AuthEntryPointJwt     : Unauthorized error: Full authentication is required to access this resource
2025-11-12T01:48:57.004+05:30 ERROR 24924 --- [nio-9090-exec-5] c.f.e.security.jwt.AuthEntryPointJwt     : Unauthorized error: Full authentication is required to access this resource
2025-11-12T02:03:47.966+05:30  INFO 24924 --- [io-9090-exec-10] c.f.e.services.impls.AuthServiceImpl     : Starting user registration for username: balav112, email: soccerrrrrball@gmail.com
2025-11-12T02:03:48.511+05:30  INFO 24924 --- [io-9090-exec-10] c.f.e.services.impls.AuthServiceImpl     : User object created successfully
2025-11-12T02:03:49.151+05:30  INFO 24924 --- [io-9090-exec-10] c.f.e.services.impls.AuthServiceImpl     : User saved to database with ID: 22 and enabled status: true
2025-11-12T02:03:49.429+05:30  INFO 24924 --- [io-9090-exec-10] c.f.e.services.impls.AuthServiceImpl     : Registration successful for user: soccerrrrrball@gmail.com. JWT token generated.
2025-11-12T02:03:51.069+05:30 ERROR 24924 --- [nio-9090-exec-1] c.f.e.security.jwt.AuthEntryPointJwt     : Unauthorized error: Full authentication is required to access this resource
2025-11-12T02:03:56.105+05:30 ERROR 24924 --- [nio-9090-exec-8] c.f.e.security.jwt.AuthEntryPointJwt     : Unauthorized error: Full authentication is required to access this resource
2025-11-12T02:04:01.114+05:30 ERROR 24924 --- [io-9090-exec-10] c.f.e.security.jwt.AuthEntryPointJwt     : Unauthorized error: Full authentication is required to access this resource
2025-11-12T02:04:06.981+05:30 ERROR 24924 --- [nio-9090-exec-5] c.f.e.security.jwt.AuthEntryPointJwt     : Unauthorized error: Full authentication is required to access this resource
2025-11-12T02:04:12.970+05:30 ERROR 24924 --- [io-9090-exec-10] c.f.e.security.jwt.AuthEntryPointJwt     : Unauthorized error: Full authentication is required to access this resource
2025-11-12T02:04:18.973+05:30 ERROR 24924 --- [nio-9090-exec-2] c.f.e.security.jwt.AuthEntryPointJwt     : Unauthorized error: Full authentication is required to access this resource
2025-11-12T02:04:24.980+05:30 ERROR 24924 --- [nio-9090-exec-6] c.f.e.security.jwt.AuthEntryPointJwt     : Unauthorized error: Full authentication is required to access this resource
2025-11-12T02:04:30.974+05:30 ERROR 24924 --- [nio-9090-exec-7] c.f.e.security.jwt.AuthEntryPointJwt     : Unauthorized error: Full authentication is required to access this resource
2025-11-12T02:04:36.978+05:30 ERROR 24924 --- [nio-9090-exec-9] c.f.e.security.jwt.AuthEntryPointJwt     : Unauthorized error: Full authentication is required to access this resource
2025-11-12T02:04:41.994+05:30 ERROR 24924 --- [nio-9090-exec-5] c.f.e.security.jwt.AuthEntryPointJwt     : Unauthorized error: Full authentication is required to access this resource
2025-11-12T02:04:47.978+05:30 ERROR 24924 --- [nio-9090-exec-8] c.f.e.security.jwt.AuthEntryPointJwt     : Unauthorized error: Full authentication is required to access this resource
2025-11-12T02:04:53.974+05:30 ERROR 24924 --- [nio-9090-exec-2] c.f.e.security.jwt.AuthEntryPointJwt     : Unauthorized error: Full authentication is required to access this resource
2025-11-12T02:04:59.970+05:30 ERROR 24924 --- [nio-9090-exec-4] c.f.e.security.jwt.AuthEntryPointJwt     : Unauthorized error: Full authentication is required to access this resource
2025-11-12T02:05:05.971+05:30 ERROR 24924 --- [nio-9090-exec-7] c.f.e.security.jwt.AuthEntryPointJwt     : Unauthorized error: Full authentication is required to access this resource
2025-11-12T02:05:11.973+05:30 ERROR 24924 --- [nio-9090-exec-9] c.f.e.security.jwt.AuthEntryPointJwt     : Unauthorized error: Full authentication is required to access this resource
2025-11-12T02:05:17.971+05:30 ERROR 24924 --- [nio-9090-exec-3] c.f.e.security.jwt.AuthEntryPointJwt     : Unauthorized error: Full authentication is required to access this resource
2025-11-12T02:05:23.990+05:30 ERROR 24924 --- [nio-9090-exec-8] c.f.e.security.jwt.AuthEntryPointJwt     : Unauthorized error: Full authentication is required to access this resource
2025-11-12T02:05:29.972+05:30 ERROR 24924 --- [io-9090-exec-10] c.f.e.security.jwt.AuthEntryPointJwt     : Unauthorized error: Full authentication is required to access this resource
2025-11-12T02:05:35.980+05:30 ERROR 24924 --- [nio-9090-exec-4] c.f.e.security.jwt.AuthEntryPointJwt     : Unauthorized error: Full authentication is required to access this resource
2025-11-12T02:05:41.975+05:30 ERROR 24924 --- [nio-9090-exec-7] c.f.e.security.jwt.AuthEntryPointJwt     : Unauthorized error: Full authentication is required to access this resource
2025-11-12T02:05:47.994+05:30 ERROR 24924 --- [nio-9090-exec-1] c.f.e.security.jwt.AuthEntryPointJwt     : Unauthorized error: Full authentication is required to access this resource
2025-11-12T02:05:53.975+05:30 ERROR 24924 --- [nio-9090-exec-3] c.f.e.security.jwt.AuthEntryPointJwt     : Unauthorized error: Full authentication is required to access this resource
2025-11-12T02:05:59.973+05:30 ERROR 24924 --- [nio-9090-exec-5] c.f.e.security.jwt.AuthEntryPointJwt     : Unauthorized error: Full authentication is required to access this resource
2025-11-12T02:06:05.979+05:30 ERROR 24924 --- [io-9090-exec-10] c.f.e.security.jwt.AuthEntryPointJwt     : Unauthorized error: Full authentication is required to access this resource
2025-11-12T02:06:11.970+05:30 ERROR 24924 --- [nio-9090-exec-4] c.f.e.security.jwt.AuthEntryPointJwt     : Unauthorized error: Full authentication is required to access this resource
2025-11-12T02:06:17.981+05:30 ERROR 24924 --- [nio-9090-exec-6] c.f.e.security.jwt.AuthEntryPointJwt     : Unauthorized error: Full authentication is required to access this resource
2025-11-12T02:06:23.977+05:30 ERROR 24924 --- [nio-9090-exec-1] c.f.e.security.jwt.AuthEntryPointJwt     : Unauthorized error: Full authentication is required to access this resource
2025-11-12T02:06:29.974+05:30 ERROR 24924 --- [nio-9090-exec-9] c.f.e.security.jwt.AuthEntryPointJwt     : Unauthorized error: Full authentication is required to access this resource
2025-11-12T02:06:35.986+05:30 ERROR 24924 --- [nio-9090-exec-5] c.f.e.security.jwt.AuthEntryPointJwt     : Unauthorized error: Full authentication is required to access this resource
2025-11-12T02:06:41.975+05:30 ERROR 24924 --- [nio-9090-exec-8] c.f.e.security.jwt.AuthEntryPointJwt     : Unauthorized error: Full authentication is required to access this resource
2025-11-12T02:06:47.980+05:30 ERROR 24924 --- [io-9090-exec-10] c.f.e.security.jwt.AuthEntryPointJwt     : Unauthorized error: Full authentication is required to access this resource
2025-11-12T02:06:53.978+05:30 ERROR 24924 --- [nio-9090-exec-4] c.f.e.security.jwt.AuthEntryPointJwt     : Unauthorized error: Full authentication is required to access this resource
2025-11-12T02:06:59.971+05:30 ERROR 24924 --- [nio-9090-exec-6] c.f.e.security.jwt.AuthEntryPointJwt     : Unauthorized error: Full authentication is required to access this resource
2025-11-12T02:07:05.978+05:30 ERROR 24924 --- [nio-9090-exec-1] c.f.e.security.jwt.AuthEntryPointJwt     : Unauthorized error: Full authentication is required to access this resource
2025-11-12T02:07:11.968+05:30 ERROR 24924 --- [nio-9090-exec-9] c.f.e.security.jwt.AuthEntryPointJwt     : Unauthorized error: Full authentication is required to access this resource
2025-11-12T02:07:17.983+05:30 ERROR 24924 --- [nio-9090-exec-5] c.f.e.security.jwt.AuthEntryPointJwt     : Unauthorized error: Full authentication is required to access this resource
2025-11-12T02:07:23.989+05:30 ERROR 24924 --- [io-9090-exec-10] c.f.e.security.jwt.AuthEntryPointJwt     : Unauthorized error: Full authentication is required to access this resource
2025-11-12T02:07:29.978+05:30 ERROR 24924 --- [nio-9090-exec-2] c.f.e.security.jwt.AuthEntryPointJwt     : Unauthorized error: Full authentication is required to access this resource
2025-11-12T02:07:35.975+05:30 ERROR 24924 --- [nio-9090-exec-6] c.f.e.security.jwt.AuthEntryPointJwt     : Unauthorized error: Full authentication is required to access this resource
2025-11-12T02:07:41.971+05:30 ERROR 24924 --- [nio-9090-exec-7] c.f.e.security.jwt.AuthEntryPointJwt     : Unauthorized error: Full authentication is required to access this resource
2025-11-12T02:07:47.968+05:30 ERROR 24924 --- [nio-9090-exec-9] c.f.e.security.jwt.AuthEntryPointJwt     : Unauthorized error: Full authentication is required to access this resource
2025-11-12T02:07:53.973+05:30 ERROR 24924 --- [nio-9090-exec-5] c.f.e.security.jwt.AuthEntryPointJwt     : Unauthorized error: Full authentication is required to access this resource
2025-11-12T02:07:59.982+05:30 ERROR 24924 --- [nio-9090-exec-8] c.f.e.security.jwt.AuthEntryPointJwt     : Unauthorized error: Full authentication is required to access this resource
2025-11-12T02:08:05.994+05:30 ERROR 24924 --- [nio-9090-exec-2] c.f.e.security.jwt.AuthEntryPointJwt     : Unauthorized error: Full authentication is required to access this resource
2025-11-12T02:08:11.991+05:30 ERROR 24924 --- [nio-9090-exec-4] c.f.e.security.jwt.AuthEntryPointJwt     : Unauthorized error: Full authentication is required to access this resource
2025-11-12T02:08:17.976+05:30 ERROR 24924 --- [nio-9090-exec-7] c.f.e.security.jwt.AuthEntryPointJwt     : Unauthorized error: Full authentication is required to access this resource
2025-11-12T02:08:23.979+05:30 ERROR 24924 --- [nio-9090-exec-9] c.f.e.security.jwt.AuthEntryPointJwt     : Unauthorized error: Full authentication is required to access this resource
2025-11-12T02:08:30.000+05:30 ERROR 24924 --- [nio-9090-exec-3] c.f.e.security.jwt.AuthEntryPointJwt     : Unauthorized error: Full authentication is required to access this resource
2025-11-12T02:08:35.976+05:30 ERROR 24924 --- [nio-9090-exec-8] c.f.e.security.jwt.AuthEntryPointJwt     : Unauthorized error: Full authentication is required to access this resource
2025-11-12T02:08:41.985+05:30 ERROR 24924 --- [io-9090-exec-10] c.f.e.security.jwt.AuthEntryPointJwt     : Unauthorized error: Full authentication is required to access this resource
2025-11-12T02:08:47.978+05:30 ERROR 24924 --- [nio-9090-exec-4] c.f.e.security.jwt.AuthEntryPointJwt     : Unauthorized error: Full authentication is required to access this resource
2025-11-12T02:08:53.972+05:30 ERROR 24924 --- [nio-9090-exec-6] c.f.e.security.jwt.AuthEntryPointJwt     : Unauthorized error: Full authentication is required to access this resource
2025-11-12T02:08:59.979+05:30 ERROR 24924 --- [nio-9090-exec-7] c.f.e.security.jwt.AuthEntryPointJwt     : Unauthorized error: Full authentication is required to access this resource
2025-11-12T02:09:05.996+05:30 ERROR 24924 --- [nio-9090-exec-1] c.f.e.security.jwt.AuthEntryPointJwt     : Unauthorized error: Full authentication is required to access this resource
2025-11-12T02:09:11.970+05:30 ERROR 24924 --- [nio-9090-exec-9] c.f.e.security.jwt.AuthEntryPointJwt     : Unauthorized error: Full authentication is required to access this resource
2025-11-12T02:09:17.982+05:30 ERROR 24924 --- [nio-9090-exec-3] c.f.e.security.jwt.AuthEntryPointJwt     : Unauthorized error: Full authentication is required to access this resource
2025-11-12T02:09:23.979+05:30 ERROR 24924 --- [nio-9090-exec-8] c.f.e.security.jwt.AuthEntryPointJwt     : Unauthorized error: Full authentication is required to access this resource
2025-11-12T02:09:29.979+05:30 ERROR 24924 --- [io-9090-exec-10] c.f.e.security.jwt.AuthEntryPointJwt     : Unauthorized error: Full authentication is required to access this resource
2025-11-12T02:09:35.995+05:30 ERROR 24924 --- [nio-9090-exec-4] c.f.e.security.jwt.AuthEntryPointJwt     : Unauthorized error: Full authentication is required to access this resource
2025-11-12T02:09:41.968+05:30 ERROR 24924 --- [nio-9090-exec-6] c.f.e.security.jwt.AuthEntryPointJwt     : Unauthorized error: Full authentication is required to access this resource
2025-11-12T02:09:47.980+05:30 ERROR 24924 --- [nio-9090-exec-1] c.f.e.security.jwt.AuthEntryPointJwt     : Unauthorized error: Full authentication is required to access this resource
2025-11-12T02:09:53.973+05:30 ERROR 24924 --- [nio-9090-exec-3] c.f.e.security.jwt.AuthEntryPointJwt     : Unauthorized error: Full authentication is required to access this resource
2025-11-12T02:09:59.984+05:30 ERROR 24924 --- [nio-9090-exec-5] c.f.e.security.jwt.AuthEntryPointJwt     : Unauthorized error: Full authentication is required to access this resource
2025-11-12T02:10:05.982+05:30 ERROR 24924 --- [io-9090-exec-10] c.f.e.security.jwt.AuthEntryPointJwt     : Unauthorized error: Full authentication is required to access this resource
2025-11-12T02:10:12.004+05:30 ERROR 24924 --- [nio-9090-exec-2] c.f.e.security.jwt.AuthEntryPointJwt     : Unauthorized error: Full authentication is required to access this resource
2025-11-12T02:10:17.990+05:30 ERROR 24924 --- [nio-9090-exec-6] c.f.e.security.jwt.AuthEntryPointJwt     : Unauthorized error: Full authentication is required to access this resource
2025-11-12T02:10:23.988+05:30 ERROR 24924 --- [nio-9090-exec-1] c.f.e.security.jwt.AuthEntryPointJwt     : Unauthorized error: Full authentication is required to access this resource
2025-11-12T02:10:29.988+05:30 ERROR 24924 --- [nio-9090-exec-9] c.f.e.security.jwt.AuthEntryPointJwt     : Unauthorized error: Full authentication is required to access this resource
2025-11-12T02:10:35.978+05:30 ERROR 24924 --- [nio-9090-exec-5] c.f.e.security.jwt.AuthEntryPointJwt     : Unauthorized error: Full authentication is required to access this resource
2025-11-12T02:10:41.978+05:30 ERROR 24924 --- [nio-9090-exec-8] c.f.e.security.jwt.AuthEntryPointJwt     : Unauthorized error: Full authentication is required to access this resource
2025-11-12T02:10:47.978+05:30 ERROR 24924 --- [nio-9090-exec-2] c.f.e.security.jwt.AuthEntryPointJwt     : Unauthorized error: Full authentication is required to access this resource
2025-11-12T02:10:53.977+05:30 ERROR 24924 --- [nio-9090-exec-6] c.f.e.security.jwt.AuthEntryPointJwt     : Unauthorized error: Full authentication is required to access this resource
2025-11-12T02:10:59.975+05:30 ERROR 24924 --- [nio-9090-exec-7] c.f.e.security.jwt.AuthEntryPointJwt     : Unauthorized error: Full authentication is required to access this resource
2025-11-12T02:11:05.972+05:30 ERROR 24924 --- [nio-9090-exec-9] c.f.e.security.jwt.AuthEntryPointJwt     : Unauthorized error: Full authentication is required to access this resource
2025-11-12T02:11:11.991+05:30 ERROR 24924 --- [nio-9090-exec-3] c.f.e.security.jwt.AuthEntryPointJwt     : Unauthorized error: Full authentication is required to access this resource
2025-11-12T02:11:17.972+05:30 ERROR 24924 --- [nio-9090-exec-5] c.f.e.security.jwt.AuthEntryPointJwt     : Unauthorized error: Full authentication is required to access this resource
2025-11-12T02:11:23.987+05:30 ERROR 24924 --- [io-9090-exec-10] c.f.e.security.jwt.AuthEntryPointJwt     : Unauthorized error: Full authentication is required to access this resource
2025-11-12T02:11:29.973+05:30 ERROR 24924 --- [nio-9090-exec-2] c.f.e.security.jwt.AuthEntryPointJwt     : Unauthorized error: Full authentication is required to access this resource
2025-11-12T02:11:35.980+05:30 ERROR 24924 --- [nio-9090-exec-6] c.f.e.security.jwt.AuthEntryPointJwt     : Unauthorized error: Full authentication is required to access this resource
2025-11-12T02:11:41.978+05:30 ERROR 24924 --- [nio-9090-exec-7] c.f.e.security.jwt.AuthEntryPointJwt     : Unauthorized error: Full authentication is required to access this resource
2025-11-12T02:11:47.990+05:30 ERROR 24924 --- [nio-9090-exec-9] c.f.e.security.jwt.AuthEntryPointJwt     : Unauthorized error: Full authentication is required to access this resource
2025-11-12T02:11:53.990+05:30 ERROR 24924 --- [nio-9090-exec-5] c.f.e.security.jwt.AuthEntryPointJwt     : Unauthorized error: Full authentication is required to access this resource
2025-11-12T02:11:59.969+05:30 ERROR 24924 --- [nio-9090-exec-8] c.f.e.security.jwt.AuthEntryPointJwt     : Unauthorized error: Full authentication is required to access this resource
2025-11-12T02:12:06.003+05:30 ERROR 24924 --- [nio-9090-exec-2] c.f.e.security.jwt.AuthEntryPointJwt     : Unauthorized error: Full authentication is required to access this resource
2025-11-12T02:12:11.992+05:30 ERROR 24924 --- [nio-9090-exec-4] c.f.e.security.jwt.AuthEntryPointJwt     : Unauthorized error: Full authentication is required to access this resource
2025-11-12T02:12:17.972+05:30 ERROR 24924 --- [nio-9090-exec-7] c.f.e.security.jwt.AuthEntryPointJwt     : Unauthorized error: Full authentication is required to access this resource
2025-11-12T02:12:24.009+05:30 ERROR 24924 --- [nio-9090-exec-9] c.f.e.security.jwt.AuthEntryPointJwt     : Unauthorized error: Full authentication is required to access this resource
2025-11-12T02:12:29.981+05:30 ERROR 24924 --- [nio-9090-exec-3] c.f.e.security.jwt.AuthEntryPointJwt     : Unauthorized error: Full authentication is required to access this resource
2025-11-12T02:12:35.978+05:30 ERROR 24924 --- [nio-9090-exec-8] c.f.e.security.jwt.AuthEntryPointJwt     : Unauthorized error: Full authentication is required to access this resource
2025-11-12T02:12:41.989+05:30 ERROR 24924 --- [io-9090-exec-10] c.f.e.security.jwt.AuthEntryPointJwt     : Unauthorized error: Full authentication is required to access this resource
2025-11-12T02:12:47.973+05:30 ERROR 24924 --- [nio-9090-exec-4] c.f.e.security.jwt.AuthEntryPointJwt     : Unauthorized error: Full authentication is required to access this resource
2025-11-12T02:12:53.973+05:30 ERROR 24924 --- [nio-9090-exec-7] c.f.e.security.jwt.AuthEntryPointJwt     : Unauthorized error: Full authentication is required to access this resource
2025-11-12T02:12:59.993+05:30 ERROR 24924 --- [nio-9090-exec-1] c.f.e.security.jwt.AuthEntryPointJwt     : Unauthorized error: Full authentication is required to access this resource
2025-11-12T02:13:05.997+05:30 ERROR 24924 --- [nio-9090-exec-3] c.f.e.security.jwt.AuthEntryPointJwt     : Unauthorized error: Full authentication is required to access this resource
2025-11-12T02:13:11.982+05:30 ERROR 24924 --- [nio-9090-exec-5] c.f.e.security.jwt.AuthEntryPointJwt     : Unauthorized error: Full authentication is required to access this resource
2025-11-12T02:13:17.999+05:30 ERROR 24924 --- [io-9090-exec-10] c.f.e.security.jwt.AuthEntryPointJwt     : Unauthorized error: Full authentication is required to access this resource
2025-11-12T02:13:23.980+05:30 ERROR 24924 --- [nio-9090-exec-4] c.f.e.security.jwt.AuthEntryPointJwt     : Unauthorized error: Full authentication is required to access this resource
2025-11-12T02:13:29.972+05:30 ERROR 24924 --- [nio-9090-exec-6] c.f.e.security.jwt.AuthEntryPointJwt     : Unauthorized error: Full authentication is required to access this resource
2025-11-12T02:13:35.982+05:30 ERROR 24924 --- [nio-9090-exec-1] c.f.e.security.jwt.AuthEntryPointJwt     : Unauthorized error: Full authentication is required to access this resource
2025-11-12T02:13:41.976+05:30 ERROR 24924 --- [nio-9090-exec-9] c.f.e.security.jwt.AuthEntryPointJwt     : Unauthorized error: Full authentication is required to access this resource
2025-11-12T02:13:47.989+05:30 ERROR 24924 --- [nio-9090-exec-5] c.f.e.security.jwt.AuthEntryPointJwt     : Unauthorized error: Full authentication is required to access this resource
2025-11-12T02:13:54.004+05:30 ERROR 24924 --- [io-9090-exec-10] c.f.e.security.jwt.AuthEntryPointJwt     : Unauthorized error: Full authentication is required to access this resource
2025-11-12T02:13:59.980+05:30 ERROR 24924 --- [nio-9090-exec-2] c.f.e.security.jwt.AuthEntryPointJwt     : Unauthorized error: Full authentication is required to access this resource
2025-11-12T02:14:05.972+05:30 ERROR 24924 --- [nio-9090-exec-6] c.f.e.security.jwt.AuthEntryPointJwt     : Unauthorized error: Full authentication is required to access this resource
2025-11-12T02:14:11.967+05:30 ERROR 24924 --- [nio-9090-exec-7] c.f.e.security.jwt.AuthEntryPointJwt     : Unauthorized error: Full authentication is required to access this resource
2025-11-12T02:14:17.980+05:30 ERROR 24924 --- [nio-9090-exec-9] c.f.e.security.jwt.AuthEntryPointJwt     : Unauthorized error: Full authentication is required to access this resource
2025-11-12T02:14:23.992+05:30 ERROR 24924 --- [nio-9090-exec-5] c.f.e.security.jwt.AuthEntryPointJwt     : Unauthorized error: Full authentication is required to access this resource
2025-11-12T02:14:29.980+05:30 ERROR 24924 --- [nio-9090-exec-8] c.f.e.security.jwt.AuthEntryPointJwt     : Unauthorized error: Full authentication is required to access this resource
2025-11-12T02:14:36.000+05:30 ERROR 24924 --- [nio-9090-exec-2] c.f.e.security.jwt.AuthEntryPointJwt     : Unauthorized error: Full authentication is required to access this resource
2025-11-12T02:14:42.039+05:30 ERROR 24924 --- [nio-9090-exec-4] c.f.e.security.jwt.AuthEntryPointJwt     : Unauthorized error: Full authentication is required to access this resource
2025-11-12T02:14:47.987+05:30 ERROR 24924 --- [nio-9090-exec-7] c.f.e.security.jwt.AuthEntryPointJwt     : Unauthorized error: Full authentication is required to access this resource
2025-11-12T02:14:53.973+05:30 ERROR 24924 --- [nio-9090-exec-9] c.f.e.security.jwt.AuthEntryPointJwt     : Unauthorized error: Full authentication is required to access this resource
2025-11-12T02:14:59.997+05:30 ERROR 24924 --- [nio-9090-exec-3] c.f.e.security.jwt.AuthEntryPointJwt     : Unauthorized error: Full authentication is required to access this resource
2025-11-12T02:15:05.998+05:30 ERROR 24924 --- [nio-9090-exec-8] c.f.e.security.jwt.AuthEntryPointJwt     : Unauthorized error: Full authentication is required to access this resource
2025-11-12T02:15:11.991+05:30 ERROR 24924 --- [io-9090-exec-10] c.f.e.security.jwt.AuthEntryPointJwt     : Unauthorized error: Full authentication is required to access this resource
2025-11-12T02:15:17.994+05:30 ERROR 24924 --- [nio-9090-exec-4] c.f.e.security.jwt.AuthEntryPointJwt     : Unauthorized error: Full authentication is required to access this resource
2025-11-12T02:15:23.986+05:30 ERROR 24924 --- [nio-9090-exec-7] c.f.e.security.jwt.AuthEntryPointJwt     : Unauthorized error: Full authentication is required to access this resource
2025-11-12T02:15:29.968+05:30 ERROR 24924 --- [nio-9090-exec-1] c.f.e.security.jwt.AuthEntryPointJwt     : Unauthorized error: Full authentication is required to access this resource
2025-11-12T02:15:35.999+05:30 ERROR 24924 --- [nio-9090-exec-3] c.f.e.security.jwt.AuthEntryPointJwt     : Unauthorized error: Full authentication is required to access this resource
2025-11-12T02:15:41.991+05:30 ERROR 24924 --- [nio-9090-exec-5] c.f.e.security.jwt.AuthEntryPointJwt     : Unauthorized error: Full authentication is required to access this resource
2025-11-12T02:15:47.999+05:30 ERROR 24924 --- [io-9090-exec-10] c.f.e.security.jwt.AuthEntryPointJwt     : Unauthorized error: Full authentication is required to access this resource
2025-11-12T02:15:53.981+05:30 ERROR 24924 --- [nio-9090-exec-4] c.f.e.security.jwt.AuthEntryPointJwt     : Unauthorized error: Full authentication is required to access this resource
2025-11-12T02:15:59.994+05:30 ERROR 24924 --- [nio-9090-exec-6] c.f.e.security.jwt.AuthEntryPointJwt     : Unauthorized error: Full authentication is required to access this resource
2025-11-12T02:16:05.994+05:30 ERROR 24924 --- [nio-9090-exec-1] c.f.e.security.jwt.AuthEntryPointJwt     : Unauthorized error: Full authentication is required to access this resource
2025-11-12T02:16:11.987+05:30 ERROR 24924 --- [nio-9090-exec-9] c.f.e.security.jwt.AuthEntryPointJwt     : Unauthorized error: Full authentication is required to access this resource
2025-11-12T02:16:17.985+05:30 ERROR 24924 --- [nio-9090-exec-3] c.f.e.security.jwt.AuthEntryPointJwt     : Unauthorized error: Full authentication is required to access this resource
2025-11-12T02:16:23.984+05:30 ERROR 24924 --- [nio-9090-exec-5] c.f.e.security.jwt.AuthEntryPointJwt     : Unauthorized error: Full authentication is required to access this resource
2025-11-12T02:16:29.995+05:30 ERROR 24924 --- [io-9090-exec-10] c.f.e.security.jwt.AuthEntryPointJwt     : Unauthorized error: Full authentication is required to access this resource
2025-11-12T02:16:35.977+05:30 ERROR 24924 --- [nio-9090-exec-2] c.f.e.security.jwt.AuthEntryPointJwt     : Unauthorized error: Full authentication is required to access this resource
2025-11-12T02:16:41.973+05:30 ERROR 24924 --- [nio-9090-exec-4] c.f.e.security.jwt.AuthEntryPointJwt     : Unauthorized error: Full authentication is required to access this resource
2025-11-12T02:16:47.987+05:30 ERROR 24924 --- [nio-9090-exec-7] c.f.e.security.jwt.AuthEntryPointJwt     : Unauthorized error: Full authentication is required to access this resource
2025-11-12T02:16:53.980+05:30 ERROR 24924 --- [nio-9090-exec-1] c.f.e.security.jwt.AuthEntryPointJwt     : Unauthorized error: Full authentication is required to access this resource
2025-11-12T02:16:59.995+05:30 ERROR 24924 --- [nio-9090-exec-9] c.f.e.security.jwt.AuthEntryPointJwt     : Unauthorized error: Full authentication is required to access this resource
2025-11-12T02:17:05.978+05:30 ERROR 24924 --- [nio-9090-exec-3] c.f.e.security.jwt.AuthEntryPointJwt     : Unauthorized error: Full authentication is required to access this resource
2025-11-12T02:17:11.993+05:30 ERROR 24924 --- [nio-9090-exec-5] c.f.e.security.jwt.AuthEntryPointJwt     : Unauthorized error: Full authentication is required to access this resource
2025-11-12T02:17:18.000+05:30 ERROR 24924 --- [nio-9090-exec-8] c.f.e.security.jwt.AuthEntryPointJwt     : Unauthorized error: Full authentication is required to access this resource
2025-11-12T02:17:23.983+05:30 ERROR 24924 --- [io-9090-exec-10] c.f.e.security.jwt.AuthEntryPointJwt     : Unauthorized error: Full authentication is required to access this resource
2025-11-12T02:17:29.979+05:30 ERROR 24924 --- [nio-9090-exec-4] c.f.e.security.jwt.AuthEntryPointJwt     : Unauthorized error: Full authentication is required to access this resource
2025-11-12T02:17:35.973+05:30 ERROR 24924 --- [nio-9090-exec-6] c.f.e.security.jwt.AuthEntryPointJwt     : Unauthorized error: Full authentication is required to access this resource
2025-11-12T02:17:41.972+05:30 ERROR 24924 --- [nio-9090-exec-1] c.f.e.security.jwt.AuthEntryPointJwt     : Unauthorized error: Full authentication is required to access this resource
2025-11-12T02:17:47.971+05:30 ERROR 24924 --- [nio-9090-exec-3] c.f.e.security.jwt.AuthEntryPointJwt     : Unauthorized error: Full authentication is required to access this resource
2025-11-12T02:17:53.996+05:30 ERROR 24924 --- [nio-9090-exec-5] c.f.e.security.jwt.AuthEntryPointJwt     : Unauthorized error: Full authentication is required to access this resource
2025-11-12T02:17:57.367+05:30  INFO 24924 --- [MessageBroker-1] o.s.w.s.c.WebSocketMessageBrokerStats    : WebSocketSession[0 current WS(0)-HttpStream(0)-HttpPoll(0), 0 total, 0 closed abnormally (0 connect failure, 0 send limit, 0 transport error)], stompSubProtocol[processed CONNECT(0)-CONNECTED(0)-DISCONNECT(0)], stompBrokerRelay[null], inboundChannel[pool size = 0, active threads = 0, queued tasks = 0, completed tasks = 0], outboundChannel[pool size = 0, active threads = 0, queued tasks = 0, completed tasks = 0], sockJsScheduler[pool size = 2, active threads = 1, queued tasks = 0, completed tasks = 1]
2025-11-12T02:17:59.992+05:30 ERROR 24924 --- [io-9090-exec-10] c.f.e.security.jwt.AuthEntryPointJwt     : Unauthorized error: Full authentication is required to access this resource
2025-11-12T02:18:05.975+05:30 ERROR 24924 --- [nio-9090-exec-2] c.f.e.security.jwt.AuthEntryPointJwt     : Unauthorized error: Full authentication is required to access this resource
2025-11-12T02:18:11.974+05:30 ERROR 24924 --- [nio-9090-exec-6] c.f.e.security.jwt.AuthEntryPointJwt     : Unauthorized error: Full authentication is required to access this resource
2025-11-12T02:18:17.978+05:30 ERROR 24924 --- [nio-9090-exec-1] c.f.e.security.jwt.AuthEntryPointJwt     : Unauthorized error: Full authentication is required to access this resource
2025-11-12T02:18:23.975+05:30 ERROR 24924 --- [nio-9090-exec-9] c.f.e.security.jwt.AuthEntryPointJwt     : Unauthorized error: Full authentication is required to access this resource
2025-11-12T02:18:30.003+05:30 ERROR 24924 --- [nio-9090-exec-5] c.f.e.security.jwt.AuthEntryPointJwt     : Unauthorized error: Full authentication is required to access this resource
2025-11-12T02:18:35.985+05:30 ERROR 24924 --- [nio-9090-exec-8] c.f.e.security.jwt.AuthEntryPointJwt     : Unauthorized error: Full authentication is required to access this resource
2025-11-12T02:18:42.000+05:30 ERROR 24924 --- [nio-9090-exec-2] c.f.e.security.jwt.AuthEntryPointJwt     : Unauthorized error: Full authentication is required to access this resource
2025-11-12T02:18:47.986+05:30 ERROR 24924 --- [nio-9090-exec-6] c.f.e.security.jwt.AuthEntryPointJwt     : Unauthorized error: Full authentication is required to access this resource
2025-11-12T02:18:53.991+05:30 ERROR 24924 --- [nio-9090-exec-7] c.f.e.security.jwt.AuthEntryPointJwt     : Unauthorized error: Full authentication is required to access this resource
2025-11-12T02:18:59.980+05:30 ERROR 24924 --- [nio-9090-exec-9] c.f.e.security.jwt.AuthEntryPointJwt     : Unauthorized error: Full authentication is required to access this resource
2025-11-12T02:19:05.986+05:30 ERROR 24924 --- [nio-9090-exec-3] c.f.e.security.jwt.AuthEntryPointJwt     : Unauthorized error: Full authentication is required to access this resource
2025-11-12T02:19:11.977+05:30 ERROR 24924 --- [nio-9090-exec-8] c.f.e.security.jwt.AuthEntryPointJwt     : Unauthorized error: Full authentication is required to access this resource
2025-11-12T02:19:17.984+05:30 ERROR 24924 --- [nio-9090-exec-2] c.f.e.security.jwt.AuthEntryPointJwt     : Unauthorized error: Full authentication is required to access this resource
2025-11-12T02:19:23.993+05:30 ERROR 24924 --- [nio-9090-exec-4] c.f.e.security.jwt.AuthEntryPointJwt     : Unauthorized error: Full authentication is required to access this resource
2025-11-12T02:19:29.976+05:30 ERROR 24924 --- [nio-9090-exec-7] c.f.e.security.jwt.AuthEntryPointJwt     : Unauthorized error: Full authentication is required to access this resource
2025-11-12T02:19:35.971+05:30 ERROR 24924 --- [nio-9090-exec-1] c.f.e.security.jwt.AuthEntryPointJwt     : Unauthorized error: Full authentication is required to access this resource
2025-11-12T02:19:41.970+05:30 ERROR 24924 --- [nio-9090-exec-3] c.f.e.security.jwt.AuthEntryPointJwt     : Unauthorized error: Full authentication is required to access this resource
2025-11-12T02:19:48.002+05:30 ERROR 24924 --- [nio-9090-exec-8] c.f.e.security.jwt.AuthEntryPointJwt     : Unauthorized error: Full authentication is required to access this resource
2025-11-12T02:19:53.967+05:30 ERROR 24924 --- [io-9090-exec-10] c.f.e.security.jwt.AuthEntryPointJwt     : Unauthorized error: Full authentication is required to access this resource
2025-11-12T02:20:00.004+05:30 ERROR 24924 --- [nio-9090-exec-4] c.f.e.security.jwt.AuthEntryPointJwt     : Unauthorized error: Full authentication is required to access this resource
2025-11-12T02:20:05.995+05:30 ERROR 24924 --- [nio-9090-exec-6] c.f.e.security.jwt.AuthEntryPointJwt     : Unauthorized error: Full authentication is required to access this resource
2025-11-12T02:20:11.991+05:30 ERROR 24924 --- [nio-9090-exec-1] c.f.e.security.jwt.AuthEntryPointJwt     : Unauthorized error: Full authentication is required to access this resource
2025-11-12T02:20:17.969+05:30 ERROR 24924 --- [nio-9090-exec-3] c.f.e.security.jwt.AuthEntryPointJwt     : Unauthorized error: Full authentication is required to access this resource
2025-11-12T02:20:23.979+05:30 ERROR 24924 --- [nio-9090-exec-5] c.f.e.security.jwt.AuthEntryPointJwt     : Unauthorized error: Full authentication is required to access this resource
2025-11-12T02:20:29.973+05:30 ERROR 24924 --- [io-9090-exec-10] c.f.e.security.jwt.AuthEntryPointJwt     : Unauthorized error: Full authentication is required to access this resource
2025-11-12T02:20:35.975+05:30 ERROR 24924 --- [nio-9090-exec-2] c.f.e.security.jwt.AuthEntryPointJwt     : Unauthorized error: Full authentication is required to access this resource
2025-11-12T02:20:42.002+05:30 ERROR 24924 --- [nio-9090-exec-6] c.f.e.security.jwt.AuthEntryPointJwt     : Unauthorized error: Full authentication is required to access this resource
2025-11-12T02:20:47.974+05:30 ERROR 24924 --- [nio-9090-exec-1] c.f.e.security.jwt.AuthEntryPointJwt     : Unauthorized error: Full authentication is required to access this resource
2025-11-12T02:20:53.998+05:30 ERROR 24924 --- [nio-9090-exec-9] c.f.e.security.jwt.AuthEntryPointJwt     : Unauthorized error: Full authentication is required to access this resource
2025-11-12T02:20:59.974+05:30 ERROR 24924 --- [nio-9090-exec-5] c.f.e.security.jwt.AuthEntryPointJwt     : Unauthorized error: Full authentication is required to access this resource
2025-11-12T02:21:05.975+05:30 ERROR 24924 --- [nio-9090-exec-8] c.f.e.security.jwt.AuthEntryPointJwt     : Unauthorized error: Full authentication is required to access this resource
2025-11-12T02:21:11.975+05:30 ERROR 24924 --- [io-9090-exec-10] c.f.e.security.jwt.AuthEntryPointJwt     : Unauthorized error: Full authentication is required to access this resource
2025-11-12T02:21:17.986+05:30 ERROR 24924 --- [nio-9090-exec-2] c.f.e.security.jwt.AuthEntryPointJwt     : Unauthorized error: Full authentication is required to access this resource
2025-11-12T02:21:23.984+05:30 ERROR 24924 --- [nio-9090-exec-4] c.f.e.security.jwt.AuthEntryPointJwt     : Unauthorized error: Full authentication is required to access this resource
2025-11-12T02:21:29.989+05:30 ERROR 24924 --- [nio-9090-exec-6] c.f.e.security.jwt.AuthEntryPointJwt     : Unauthorized error: Full authentication is required to access this resource
2025-11-12T02:21:35.977+05:30 ERROR 24924 --- [nio-9090-exec-1] c.f.e.security.jwt.AuthEntryPointJwt     : Unauthorized error: Full authentication is required to access this resource
2025-11-12T02:21:41.971+05:30 ERROR 24924 --- [nio-9090-exec-9] c.f.e.security.jwt.AuthEntryPointJwt     : Unauthorized error: Full authentication is required to access this resource
2025-11-12T02:21:47.994+05:30 ERROR 24924 --- [nio-9090-exec-5] c.f.e.security.jwt.AuthEntryPointJwt     : Unauthorized error: Full authentication is required to access this resource
2025-11-12T02:21:53.981+05:30 ERROR 24924 --- [io-9090-exec-10] c.f.e.security.jwt.AuthEntryPointJwt     : Unauthorized error: Full authentication is required to access this resource
2025-11-12T02:21:59.988+05:30 ERROR 24924 --- [nio-9090-exec-2] c.f.e.security.jwt.AuthEntryPointJwt     : Unauthorized error: Full authentication is required to access this resource
2025-11-12T02:22:06.203+05:30 ERROR 24924 --- [nio-9090-exec-6] c.f.e.security.jwt.AuthEntryPointJwt     : Unauthorized error: Full authentication is required to access this resource
2025-11-12T02:22:11.993+05:30 ERROR 24924 --- [nio-9090-exec-7] c.f.e.security.jwt.AuthEntryPointJwt     : Unauthorized error: Full authentication is required to access this resource
2025-11-12T02:22:17.996+05:30 ERROR 24924 --- [nio-9090-exec-9] c.f.e.security.jwt.AuthEntryPointJwt     : Unauthorized error: Full authentication is required to access this resource
2025-11-12T02:22:23.991+05:30 ERROR 24924 --- [nio-9090-exec-5] c.f.e.security.jwt.AuthEntryPointJwt     : Unauthorized error: Full authentication is required to access this resource
2025-11-12T02:22:29.991+05:30 ERROR 24924 --- [nio-9090-exec-8] c.f.e.security.jwt.AuthEntryPointJwt     : Unauthorized error: Full authentication is required to access this resource
2025-11-12T02:22:36.426+05:30 ERROR 24924 --- [nio-9090-exec-2] c.f.e.security.jwt.AuthEntryPointJwt     : Unauthorized error: Full authentication is required to access this resource
2025-11-12T02:22:42.117+05:30 ERROR 24924 --- [nio-9090-exec-4] c.f.e.security.jwt.AuthEntryPointJwt     : Unauthorized error: Full authentication is required to access this resource
2025-11-12T02:22:47.972+05:30 ERROR 24924 --- [nio-9090-exec-7] c.f.e.security.jwt.AuthEntryPointJwt     : Unauthorized error: Full authentication is required to access this resource
2025-11-12T02:22:53.973+05:30 ERROR 24924 --- [nio-9090-exec-9] c.f.e.security.jwt.AuthEntryPointJwt     : Unauthorized error: Full authentication is required to access this resource
2025-11-12T02:22:59.984+05:30 ERROR 24924 --- [nio-9090-exec-3] c.f.e.security.jwt.AuthEntryPointJwt     : Unauthorized error: Full authentication is required to access this resource
2025-11-12T02:23:05.980+05:30 ERROR 24924 --- [nio-9090-exec-8] c.f.e.security.jwt.AuthEntryPointJwt     : Unauthorized error: Full authentication is required to access this resource
2025-11-12T02:23:11.995+05:30 ERROR 24924 --- [io-9090-exec-10] c.f.e.security.jwt.AuthEntryPointJwt     : Unauthorized error: Full authentication is required to access this resource
2025-11-12T02:23:17.977+05:30 ERROR 24924 --- [nio-9090-exec-4] c.f.e.security.jwt.AuthEntryPointJwt     : Unauthorized error: Full authentication is required to access this resource
2025-11-12T02:23:23.987+05:30 ERROR 24924 --- [nio-9090-exec-7] c.f.e.security.jwt.AuthEntryPointJwt     : Unauthorized error: Full authentication is required to access this resource
2025-11-12T02:23:29.979+05:30 ERROR 24924 --- [nio-9090-exec-1] c.f.e.security.jwt.AuthEntryPointJwt     : Unauthorized error: Full authentication is required to access this resource
2025-11-12T02:23:35.991+05:30 ERROR 24924 --- [nio-9090-exec-3] c.f.e.security.jwt.AuthEntryPointJwt     : Unauthorized error: Full authentication is required to access this resource
2025-11-12T02:23:41.973+05:30 ERROR 24924 --- [nio-9090-exec-5] c.f.e.security.jwt.AuthEntryPointJwt     : Unauthorized error: Full authentication is required to access this resource
2025-11-12T02:23:48.002+05:30 ERROR 24924 --- [io-9090-exec-10] c.f.e.security.jwt.AuthEntryPointJwt     : Unauthorized error: Full authentication is required to access this resource
2025-11-12T02:23:54.000+05:30 ERROR 24924 --- [nio-9090-exec-4] c.f.e.security.jwt.AuthEntryPointJwt     : Unauthorized error: Full authentication is required to access this resource
2025-11-12T02:23:59.990+05:30 ERROR 24924 --- [nio-9090-exec-6] c.f.e.security.jwt.AuthEntryPointJwt     : Unauthorized error: Full authentication is required to access this resource
2025-11-12T02:24:05.992+05:30 ERROR 24924 --- [nio-9090-exec-1] c.f.e.security.jwt.AuthEntryPointJwt     : Unauthorized error: Full authentication is required to access this resource
2025-11-12T02:24:12.016+05:30 ERROR 24924 --- [nio-9090-exec-9] c.f.e.security.jwt.AuthEntryPointJwt     : Unauthorized error: Full authentication is required to access this resource
2025-11-12T02:24:17.987+05:30 ERROR 24924 --- [nio-9090-exec-5] c.f.e.security.jwt.AuthEntryPointJwt     : Unauthorized error: Full authentication is required to access this resource
2025-11-12T02:24:23.991+05:30 ERROR 24924 --- [io-9090-exec-10] c.f.e.security.jwt.AuthEntryPointJwt     : Unauthorized error: Full authentication is required to access this resource
2025-11-12T02:24:29.977+05:30 ERROR 24924 --- [nio-9090-exec-4] c.f.e.security.jwt.AuthEntryPointJwt     : Unauthorized error: Full authentication is required to access this resource
2025-11-12T02:24:35.982+05:30 ERROR 24924 --- [nio-9090-exec-6] c.f.e.security.jwt.AuthEntryPointJwt     : Unauthorized error: Full authentication is required to access this resource
2025-11-12T02:24:41.977+05:30 ERROR 24924 --- [nio-9090-exec-1] c.f.e.security.jwt.AuthEntryPointJwt     : Unauthorized error: Full authentication is required to access this resource
2025-11-12T02:24:47.995+05:30 ERROR 24924 --- [nio-9090-exec-9] c.f.e.security.jwt.AuthEntryPointJwt     : Unauthorized error: Full authentication is required to access this resource
2025-11-12T02:24:53.979+05:30 ERROR 24924 --- [nio-9090-exec-5] c.f.e.security.jwt.AuthEntryPointJwt     : Unauthorized error: Full authentication is required to access this resource
2025-11-12T02:24:59.979+05:30 ERROR 24924 --- [io-9090-exec-10] c.f.e.security.jwt.AuthEntryPointJwt     : Unauthorized error: Full authentication is required to access this resource
2025-11-12T02:25:05.982+05:30 ERROR 24924 --- [nio-9090-exec-4] c.f.e.security.jwt.AuthEntryPointJwt     : Unauthorized error: Full authentication is required to access this resource
2025-11-12T02:25:11.986+05:30 ERROR 24924 --- [nio-9090-exec-7] c.f.e.security.jwt.AuthEntryPointJwt     : Unauthorized error: Full authentication is required to access this resource
2025-11-12T02:25:17.979+05:30 ERROR 24924 --- [nio-9090-exec-1] c.f.e.security.jwt.AuthEntryPointJwt     : Unauthorized error: Full authentication is required to access this resource
2025-11-12T02:25:23.983+05:30 ERROR 24924 --- [nio-9090-exec-3] c.f.e.security.jwt.AuthEntryPointJwt     : Unauthorized error: Full authentication is required to access this resource
2025-11-12T02:25:29.987+05:30 ERROR 24924 --- [nio-9090-exec-8] c.f.e.security.jwt.AuthEntryPointJwt     : Unauthorized error: Full authentication is required to access this resource
2025-11-12T02:25:35.969+05:30 ERROR 24924 --- [io-9090-exec-10] c.f.e.security.jwt.AuthEntryPointJwt     : Unauthorized error: Full authentication is required to access this resource
2025-11-12T02:25:41.990+05:30 ERROR 24924 --- [nio-9090-exec-4] c.f.e.security.jwt.AuthEntryPointJwt     : Unauthorized error: Full authentication is required to access this resource
2025-11-12T02:25:47.997+05:30 ERROR 24924 --- [nio-9090-exec-6] c.f.e.security.jwt.AuthEntryPointJwt     : Unauthorized error: Full authentication is required to access this resource
2025-11-12T02:25:53.979+05:30 ERROR 24924 --- [nio-9090-exec-1] c.f.e.security.jwt.AuthEntryPointJwt     : Unauthorized error: Full authentication is required to access this resource
2025-11-12T02:25:59.971+05:30 ERROR 24924 --- [nio-9090-exec-3] c.f.e.security.jwt.AuthEntryPointJwt     : Unauthorized error: Full authentication is required to access this resource
2025-11-12T02:26:05.977+05:30 ERROR 24924 --- [nio-9090-exec-5] c.f.e.security.jwt.AuthEntryPointJwt     : Unauthorized error: Full authentication is required to access this resource
2025-11-12T02:26:11.980+05:30 ERROR 24924 --- [io-9090-exec-10] c.f.e.security.jwt.AuthEntryPointJwt     : Unauthorized error: Full authentication is required to access this resource
2025-11-12T02:26:17.975+05:30 ERROR 24924 --- [nio-9090-exec-2] c.f.e.security.jwt.AuthEntryPointJwt     : Unauthorized error: Full authentication is required to access this resource
2025-11-12T02:26:23.985+05:30 ERROR 24924 --- [nio-9090-exec-6] c.f.e.security.jwt.AuthEntryPointJwt     : Unauthorized error: Full authentication is required to access this resource
2025-11-12T02:26:29.977+05:30 ERROR 24924 --- [nio-9090-exec-1] c.f.e.security.jwt.AuthEntryPointJwt     : Unauthorized error: Full authentication is required to access this resource
2025-11-12T02:26:35.974+05:30 ERROR 24924 --- [nio-9090-exec-9] c.f.e.security.jwt.AuthEntryPointJwt     : Unauthorized error: Full authentication is required to access this resource
2025-11-12T02:26:41.992+05:30 ERROR 24924 --- [nio-9090-exec-5] c.f.e.security.jwt.AuthEntryPointJwt     : Unauthorized error: Full authentication is required to access this resource
2025-11-12T02:26:47.974+05:30 ERROR 24924 --- [nio-9090-exec-8] c.f.e.security.jwt.AuthEntryPointJwt     : Unauthorized error: Full authentication is required to access this resource
2025-11-12T02:26:53.974+05:30 ERROR 24924 --- [nio-9090-exec-2] c.f.e.security.jwt.AuthEntryPointJwt     : Unauthorized error: Full authentication is required to access this resource
2025-11-12T02:26:59.991+05:30 ERROR 24924 --- [nio-9090-exec-6] c.f.e.security.jwt.AuthEntryPointJwt     : Unauthorized error: Full authentication is required to access this resource
2025-11-12T02:27:05.982+05:30 ERROR 24924 --- [nio-9090-exec-7] c.f.e.security.jwt.AuthEntryPointJwt     : Unauthorized error: Full authentication is required to access this resource
2025-11-12T02:27:11.976+05:30 ERROR 24924 --- [nio-9090-exec-9] c.f.e.security.jwt.AuthEntryPointJwt     : Unauthorized error: Full authentication is required to access this resource
2025-11-12T02:27:17.977+05:30 ERROR 24924 --- [nio-9090-exec-3] c.f.e.security.jwt.AuthEntryPointJwt     : Unauthorized error: Full authentication is required to access this resource
2025-11-12T02:27:23.987+05:30 ERROR 24924 --- [nio-9090-exec-8] c.f.e.security.jwt.AuthEntryPointJwt     : Unauthorized error: Full authentication is required to access this resource
2025-11-12T02:27:30.005+05:30 ERROR 24924 --- [nio-9090-exec-2] c.f.e.security.jwt.AuthEntryPointJwt     : Unauthorized error: Full authentication is required to access this resource
2025-11-12T02:27:35.970+05:30 ERROR 24924 --- [nio-9090-exec-4] c.f.e.security.jwt.AuthEntryPointJwt     : Unauthorized error: Full authentication is required to access this resource
2025-11-12T02:27:41.984+05:30 ERROR 24924 --- [nio-9090-exec-7] c.f.e.security.jwt.AuthEntryPointJwt     : Unauthorized error: Full authentication is required to access this resource
2025-11-12T02:27:47.972+05:30 ERROR 24924 --- [nio-9090-exec-1] c.f.e.security.jwt.AuthEntryPointJwt     : Unauthorized error: Full authentication is required to access this resource
2025-11-12T02:27:53.979+05:30 ERROR 24924 --- [nio-9090-exec-3] c.f.e.security.jwt.AuthEntryPointJwt     : Unauthorized error: Full authentication is required to access this resource
2025-11-12T02:27:59.995+05:30 ERROR 24924 --- [nio-9090-exec-8] c.f.e.security.jwt.AuthEntryPointJwt     : Unauthorized error: Full authentication is required to access this resource
2025-11-12T02:28:05.977+05:30 ERROR 24924 --- [io-9090-exec-10] c.f.e.security.jwt.AuthEntryPointJwt     : Unauthorized error: Full authentication is required to access this resource
2025-11-12T02:28:11.989+05:30 ERROR 24924 --- [nio-9090-exec-4] c.f.e.security.jwt.AuthEntryPointJwt     : Unauthorized error: Full authentication is required to access this resource
2025-11-12T02:28:17.992+05:30 ERROR 24924 --- [nio-9090-exec-6] c.f.e.security.jwt.AuthEntryPointJwt     : Unauthorized error: Full authentication is required to access this resource
2025-11-12T02:28:23.995+05:30 ERROR 24924 --- [nio-9090-exec-1] c.f.e.security.jwt.AuthEntryPointJwt     : Unauthorized error: Full authentication is required to access this resource
2025-11-12T02:28:29.991+05:30 ERROR 24924 --- [nio-9090-exec-3] c.f.e.security.jwt.AuthEntryPointJwt     : Unauthorized error: Full authentication is required to access this resource
2025-11-12T02:28:36.029+05:30 ERROR 24924 --- [nio-9090-exec-5] c.f.e.security.jwt.AuthEntryPointJwt     : Unauthorized error: Full authentication is required to access this resource
2025-11-12T02:28:41.989+05:30 ERROR 24924 --- [io-9090-exec-10] c.f.e.security.jwt.AuthEntryPointJwt     : Unauthorized error: Full authentication is required to access this resource
2025-11-12T02:28:47.973+05:30 ERROR 24924 --- [nio-9090-exec-2] c.f.e.security.jwt.AuthEntryPointJwt     : Unauthorized error: Full authentication is required to access this resource
2025-11-12T02:28:53.992+05:30 ERROR 24924 --- [nio-9090-exec-6] c.f.e.security.jwt.AuthEntryPointJwt     : Unauthorized error: Full authentication is required to access this resource
2025-11-12T02:28:59.995+05:30 ERROR 24924 --- [nio-9090-exec-1] c.f.e.security.jwt.AuthEntryPointJwt     : Unauthorized error: Full authentication is required to access this resource
2025-11-12T02:29:05.975+05:30 ERROR 24924 --- [nio-9090-exec-9] c.f.e.security.jwt.AuthEntryPointJwt     : Unauthorized error: Full authentication is required to access this resource
2025-11-12T02:29:11.972+05:30 ERROR 24924 --- [nio-9090-exec-5] c.f.e.security.jwt.AuthEntryPointJwt     : Unauthorized error: Full authentication is required to access this resource
2025-11-12T02:29:17.978+05:30 ERROR 24924 --- [nio-9090-exec-8] c.f.e.security.jwt.AuthEntryPointJwt     : Unauthorized error: Full authentication is required to access this resource
2025-11-12T02:29:24.004+05:30 ERROR 24924 --- [nio-9090-exec-2] c.f.e.security.jwt.AuthEntryPointJwt     : Unauthorized error: Full authentication is required to access this resource
2025-11-12T02:29:29.980+05:30 ERROR 24924 --- [nio-9090-exec-6] c.f.e.security.jwt.AuthEntryPointJwt     : Unauthorized error: Full authentication is required to access this resource
2025-11-12T02:29:35.977+05:30 ERROR 24924 --- [nio-9090-exec-7] c.f.e.security.jwt.AuthEntryPointJwt     : Unauthorized error: Full authentication is required to access this resource
2025-11-12T02:29:41.980+05:30 ERROR 24924 --- [nio-9090-exec-9] c.f.e.security.jwt.AuthEntryPointJwt     : Unauthorized error: Full authentication is required to access this resource
2025-11-12T02:29:47.992+05:30 ERROR 24924 --- [nio-9090-exec-3] c.f.e.security.jwt.AuthEntryPointJwt     : Unauthorized error: Full authentication is required to access this resource
2025-11-12T02:29:53.992+05:30 ERROR 24924 --- [nio-9090-exec-8] c.f.e.security.jwt.AuthEntryPointJwt     : Unauthorized error: Full authentication is required to access this resource
2025-11-12T02:29:59.982+05:30 ERROR 24924 --- [nio-9090-exec-2] c.f.e.security.jwt.AuthEntryPointJwt     : Unauthorized error: Full authentication is required to access this resource
2025-11-12T02:30:05.978+05:30 ERROR 24924 --- [nio-9090-exec-4] c.f.e.security.jwt.AuthEntryPointJwt     : Unauthorized error: Full authentication is required to access this resource
2025-11-12T02:30:11.971+05:30 ERROR 24924 --- [nio-9090-exec-7] c.f.e.security.jwt.AuthEntryPointJwt     : Unauthorized error: Full authentication is required to access this resource
2025-11-12T02:30:17.972+05:30 ERROR 24924 --- [nio-9090-exec-1] c.f.e.security.jwt.AuthEntryPointJwt     : Unauthorized error: Full authentication is required to access this resource
2025-11-12T02:30:23.992+05:30 ERROR 24924 --- [nio-9090-exec-3] c.f.e.security.jwt.AuthEntryPointJwt     : Unauthorized error: Full authentication is required to access this resource
2025-11-12T02:30:29.989+05:30 ERROR 24924 --- [nio-9090-exec-8] c.f.e.security.jwt.AuthEntryPointJwt     : Unauthorized error: Full authentication is required to access this resource
2025-11-12T02:30:35.982+05:30 ERROR 24924 --- [io-9090-exec-10] c.f.e.security.jwt.AuthEntryPointJwt     : Unauthorized error: Full authentication is required to access this resource
2025-11-12T02:30:41.982+05:30 ERROR 24924 --- [nio-9090-exec-4] c.f.e.security.jwt.AuthEntryPointJwt     : Unauthorized error: Full authentication is required to access this resource
2025-11-12T02:30:47.999+05:30 ERROR 24924 --- [nio-9090-exec-6] c.f.e.security.jwt.AuthEntryPointJwt     : Unauthorized error: Full authentication is required to access this resource
2025-11-12T02:30:53.979+05:30 ERROR 24924 --- [nio-9090-exec-1] c.f.e.security.jwt.AuthEntryPointJwt     : Unauthorized error: Full authentication is required to access this resource
2025-11-12T02:30:59.984+05:30 ERROR 24924 --- [nio-9090-exec-3] c.f.e.security.jwt.AuthEntryPointJwt     : Unauthorized error: Full authentication is required to access this resource
2025-11-12T02:31:05.985+05:30 ERROR 24924 --- [nio-9090-exec-5] c.f.e.security.jwt.AuthEntryPointJwt     : Unauthorized error: Full authentication is required to access this resource
2025-11-12T02:31:12.114+05:30 ERROR 24924 --- [io-9090-exec-10] c.f.e.security.jwt.AuthEntryPointJwt     : Unauthorized error: Full authentication is required to access this resource
2025-11-12T02:31:17.984+05:30 ERROR 24924 --- [nio-9090-exec-4] c.f.e.security.jwt.AuthEntryPointJwt     : Unauthorized error: Full authentication is required to access this resource
2025-11-12T02:31:24.000+05:30 ERROR 24924 --- [nio-9090-exec-7] c.f.e.security.jwt.AuthEntryPointJwt     : Unauthorized error: Full authentication is required to access this resource
2025-11-12T02:31:29.974+05:30 ERROR 24924 --- [nio-9090-exec-1] c.f.e.security.jwt.AuthEntryPointJwt     : Unauthorized error: Full authentication is required to access this resource
2025-11-12T02:31:35.978+05:30 ERROR 24924 --- [nio-9090-exec-3] c.f.e.security.jwt.AuthEntryPointJwt     : Unauthorized error: Full authentication is required to access this resource
2025-11-12T02:31:41.975+05:30 ERROR 24924 --- [nio-9090-exec-5] c.f.e.security.jwt.AuthEntryPointJwt     : Unauthorized error: Full authentication is required to access this resource
2025-11-12T02:31:48.000+05:30 ERROR 24924 --- [nio-9090-exec-8] c.f.e.security.jwt.AuthEntryPointJwt     : Unauthorized error: Full authentication is required to access this resource
2025-11-12T02:31:53.992+05:30 ERROR 24924 --- [nio-9090-exec-2] c.f.e.security.jwt.AuthEntryPointJwt     : Unauthorized error: Full authentication is required to access this resource
2025-11-12T02:31:59.998+05:30 ERROR 24924 --- [nio-9090-exec-6] c.f.e.security.jwt.AuthEntryPointJwt     : Unauthorized error: Full authentication is required to access this resource
2025-11-12T02:32:05.982+05:30 ERROR 24924 --- [nio-9090-exec-7] c.f.e.security.jwt.AuthEntryPointJwt     : Unauthorized error: Full authentication is required to access this resource
2025-11-12T02:32:11.976+05:30 ERROR 24924 --- [nio-9090-exec-9] c.f.e.security.jwt.AuthEntryPointJwt     : Unauthorized error: Full authentication is required to access this resource
2025-11-12T02:32:17.972+05:30 ERROR 24924 --- [nio-9090-exec-3] c.f.e.security.jwt.AuthEntryPointJwt     : Unauthorized error: Full authentication is required to access this resource
2025-11-12T02:32:23.982+05:30 ERROR 24924 --- [nio-9090-exec-8] c.f.e.security.jwt.AuthEntryPointJwt     : Unauthorized error: Full authentication is required to access this resource
