2025-11-08T10:10:12.534+05:30  INFO 5556 --- [main] c.f.e.ExpenseTrackerApplication          : Starting ExpenseTrackerApplication v0.0.1-SNAPSHOT using Java 21.0.9 with PID 5556 (C:\Users\balav\Downloads\Fullstack-Expense-Tracker-main\Fullstack-Expense-Tracker-main\backend\target\expenseTracker-0.0.1-SNAPSHOT.jar started by balav in C:\Users\balav\Downloads\Fullstack-Expense-Tracker-main\Fullstack-Expense-Tracker-main)
2025-11-08T10:10:12.539+05:30  INFO 5556 --- [main] c.f.e.ExpenseTrackerApplication          : No active profile set, falling back to 1 default profile: "default"
2025-11-08T10:10:14.677+05:30  INFO 5556 --- [main] .s.d.r.c.RepositoryConfigurationDelegate : Bootstrapping Spring Data JPA repositories in DEFAULT mode.
2025-11-08T10:10:14.891+05:30  INFO 5556 --- [main] .s.d.r.c.RepositoryConfigurationDelegate : Finished Spring Data repository scanning in 191 ms. Found 7 JPA repository interfaces.
2025-11-08T10:10:16.304+05:30  INFO 5556 --- [main] o.s.b.w.embedded.tomcat.TomcatWebServer  : Tomcat initialized with port 9090 (http)
2025-11-08T10:10:16.367+05:30  INFO 5556 --- [main] o.apache.catalina.core.StandardService   : Starting service [Tomcat]
2025-11-08T10:10:16.368+05:30  INFO 5556 --- [main] o.apache.catalina.core.StandardEngine    : Starting Servlet engine: [Apache Tomcat/10.1.48]
2025-11-08T10:10:16.492+05:30  INFO 5556 --- [main] o.a.c.c.C.[Tomcat].[localhost].[/]       : Initializing Spring embedded WebApplicationContext
2025-11-08T10:10:16.497+05:30  INFO 5556 --- [main] w.s.c.ServletWebServerApplicationContext : Root WebApplicationContext: initialization completed in 3815 ms
2025-11-08T10:10:16.865+05:30  INFO 5556 --- [main] o.hibernate.jpa.internal.util.LogHelper  : HHH000204: Processing PersistenceUnitInfo [name: default]
2025-11-08T10:10:17.148+05:30  INFO 5556 --- [main] org.hibernate.Version                    : HHH000412: Hibernate ORM core version 6.6.33.Final
2025-11-08T10:10:17.244+05:30  INFO 5556 --- [main] o.h.c.internal.RegionFactoryInitiator    : HHH000026: Second-level cache disabled
2025-11-08T10:10:17.916+05:30  INFO 5556 --- [main] o.s.o.j.p.SpringPersistenceUnitInfo      : No LoadTimeWeaver setup: ignoring JPA class transformer
2025-11-08T10:10:18.028+05:30  INFO 5556 --- [main] com.zaxxer.hikari.HikariDataSource       : HikariPool-1 - Starting...
2025-11-08T10:10:18.962+05:30  INFO 5556 --- [main] com.zaxxer.hikari.pool.HikariPool        : HikariPool-1 - Added connection com.mysql.cj.jdbc.ConnectionImpl@2cdb5974
2025-11-08T10:10:18.968+05:30  INFO 5556 --- [main] com.zaxxer.hikari.HikariDataSource       : HikariPool-1 - Start completed.
2025-11-08T10:10:19.313+05:30  INFO 5556 --- [main] org.hibernate.orm.connections.pooling    : HHH10001005: Database info:
	Database JDBC URL [Connecting through datasource 'HikariDataSource (HikariPool-1)']
	Database driver: undefined/unknown
	Database version: 8.0.44
	Autocommit mode: undefined/unknown
	Isolation level: undefined/unknown
	Minimum pool size: undefined/unknown
	Maximum pool size: undefined/unknown
2025-11-08T10:10:21.316+05:30  INFO 5556 --- [main] o.h.e.t.j.p.i.JtaPlatformInitiator       : HHH000489: No JTA platform available (set 'hibernate.transaction.jta.platform' to enable JTA platform integration)
2025-11-08T10:10:21.804+05:30  INFO 5556 --- [main] j.LocalContainerEntityManagerFactoryBean : Initialized JPA EntityManagerFactory for persistence unit 'default'
2025-11-08T10:10:22.314+05:30  INFO 5556 --- [main] o.s.d.j.r.query.QueryEnhancerFactory     : Hibernate is in classpath; If applicable, HQL parser will be used.
2025-11-08T10:10:23.188+05:30  INFO 5556 --- [main] eAuthenticationProviderManagerConfigurer : Global AuthenticationManager configured with AuthenticationProvider bean with name authenticationProvider
2025-11-08T10:10:23.190+05:30  WARN 5556 --- [main] r$InitializeUserDetailsManagerConfigurer : Global AuthenticationManager configured with an AuthenticationProvider bean. UserDetailsService beans will not be used by Spring Security for automatically configuring username/password login. Consider removing the AuthenticationProvider bean. Alternatively, consider using the UserDetailsService in a manually instantiated DaoAuthenticationProvider. If the current configuration is intentional, to turn off this warning, increase the logging level of 'org.springframework.security.config.annotation.authentication.configuration.InitializeUserDetailsBeanManagerConfigurer' to ERROR
2025-11-08T10:10:23.525+05:30  WARN 5556 --- [main] JpaBaseConfiguration$JpaWebConfiguration : spring.jpa.open-in-view is enabled by default. Therefore, database queries may be performed during view rendering. Explicitly configure spring.jpa.open-in-view to disable this warning
2025-11-08T10:10:24.867+05:30  INFO 5556 --- [main] o.s.m.s.b.SimpleBrokerMessageHandler     : Starting...
2025-11-08T10:10:24.874+05:30  INFO 5556 --- [main] o.s.m.s.b.SimpleBrokerMessageHandler     : BrokerAvailabilityEvent[available=true, SimpleBrokerMessageHandler [org.springframework.messaging.simp.broker.DefaultSubscriptionRegistry@6e6c723b]]
2025-11-08T10:10:24.881+05:30  INFO 5556 --- [main] o.s.m.s.b.SimpleBrokerMessageHandler     : Started.
2025-11-08T10:10:24.999+05:30  INFO 5556 --- [main] o.s.b.w.embedded.tomcat.TomcatWebServer  : Tomcat started on port 9090 (http) with context path '/'
2025-11-08T10:10:25.620+05:30  INFO 5556 --- [main] c.f.e.ExpenseTrackerApplication          : Started ExpenseTrackerApplication in 14.163 seconds (process running for 15.613)
2025-11-08T10:11:24.879+05:30  INFO 5556 --- [MessageBroker-1] o.s.w.s.c.WebSocketMessageBrokerStats    : WebSocketSession[0 current WS(0)-HttpStream(0)-HttpPoll(0), 0 total, 0 closed abnormally (0 connect failure, 0 send limit, 0 transport error)], stompSubProtocol[processed CONNECT(0)-CONNECTED(0)-DISCONNECT(0)], stompBrokerRelay[null], inboundChannel[pool size = 0, active threads = 0, queued tasks = 0, completed tasks = 0], outboundChannel[pool size = 0, active threads = 0, queued tasks = 0, completed tasks = 0], sockJsScheduler[pool size = 1, active threads = 1, queued tasks = 0, completed tasks = 0]
2025-11-08T14:12:35.448+05:30  WARN 5556 --- [HikariPool-1:housekeeper] com.zaxxer.hikari.pool.HikariPool        : HikariPool-1 - Thread starvation or clock leap detected (housekeeper delta=3h48m16s125ms811µs600ns).
