2025-11-10T02:01:36.184+05:30  INFO 10168 --- [main] c.f.e.ExpenseTrackerApplication          : Starting ExpenseTrackerApplication using Java 21.0.9 with PID 10168 (C:\Users\balav\Downloads\Fullstack-Expense-Tracker-main\Fullstack-Expense-Tracker-main\backend\target\classes started by balav in C:\Users\balav\Downloads\Fullstack-Expense-Tracker-main\Fullstack-Expense-Tracker-main\backend)
2025-11-10T02:01:36.205+05:30  INFO 10168 --- [main] c.f.e.ExpenseTrackerApplication          : No active profile set, falling back to 1 default profile: "default"
2025-11-10T02:01:38.889+05:30  INFO 10168 --- [main] .s.d.r.c.RepositoryConfigurationDelegate : Bootstrapping Spring Data JPA repositories in DEFAULT mode.
2025-11-10T02:01:39.131+05:30  INFO 10168 --- [main] .s.d.r.c.RepositoryConfigurationDelegate : Finished Spring Data repository scanning in 220 ms. Found 7 JPA repository interfaces.
2025-11-10T02:01:41.555+05:30  INFO 10168 --- [main] o.s.b.w.embedded.tomcat.TomcatWebServer  : Tomcat initialized with port 9090 (http)
2025-11-10T02:01:41.587+05:30  INFO 10168 --- [main] o.apache.catalina.core.StandardService   : Starting service [Tomcat]
2025-11-10T02:01:41.588+05:30  INFO 10168 --- [main] o.apache.catalina.core.StandardEngine    : Starting Servlet engine: [Apache Tomcat/10.1.48]
2025-11-10T02:01:41.756+05:30  INFO 10168 --- [main] o.a.c.c.C.[Tomcat].[localhost].[/]       : Initializing Spring embedded WebApplicationContext
2025-11-10T02:01:41.757+05:30  INFO 10168 --- [main] w.s.c.ServletWebServerApplicationContext : Root WebApplicationContext: initialization completed in 5236 ms
2025-11-10T02:01:42.036+05:30  INFO 10168 --- [main] o.hibernate.jpa.internal.util.LogHelper  : HHH000204: Processing PersistenceUnitInfo [name: default]
2025-11-10T02:01:42.205+05:30  INFO 10168 --- [main] org.hibernate.Version                    : HHH000412: Hibernate ORM core version 6.6.33.Final
2025-11-10T02:01:42.293+05:30  INFO 10168 --- [main] o.h.c.internal.RegionFactoryInitiator    : HHH000026: Second-level cache disabled
2025-11-10T02:01:43.438+05:30  INFO 10168 --- [main] o.s.o.j.p.SpringPersistenceUnitInfo      : No LoadTimeWeaver setup: ignoring JPA class transformer
2025-11-10T02:01:43.524+05:30  INFO 10168 --- [main] com.zaxxer.hikari.HikariDataSource       : HikariPool-1 - Starting...
2025-11-10T02:01:44.371+05:30  INFO 10168 --- [main] com.zaxxer.hikari.pool.HikariPool        : HikariPool-1 - Added connection com.mysql.cj.jdbc.ConnectionImpl@4e85dcb2
2025-11-10T02:01:44.376+05:30  INFO 10168 --- [main] com.zaxxer.hikari.HikariDataSource       : HikariPool-1 - Start completed.
2025-11-10T02:01:44.615+05:30  INFO 10168 --- [main] org.hibernate.orm.connections.pooling    : HHH10001005: Database info:
	Database JDBC URL [Connecting through datasource 'HikariDataSource (HikariPool-1)']
	Database driver: undefined/unknown
	Database version: 8.0.44
	Autocommit mode: undefined/unknown
	Isolation level: undefined/unknown
	Minimum pool size: undefined/unknown
	Maximum pool size: undefined/unknown
2025-11-10T02:01:48.809+05:30  INFO 10168 --- [main] o.h.e.t.j.p.i.JtaPlatformInitiator       : HHH000489: No JTA platform available (set 'hibernate.transaction.jta.platform' to enable JTA platform integration)
2025-11-10T02:01:50.141+05:30  INFO 10168 --- [main] j.LocalContainerEntityManagerFactoryBean : Initialized JPA EntityManagerFactory for persistence unit 'default'
2025-11-10T02:01:51.021+05:30  INFO 10168 --- [main] o.s.d.j.r.query.QueryEnhancerFactory     : Hibernate is in classpath; If applicable, HQL parser will be used.
2025-11-10T02:01:52.553+05:30  INFO 10168 --- [main] eAuthenticationProviderManagerConfigurer : Global AuthenticationManager configured with AuthenticationProvider bean with name authenticationProvider
2025-11-10T02:01:52.555+05:30  WARN 10168 --- [main] r$InitializeUserDetailsManagerConfigurer : Global AuthenticationManager configured with an AuthenticationProvider bean. UserDetailsService beans will not be used by Spring Security for automatically configuring username/password login. Consider removing the AuthenticationProvider bean. Alternatively, consider using the UserDetailsService in a manually instantiated DaoAuthenticationProvider. If the current configuration is intentional, to turn off this warning, increase the logging level of 'org.springframework.security.config.annotation.authentication.configuration.InitializeUserDetailsBeanManagerConfigurer' to ERROR
2025-11-10T02:01:53.151+05:30  WARN 10168 --- [main] JpaBaseConfiguration$JpaWebConfiguration : spring.jpa.open-in-view is enabled by default. Therefore, database queries may be performed during view rendering. Explicitly configure spring.jpa.open-in-view to disable this warning
2025-11-10T02:01:54.711+05:30  INFO 10168 --- [main] o.s.m.s.b.SimpleBrokerMessageHandler     : Starting...
2025-11-10T02:01:54.713+05:30  INFO 10168 --- [main] o.s.m.s.b.SimpleBrokerMessageHandler     : BrokerAvailabilityEvent[available=true, SimpleBrokerMessageHandler [org.springframework.messaging.simp.broker.DefaultSubscriptionRegistry@30f0b75]]
2025-11-10T02:01:54.716+05:30  INFO 10168 --- [main] o.s.m.s.b.SimpleBrokerMessageHandler     : Started.
2025-11-10T02:01:54.782+05:30  INFO 10168 --- [main] o.s.b.w.embedded.tomcat.TomcatWebServer  : Tomcat started on port 9090 (http) with context path '/'
2025-11-10T02:01:55.314+05:30  INFO 10168 --- [main] c.f.e.ExpenseTrackerApplication          : Started ExpenseTrackerApplication in 20.57 seconds (process running for 23.037)
2025-11-10T02:02:54.958+05:30  INFO 10168 --- [MessageBroker-1] o.s.w.s.c.WebSocketMessageBrokerStats    : WebSocketSession[0 current WS(0)-HttpStream(0)-HttpPoll(0), 0 total, 0 closed abnormally (0 connect failure, 0 send limit, 0 transport error)], stompSubProtocol[processed CONNECT(0)-CONNECTED(0)-DISCONNECT(0)], stompBrokerRelay[null], inboundChannel[pool size = 0, active threads = 0, queued tasks = 0, completed tasks = 0], outboundChannel[pool size = 0, active threads = 0, queued tasks = 0, completed tasks = 0], sockJsScheduler[pool size = 1, active threads = 1, queued tasks = 0, completed tasks = 0]
2025-11-10T02:06:20.410+05:30  INFO 10168 --- [http-nio-9090-exec-1] o.a.c.c.C.[Tomcat].[localhost].[/]       : Initializing Spring DispatcherServlet 'dispatcherServlet'
2025-11-10T02:06:20.431+05:30  INFO 10168 --- [http-nio-9090-exec-1] o.s.web.servlet.DispatcherServlet        : Initializing Servlet 'dispatcherServlet'
2025-11-10T02:06:20.562+05:30  INFO 10168 --- [http-nio-9090-exec-1] o.s.web.servlet.DispatcherServlet        : Completed initialization in 127 ms
2025-11-10T02:06:23.260+05:30 ERROR 10168 --- [http-nio-9090-exec-2] c.f.e.security.jwt.AuthEntryPointJwt     : Unauthorized error: Full authentication is required to access this resource
2025-11-10T02:06:28.335+05:30 ERROR 10168 --- [http-nio-9090-exec-3] c.f.e.security.jwt.AuthEntryPointJwt     : Unauthorized error: Full authentication is required to access this resource
2025-11-10T02:07:02.771+05:30  INFO 10168 --- [http-nio-9090-exec-9] c.f.e.services.impls.AuthServiceImpl     : Starting user registration for username: Venkathhh, email: yarudaaaaneeeee@gmail.com
2025-11-10T02:07:02.910+05:30  INFO 10168 --- [http-nio-9090-exec-9] c.f.e.services.impls.AuthServiceImpl     : User object created successfully
2025-11-10T02:07:03.052+05:30  INFO 10168 --- [http-nio-9090-exec-9] c.f.e.services.impls.AuthServiceImpl     : User saved to database with ID: 20 and enabled status: true
2025-11-10T02:07:03.060+05:30  INFO 10168 --- [http-nio-9090-exec-9] c.f.e.services.impls.AuthServiceImpl     : Registration successful for user: yarudaaaaneeeee@gmail.com. JWT token generated.
2025-11-10T02:07:03.500+05:30 ERROR 10168 --- [http-nio-9090-exec-2] c.f.e.security.jwt.AuthEntryPointJwt     : Unauthorized error: Full authentication is required to access this resource
2025-11-10T02:07:08.517+05:30 ERROR 10168 --- [http-nio-9090-exec-9] c.f.e.security.jwt.AuthEntryPointJwt     : Unauthorized error: Full authentication is required to access this resource
2025-11-10T02:07:13.529+05:30 ERROR 10168 --- [http-nio-9090-exec-8] c.f.e.security.jwt.AuthEntryPointJwt     : Unauthorized error: Full authentication is required to access this resource
2025-11-10T02:07:18.544+05:30 ERROR 10168 --- [http-nio-9090-exec-3] c.f.e.security.jwt.AuthEntryPointJwt     : Unauthorized error: Full authentication is required to access this resource
2025-11-10T02:07:23.600+05:30 ERROR 10168 --- [http-nio-9090-exec-4] c.f.e.security.jwt.AuthEntryPointJwt     : Unauthorized error: Full authentication is required to access this resource
2025-11-10T02:07:28.615+05:30 ERROR 10168 --- [http-nio-9090-exec-1] c.f.e.security.jwt.AuthEntryPointJwt     : Unauthorized error: Full authentication is required to access this resource
2025-11-10T02:07:33.629+05:30 ERROR 10168 --- [http-nio-9090-exec-6] c.f.e.security.jwt.AuthEntryPointJwt     : Unauthorized error: Full authentication is required to access this resource
2025-11-10T02:07:38.652+05:30 ERROR 10168 --- [http-nio-9090-exec-10] c.f.e.security.jwt.AuthEntryPointJwt     : Unauthorized error: Full authentication is required to access this resource
2025-11-10T02:07:43.668+05:30 ERROR 10168 --- [http-nio-9090-exec-10] c.f.e.security.jwt.AuthEntryPointJwt     : Unauthorized error: Full authentication is required to access this resource
2025-11-10T02:07:48.678+05:30 ERROR 10168 --- [http-nio-9090-exec-8] c.f.e.security.jwt.AuthEntryPointJwt     : Unauthorized error: Full authentication is required to access this resource
2025-11-10T02:07:53.699+05:30 ERROR 10168 --- [http-nio-9090-exec-1] c.f.e.security.jwt.AuthEntryPointJwt     : Unauthorized error: Full authentication is required to access this resource
2025-11-10T02:07:58.714+05:30 ERROR 10168 --- [http-nio-9090-exec-4] c.f.e.security.jwt.AuthEntryPointJwt     : Unauthorized error: Full authentication is required to access this resource
2025-11-10T02:08:04.526+05:30 ERROR 10168 --- [http-nio-9090-exec-10] c.f.e.security.jwt.AuthEntryPointJwt     : Unauthorized error: Full authentication is required to access this resource
2025-11-10T02:08:10.531+05:30 ERROR 10168 --- [http-nio-9090-exec-7] c.f.e.security.jwt.AuthEntryPointJwt     : Unauthorized error: Full authentication is required to access this resource
2025-11-10T02:08:16.533+05:30 ERROR 10168 --- [http-nio-9090-exec-1] c.f.e.security.jwt.AuthEntryPointJwt     : Unauthorized error: Full authentication is required to access this resource
2025-11-10T02:08:22.536+05:30 ERROR 10168 --- [http-nio-9090-exec-3] c.f.e.security.jwt.AuthEntryPointJwt     : Unauthorized error: Full authentication is required to access this resource
2025-11-10T02:08:28.528+05:30 ERROR 10168 --- [http-nio-9090-exec-5] c.f.e.security.jwt.AuthEntryPointJwt     : Unauthorized error: Full authentication is required to access this resource
2025-11-10T02:08:34.530+05:30 ERROR 10168 --- [http-nio-9090-exec-6] c.f.e.security.jwt.AuthEntryPointJwt     : Unauthorized error: Full authentication is required to access this resource
2025-11-10T02:08:40.547+05:30 ERROR 10168 --- [http-nio-9090-exec-5] c.f.e.security.jwt.AuthEntryPointJwt     : Unauthorized error: Full authentication is required to access this resource
2025-11-10T02:08:46.542+05:30 ERROR 10168 --- [http-nio-9090-exec-2] c.f.e.security.jwt.AuthEntryPointJwt     : Unauthorized error: Full authentication is required to access this resource
2025-11-10T02:08:52.532+05:30 ERROR 10168 --- [http-nio-9090-exec-5] c.f.e.security.jwt.AuthEntryPointJwt     : Unauthorized error: Full authentication is required to access this resource
2025-11-10T02:08:58.535+05:30 ERROR 10168 --- [http-nio-9090-exec-6] c.f.e.security.jwt.AuthEntryPointJwt     : Unauthorized error: Full authentication is required to access this resource
2025-11-10T02:09:04.546+05:30 ERROR 10168 --- [http-nio-9090-exec-10] c.f.e.security.jwt.AuthEntryPointJwt     : Unauthorized error: Full authentication is required to access this resource
2025-11-10T02:09:10.526+05:30 ERROR 10168 --- [http-nio-9090-exec-1] c.f.e.security.jwt.AuthEntryPointJwt     : Unauthorized error: Full authentication is required to access this resource
2025-11-10T02:09:15.538+05:30 ERROR 10168 --- [http-nio-9090-exec-7] c.f.e.security.jwt.AuthEntryPointJwt     : Unauthorized error: Full authentication is required to access this resource
2025-11-10T02:09:21.535+05:30 ERROR 10168 --- [http-nio-9090-exec-5] c.f.e.security.jwt.AuthEntryPointJwt     : Unauthorized error: Full authentication is required to access this resource
2025-11-10T02:09:27.873+05:30 ERROR 10168 --- [http-nio-9090-exec-1] c.f.e.security.jwt.AuthEntryPointJwt     : Unauthorized error: Full authentication is required to access this resource
2025-11-10T02:09:33.568+05:30 ERROR 10168 --- [http-nio-9090-exec-3] c.f.e.security.jwt.AuthEntryPointJwt     : Unauthorized error: Full authentication is required to access this resource
2025-11-10T02:09:39.711+05:30 ERROR 10168 --- [http-nio-9090-exec-8] c.f.e.security.jwt.AuthEntryPointJwt     : Unauthorized error: Full authentication is required to access this resource
2025-11-10T02:09:46.929+05:30 ERROR 10168 --- [http-nio-9090-exec-7] c.f.e.security.jwt.AuthEntryPointJwt     : Unauthorized error: Full authentication is required to access this resource
2025-11-10T02:09:56.750+05:30 ERROR 10168 --- [http-nio-9090-exec-5] c.f.e.security.jwt.AuthEntryPointJwt     : Unauthorized error: Full authentication is required to access this resource
2025-11-10T02:11:33.730+05:30  WARN 10168 --- [HikariPool-1:housekeeper] com.zaxxer.hikari.pool.HikariPool        : HikariPool-1 - Thread starvation or clock leap detected (housekeeper delta=48s63ms150µs500ns).
2025-11-10T02:12:39.035+05:30 ERROR 10168 --- [http-nio-9090-exec-8] c.f.e.security.jwt.AuthEntryPointJwt     : Unauthorized error: Full authentication is required to access this resource
2025-11-10T02:13:30.025+05:30 ERROR 10168 --- [http-nio-9090-exec-6] c.f.e.security.jwt.AuthEntryPointJwt     : Unauthorized error: Full authentication is required to access this resource
2025-11-10T02:13:35.120+05:30 ERROR 10168 --- [http-nio-9090-exec-4] c.f.e.security.jwt.AuthEntryPointJwt     : Unauthorized error: Full authentication is required to access this resource
2025-11-10T02:13:37.155+05:30 ERROR 10168 --- [http-nio-9090-exec-5] c.f.e.security.jwt.AuthEntryPointJwt     : Unauthorized error: Full authentication is required to access this resource
2025-11-10T02:13:45.991+05:30 ERROR 10168 --- [http-nio-9090-exec-10] c.f.e.security.jwt.AuthEntryPointJwt     : Unauthorized error: Full authentication is required to access this resource
2025-11-10T02:13:53.886+05:30 ERROR 10168 --- [http-nio-9090-exec-3] c.f.e.security.jwt.AuthEntryPointJwt     : Unauthorized error: Full authentication is required to access this resource
2025-11-10T02:14:03.381+05:30 ERROR 10168 --- [http-nio-9090-exec-2] c.f.e.security.jwt.AuthEntryPointJwt     : Unauthorized error: Full authentication is required to access this resource
2025-11-10T02:17:21.757+05:30 ERROR 10168 --- [http-nio-9090-exec-8] c.f.e.security.jwt.AuthEntryPointJwt     : Unauthorized error: Full authentication is required to access this resource
2025-11-10T02:17:39.663+05:30 ERROR 10168 --- [http-nio-9090-exec-5] c.f.e.security.jwt.AuthEntryPointJwt     : Unauthorized error: Full authentication is required to access this resource
2025-11-10T02:17:45.538+05:30 ERROR 10168 --- [http-nio-9090-exec-10] c.f.e.security.jwt.AuthEntryPointJwt     : Unauthorized error: Full authentication is required to access this resource
2025-11-10T02:17:51.533+05:30 ERROR 10168 --- [http-nio-9090-exec-3] c.f.e.security.jwt.AuthEntryPointJwt     : Unauthorized error: Full authentication is required to access this resource
2025-11-10T02:17:57.549+05:30 ERROR 10168 --- [http-nio-9090-exec-9] c.f.e.security.jwt.AuthEntryPointJwt     : Unauthorized error: Full authentication is required to access this resource
2025-11-10T02:18:03.538+05:30 ERROR 10168 --- [http-nio-9090-exec-6] c.f.e.security.jwt.AuthEntryPointJwt     : Unauthorized error: Full authentication is required to access this resource
2025-11-10T02:18:09.597+05:30 ERROR 10168 --- [http-nio-9090-exec-4] c.f.e.security.jwt.AuthEntryPointJwt     : Unauthorized error: Full authentication is required to access this resource
2025-11-10T02:18:15.539+05:30 ERROR 10168 --- [http-nio-9090-exec-1] c.f.e.security.jwt.AuthEntryPointJwt     : Unauthorized error: Full authentication is required to access this resource
2025-11-10T02:18:21.543+05:30 ERROR 10168 --- [http-nio-9090-exec-7] c.f.e.security.jwt.AuthEntryPointJwt     : Unauthorized error: Full authentication is required to access this resource
2025-11-10T02:18:27.542+05:30 ERROR 10168 --- [http-nio-9090-exec-9] c.f.e.security.jwt.AuthEntryPointJwt     : Unauthorized error: Full authentication is required to access this resource
2025-11-10T02:18:33.537+05:30 ERROR 10168 --- [http-nio-9090-exec-6] c.f.e.security.jwt.AuthEntryPointJwt     : Unauthorized error: Full authentication is required to access this resource
2025-11-10T02:18:39.534+05:30 ERROR 10168 --- [http-nio-9090-exec-8] c.f.e.security.jwt.AuthEntryPointJwt     : Unauthorized error: Full authentication is required to access this resource
2025-11-10T02:18:45.892+05:30 ERROR 10168 --- [http-nio-9090-exec-5] c.f.e.security.jwt.AuthEntryPointJwt     : Unauthorized error: Full authentication is required to access this resource
2025-11-10T02:18:52.545+05:30 ERROR 10168 --- [http-nio-9090-exec-1] c.f.e.security.jwt.AuthEntryPointJwt     : Unauthorized error: Full authentication is required to access this resource
2025-11-10T02:18:58.537+05:30 ERROR 10168 --- [http-nio-9090-exec-7] c.f.e.security.jwt.AuthEntryPointJwt     : Unauthorized error: Full authentication is required to access this resource
2025-11-10T02:19:04.618+05:30 ERROR 10168 --- [http-nio-9090-exec-3] c.f.e.security.jwt.AuthEntryPointJwt     : Unauthorized error: Full authentication is required to access this resource
2025-11-10T02:19:10.538+05:30 ERROR 10168 --- [http-nio-9090-exec-2] c.f.e.security.jwt.AuthEntryPointJwt     : Unauthorized error: Full authentication is required to access this resource
2025-11-10T02:19:16.541+05:30 ERROR 10168 --- [http-nio-9090-exec-8] c.f.e.security.jwt.AuthEntryPointJwt     : Unauthorized error: Full authentication is required to access this resource
2025-11-10T02:19:22.533+05:30 ERROR 10168 --- [http-nio-9090-exec-4] c.f.e.security.jwt.AuthEntryPointJwt     : Unauthorized error: Full authentication is required to access this resource
2025-11-10T02:19:28.534+05:30 ERROR 10168 --- [http-nio-9090-exec-1] c.f.e.security.jwt.AuthEntryPointJwt     : Unauthorized error: Full authentication is required to access this resource
2025-11-10T02:19:34.532+05:30 ERROR 10168 --- [http-nio-9090-exec-10] c.f.e.security.jwt.AuthEntryPointJwt     : Unauthorized error: Full authentication is required to access this resource
2025-11-10T02:19:40.534+05:30 ERROR 10168 --- [http-nio-9090-exec-3] c.f.e.security.jwt.AuthEntryPointJwt     : Unauthorized error: Full authentication is required to access this resource
2025-11-10T02:19:46.528+05:30 ERROR 10168 --- [http-nio-9090-exec-2] c.f.e.security.jwt.AuthEntryPointJwt     : Unauthorized error: Full authentication is required to access this resource
2025-11-10T02:19:52.530+05:30 ERROR 10168 --- [http-nio-9090-exec-6] c.f.e.security.jwt.AuthEntryPointJwt     : Unauthorized error: Full authentication is required to access this resource
2025-11-10T02:19:58.544+05:30 ERROR 10168 --- [http-nio-9090-exec-4] c.f.e.security.jwt.AuthEntryPointJwt     : Unauthorized error: Full authentication is required to access this resource
2025-11-10T02:20:04.535+05:30 ERROR 10168 --- [http-nio-9090-exec-5] c.f.e.security.jwt.AuthEntryPointJwt     : Unauthorized error: Full authentication is required to access this resource
2025-11-10T02:20:10.550+05:30 ERROR 10168 --- [http-nio-9090-exec-10] c.f.e.security.jwt.AuthEntryPointJwt     : Unauthorized error: Full authentication is required to access this resource
2025-11-10T02:20:16.538+05:30 ERROR 10168 --- [http-nio-9090-exec-3] c.f.e.security.jwt.AuthEntryPointJwt     : Unauthorized error: Full authentication is required to access this resource
2025-11-10T02:20:22.531+05:30 ERROR 10168 --- [http-nio-9090-exec-2] c.f.e.security.jwt.AuthEntryPointJwt     : Unauthorized error: Full authentication is required to access this resource
2025-11-10T02:20:28.577+05:30 ERROR 10168 --- [http-nio-9090-exec-8] c.f.e.security.jwt.AuthEntryPointJwt     : Unauthorized error: Full authentication is required to access this resource
2025-11-10T02:20:34.547+05:30 ERROR 10168 --- [http-nio-9090-exec-4] c.f.e.security.jwt.AuthEntryPointJwt     : Unauthorized error: Full authentication is required to access this resource
2025-11-10T02:20:40.532+05:30 ERROR 10168 --- [http-nio-9090-exec-1] c.f.e.security.jwt.AuthEntryPointJwt     : Unauthorized error: Full authentication is required to access this resource
2025-11-10T02:20:46.537+05:30 ERROR 10168 --- [http-nio-9090-exec-7] c.f.e.security.jwt.AuthEntryPointJwt     : Unauthorized error: Full authentication is required to access this resource
2025-11-10T02:20:52.583+05:30 ERROR 10168 --- [http-nio-9090-exec-9] c.f.e.security.jwt.AuthEntryPointJwt     : Unauthorized error: Full authentication is required to access this resource
2025-11-10T02:20:58.545+05:30 ERROR 10168 --- [http-nio-9090-exec-6] c.f.e.security.jwt.AuthEntryPointJwt     : Unauthorized error: Full authentication is required to access this resource
2025-11-10T02:21:04.547+05:30 ERROR 10168 --- [http-nio-9090-exec-4] c.f.e.security.jwt.AuthEntryPointJwt     : Unauthorized error: Full authentication is required to access this resource
2025-11-10T02:21:10.566+05:30 ERROR 10168 --- [http-nio-9090-exec-1] c.f.e.security.jwt.AuthEntryPointJwt     : Unauthorized error: Full authentication is required to access this resource
2025-11-10T02:21:16.537+05:30 ERROR 10168 --- [http-nio-9090-exec-7] c.f.e.security.jwt.AuthEntryPointJwt     : Unauthorized error: Full authentication is required to access this resource
2025-11-10T02:21:22.532+05:30 ERROR 10168 --- [http-nio-9090-exec-9] c.f.e.security.jwt.AuthEntryPointJwt     : Unauthorized error: Full authentication is required to access this resource
2025-11-10T02:21:28.650+05:30 ERROR 10168 --- [http-nio-9090-exec-6] c.f.e.security.jwt.AuthEntryPointJwt     : Unauthorized error: Full authentication is required to access this resource
2025-11-10T02:21:34.590+05:30 ERROR 10168 --- [http-nio-9090-exec-4] c.f.e.security.jwt.AuthEntryPointJwt     : Unauthorized error: Full authentication is required to access this resource
2025-11-10T02:21:40.537+05:30 ERROR 10168 --- [http-nio-9090-exec-1] c.f.e.security.jwt.AuthEntryPointJwt     : Unauthorized error: Full authentication is required to access this resource
2025-11-10T02:21:46.553+05:30 ERROR 10168 --- [http-nio-9090-exec-7] c.f.e.security.jwt.AuthEntryPointJwt     : Unauthorized error: Full authentication is required to access this resource
2025-11-10T02:21:52.540+05:30 ERROR 10168 --- [http-nio-9090-exec-9] c.f.e.security.jwt.AuthEntryPointJwt     : Unauthorized error: Full authentication is required to access this resource
2025-11-10T02:21:58.551+05:30 ERROR 10168 --- [http-nio-9090-exec-6] c.f.e.security.jwt.AuthEntryPointJwt     : Unauthorized error: Full authentication is required to access this resource
2025-11-10T02:22:04.550+05:30 ERROR 10168 --- [http-nio-9090-exec-4] c.f.e.security.jwt.AuthEntryPointJwt     : Unauthorized error: Full authentication is required to access this resource
2025-11-10T02:22:10.543+05:30 ERROR 10168 --- [http-nio-9090-exec-1] c.f.e.security.jwt.AuthEntryPointJwt     : Unauthorized error: Full authentication is required to access this resource
2025-11-10T02:22:16.542+05:30 ERROR 10168 --- [http-nio-9090-exec-7] c.f.e.security.jwt.AuthEntryPointJwt     : Unauthorized error: Full authentication is required to access this resource
2025-11-10T02:22:22.536+05:30 ERROR 10168 --- [http-nio-9090-exec-3] c.f.e.security.jwt.AuthEntryPointJwt     : Unauthorized error: Full authentication is required to access this resource
2025-11-10T02:22:28.538+05:30 ERROR 10168 --- [http-nio-9090-exec-2] c.f.e.security.jwt.AuthEntryPointJwt     : Unauthorized error: Full authentication is required to access this resource
2025-11-10T02:22:34.590+05:30 ERROR 10168 --- [http-nio-9090-exec-6] c.f.e.security.jwt.AuthEntryPointJwt     : Unauthorized error: Full authentication is required to access this resource
2025-11-10T02:22:41.536+05:30 ERROR 10168 --- [http-nio-9090-exec-4] c.f.e.security.jwt.AuthEntryPointJwt     : Unauthorized error: Full authentication is required to access this resource
2025-11-10T02:22:47.534+05:30 ERROR 10168 --- [http-nio-9090-exec-1] c.f.e.security.jwt.AuthEntryPointJwt     : Unauthorized error: Full authentication is required to access this resource
2025-11-10T02:22:53.586+05:30 ERROR 10168 --- [http-nio-9090-exec-7] c.f.e.security.jwt.AuthEntryPointJwt     : Unauthorized error: Full authentication is required to access this resource
2025-11-10T02:22:59.564+05:30 ERROR 10168 --- [http-nio-9090-exec-3] c.f.e.security.jwt.AuthEntryPointJwt     : Unauthorized error: Full authentication is required to access this resource
2025-11-10T02:23:05.535+05:30 ERROR 10168 --- [http-nio-9090-exec-2] c.f.e.security.jwt.AuthEntryPointJwt     : Unauthorized error: Full authentication is required to access this resource
2025-11-10T02:23:11.543+05:30 ERROR 10168 --- [http-nio-9090-exec-8] c.f.e.security.jwt.AuthEntryPointJwt     : Unauthorized error: Full authentication is required to access this resource
2025-11-10T02:23:17.549+05:30 ERROR 10168 --- [http-nio-9090-exec-5] c.f.e.security.jwt.AuthEntryPointJwt     : Unauthorized error: Full authentication is required to access this resource
2025-11-10T02:23:23.530+05:30 ERROR 10168 --- [http-nio-9090-exec-10] c.f.e.security.jwt.AuthEntryPointJwt     : Unauthorized error: Full authentication is required to access this resource
2025-11-10T02:23:29.536+05:30 ERROR 10168 --- [http-nio-9090-exec-3] c.f.e.security.jwt.AuthEntryPointJwt     : Unauthorized error: Full authentication is required to access this resource
2025-11-10T02:23:35.532+05:30 ERROR 10168 --- [http-nio-9090-exec-2] c.f.e.security.jwt.AuthEntryPointJwt     : Unauthorized error: Full authentication is required to access this resource
2025-11-10T02:32:55.054+05:30  INFO 10168 --- [MessageBroker-1] o.s.w.s.c.WebSocketMessageBrokerStats    : WebSocketSession[0 current WS(0)-HttpStream(0)-HttpPoll(0), 0 total, 0 closed abnormally (0 connect failure, 0 send limit, 0 transport error)], stompSubProtocol[processed CONNECT(0)-CONNECTED(0)-DISCONNECT(0)], stompBrokerRelay[null], inboundChannel[pool size = 0, active threads = 0, queued tasks = 0, completed tasks = 0], outboundChannel[pool size = 0, active threads = 0, queued tasks = 0, completed tasks = 0], sockJsScheduler[pool size = 2, active threads = 1, queued tasks = 0, completed tasks = 1]
2025-11-10T23:20:41.295+05:30  INFO 19672 --- [main] c.f.e.ExpenseTrackerApplication          : Starting ExpenseTrackerApplication using Java 21.0.9 with PID 19672 (C:\Users\balav\Downloads\Fullstack-Expense-Tracker-main\backend\target\classes started by balav in C:\Users\balav\Downloads\Fullstack-Expense-Tracker-main\backend)
2025-11-10T23:20:41.300+05:30  INFO 19672 --- [main] c.f.e.ExpenseTrackerApplication          : No active profile set, falling back to 1 default profile: "default"
2025-11-10T23:20:43.172+05:30  INFO 19672 --- [main] .s.d.r.c.RepositoryConfigurationDelegate : Bootstrapping Spring Data JPA repositories in DEFAULT mode.
2025-11-10T23:20:43.344+05:30  INFO 19672 --- [main] .s.d.r.c.RepositoryConfigurationDelegate : Finished Spring Data repository scanning in 160 ms. Found 7 JPA repository interfaces.
2025-11-10T23:20:44.637+05:30  INFO 19672 --- [main] o.s.b.w.embedded.tomcat.TomcatWebServer  : Tomcat initialized with port 9090 (http)
2025-11-10T23:20:44.677+05:30  INFO 19672 --- [main] o.apache.catalina.core.StandardService   : Starting service [Tomcat]
2025-11-10T23:20:44.677+05:30  INFO 19672 --- [main] o.apache.catalina.core.StandardEngine    : Starting Servlet engine: [Apache Tomcat/10.1.48]
2025-11-10T23:20:44.806+05:30  INFO 19672 --- [main] o.a.c.c.C.[Tomcat].[localhost].[/]       : Initializing Spring embedded WebApplicationContext
2025-11-10T23:20:44.806+05:30  INFO 19672 --- [main] w.s.c.ServletWebServerApplicationContext : Root WebApplicationContext: initialization completed in 3420 ms
2025-11-10T23:20:45.060+05:30  INFO 19672 --- [main] o.hibernate.jpa.internal.util.LogHelper  : HHH000204: Processing PersistenceUnitInfo [name: default]
2025-11-10T23:20:45.202+05:30  INFO 19672 --- [main] org.hibernate.Version                    : HHH000412: Hibernate ORM core version 6.6.33.Final
2025-11-10T23:20:45.281+05:30  INFO 19672 --- [main] o.h.c.internal.RegionFactoryInitiator    : HHH000026: Second-level cache disabled
2025-11-10T23:20:46.113+05:30  INFO 19672 --- [main] o.s.o.j.p.SpringPersistenceUnitInfo      : No LoadTimeWeaver setup: ignoring JPA class transformer
2025-11-10T23:20:46.190+05:30  INFO 19672 --- [main] com.zaxxer.hikari.HikariDataSource       : HikariPool-1 - Starting...
2025-11-10T23:20:47.158+05:30  INFO 19672 --- [main] com.zaxxer.hikari.pool.HikariPool        : HikariPool-1 - Added connection com.mysql.cj.jdbc.ConnectionImpl@351ede23
2025-11-10T23:20:47.161+05:30  INFO 19672 --- [main] com.zaxxer.hikari.HikariDataSource       : HikariPool-1 - Start completed.
2025-11-10T23:20:47.363+05:30  INFO 19672 --- [main] org.hibernate.orm.connections.pooling    : HHH10001005: Database info:
	Database JDBC URL [Connecting through datasource 'HikariDataSource (HikariPool-1)']
	Database driver: undefined/unknown
	Database version: 8.0.44
	Autocommit mode: undefined/unknown
	Isolation level: undefined/unknown
	Minimum pool size: undefined/unknown
	Maximum pool size: undefined/unknown
2025-11-10T23:20:49.993+05:30  INFO 19672 --- [main] o.h.e.t.j.p.i.JtaPlatformInitiator       : HHH000489: No JTA platform available (set 'hibernate.transaction.jta.platform' to enable JTA platform integration)
2025-11-10T23:20:50.730+05:30  INFO 19672 --- [main] j.LocalContainerEntityManagerFactoryBean : Initialized JPA EntityManagerFactory for persistence unit 'default'
2025-11-10T23:20:51.370+05:30  INFO 19672 --- [main] o.s.d.j.r.query.QueryEnhancerFactory     : Hibernate is in classpath; If applicable, HQL parser will be used.
2025-11-10T23:20:52.753+05:30  INFO 19672 --- [main] eAuthenticationProviderManagerConfigurer : Global AuthenticationManager configured with AuthenticationProvider bean with name authenticationProvider
2025-11-10T23:20:52.757+05:30  WARN 19672 --- [main] r$InitializeUserDetailsManagerConfigurer : Global AuthenticationManager configured with an AuthenticationProvider bean. UserDetailsService beans will not be used by Spring Security for automatically configuring username/password login. Consider removing the AuthenticationProvider bean. Alternatively, consider using the UserDetailsService in a manually instantiated DaoAuthenticationProvider. If the current configuration is intentional, to turn off this warning, increase the logging level of 'org.springframework.security.config.annotation.authentication.configuration.InitializeUserDetailsBeanManagerConfigurer' to ERROR
2025-11-10T23:20:53.107+05:30  WARN 19672 --- [main] JpaBaseConfiguration$JpaWebConfiguration : spring.jpa.open-in-view is enabled by default. Therefore, database queries may be performed during view rendering. Explicitly configure spring.jpa.open-in-view to disable this warning
2025-11-10T23:20:54.670+05:30  INFO 19672 --- [main] o.s.m.s.b.SimpleBrokerMessageHandler     : Starting...
2025-11-10T23:20:54.672+05:30  INFO 19672 --- [main] o.s.m.s.b.SimpleBrokerMessageHandler     : BrokerAvailabilityEvent[available=true, SimpleBrokerMessageHandler [org.springframework.messaging.simp.broker.DefaultSubscriptionRegistry@2100b770]]
2025-11-10T23:20:54.672+05:30  INFO 19672 --- [main] o.s.m.s.b.SimpleBrokerMessageHandler     : Started.
2025-11-10T23:20:54.740+05:30  INFO 19672 --- [main] o.s.b.w.embedded.tomcat.TomcatWebServer  : Tomcat started on port 9090 (http) with context path '/'
2025-11-10T23:20:55.210+05:30  INFO 19672 --- [main] c.f.e.ExpenseTrackerApplication          : Started ExpenseTrackerApplication in 14.97 seconds (process running for 15.969)
2025-11-10T23:21:54.681+05:30  INFO 19672 --- [MessageBroker-1] o.s.w.s.c.WebSocketMessageBrokerStats    : WebSocketSession[0 current WS(0)-HttpStream(0)-HttpPoll(0), 0 total, 0 closed abnormally (0 connect failure, 0 send limit, 0 transport error)], stompSubProtocol[processed CONNECT(0)-CONNECTED(0)-DISCONNECT(0)], stompBrokerRelay[null], inboundChannel[pool size = 0, active threads = 0, queued tasks = 0, completed tasks = 0], outboundChannel[pool size = 0, active threads = 0, queued tasks = 0, completed tasks = 0], sockJsScheduler[pool size = 1, active threads = 1, queued tasks = 0, completed tasks = 0]
2025-11-10T23:23:52.480+05:30  INFO 19672 --- [http-nio-9090-exec-1] o.a.c.c.C.[Tomcat].[localhost].[/]       : Initializing Spring DispatcherServlet 'dispatcherServlet'
2025-11-10T23:23:52.483+05:30  INFO 19672 --- [http-nio-9090-exec-1] o.s.web.servlet.DispatcherServlet        : Initializing Servlet 'dispatcherServlet'
2025-11-10T23:23:52.506+05:30  INFO 19672 --- [http-nio-9090-exec-1] o.s.web.servlet.DispatcherServlet        : Completed initialization in 23 ms
2025-11-10T23:23:52.603+05:30 ERROR 19672 --- [http-nio-9090-exec-1] c.f.e.security.jwt.AuthEntryPointJwt     : Unauthorized error: Full authentication is required to access this resource
2025-11-10T23:23:52.683+05:30 ERROR 19672 --- [http-nio-9090-exec-1] c.f.e.security.jwt.AuthEntryPointJwt     : Unauthorized error: Full authentication is required to access this resource
2025-11-10T23:23:52.689+05:30 ERROR 19672 --- [http-nio-9090-exec-2] c.f.e.security.jwt.AuthEntryPointJwt     : Unauthorized error: Full authentication is required to access this resource
2025-11-10T23:23:53.121+05:30 ERROR 19672 --- [http-nio-9090-exec-3] c.f.e.security.jwt.AuthEntryPointJwt     : Unauthorized error: Full authentication is required to access this resource
2025-11-10T23:23:53.140+05:30 ERROR 19672 --- [http-nio-9090-exec-4] c.f.e.security.jwt.AuthEntryPointJwt     : Unauthorized error: Full authentication is required to access this resource
2025-11-10T23:23:53.160+05:30 ERROR 19672 --- [http-nio-9090-exec-5] c.f.e.security.jwt.AuthEntryPointJwt     : Unauthorized error: Full authentication is required to access this resource
2025-11-10T23:29:14.363+05:30 ERROR 19672 --- [http-nio-9090-exec-8] c.f.e.security.jwt.AuthEntryPointJwt     : Unauthorized error: Full authentication is required to access this resource
2025-11-10T23:29:14.610+05:30 ERROR 19672 --- [http-nio-9090-exec-9] c.f.e.security.jwt.AuthEntryPointJwt     : Unauthorized error: Full authentication is required to access this resource
2025-11-10T23:32:01.362+05:30 ERROR 19672 --- [http-nio-9090-exec-2] c.f.e.security.jwt.AuthEntryPointJwt     : Unauthorized error: Full authentication is required to access this resource
2025-11-10T23:32:06.566+05:30 ERROR 19672 --- [http-nio-9090-exec-4] c.f.e.security.jwt.AuthEntryPointJwt     : Unauthorized error: Full authentication is required to access this resource
2025-11-10T23:32:12.550+05:30 ERROR 19672 --- [http-nio-9090-exec-5] c.f.e.security.jwt.AuthEntryPointJwt     : Unauthorized error: Full authentication is required to access this resource
2025-11-10T23:32:18.555+05:30 ERROR 19672 --- [http-nio-9090-exec-7] c.f.e.security.jwt.AuthEntryPointJwt     : Unauthorized error: Full authentication is required to access this resource
2025-11-10T23:32:24.554+05:30 ERROR 19672 --- [http-nio-9090-exec-9] c.f.e.security.jwt.AuthEntryPointJwt     : Unauthorized error: Full authentication is required to access this resource
2025-11-10T23:32:30.550+05:30 ERROR 19672 --- [http-nio-9090-exec-1] c.f.e.security.jwt.AuthEntryPointJwt     : Unauthorized error: Full authentication is required to access this resource
2025-11-10T23:32:36.550+05:30 ERROR 19672 --- [http-nio-9090-exec-3] c.f.e.security.jwt.AuthEntryPointJwt     : Unauthorized error: Full authentication is required to access this resource
2025-11-10T23:32:42.550+05:30 ERROR 19672 --- [http-nio-9090-exec-4] c.f.e.security.jwt.AuthEntryPointJwt     : Unauthorized error: Full authentication is required to access this resource
2025-11-10T23:32:48.563+05:30 ERROR 19672 --- [http-nio-9090-exec-5] c.f.e.security.jwt.AuthEntryPointJwt     : Unauthorized error: Full authentication is required to access this resource
2025-11-10T23:32:54.571+05:30 ERROR 19672 --- [http-nio-9090-exec-7] c.f.e.security.jwt.AuthEntryPointJwt     : Unauthorized error: Full authentication is required to access this resource
2025-11-10T23:33:00.581+05:30 ERROR 19672 --- [http-nio-9090-exec-8] c.f.e.security.jwt.AuthEntryPointJwt     : Unauthorized error: Full authentication is required to access this resource
2025-11-10T23:33:06.552+05:30 ERROR 19672 --- [http-nio-9090-exec-10] c.f.e.security.jwt.AuthEntryPointJwt     : Unauthorized error: Full authentication is required to access this resource
2025-11-10T23:33:12.551+05:30 ERROR 19672 --- [http-nio-9090-exec-2] c.f.e.security.jwt.AuthEntryPointJwt     : Unauthorized error: Full authentication is required to access this resource
2025-11-10T23:33:18.564+05:30 ERROR 19672 --- [http-nio-9090-exec-3] c.f.e.security.jwt.AuthEntryPointJwt     : Unauthorized error: Full authentication is required to access this resource
2025-11-10T23:33:24.568+05:30 ERROR 19672 --- [http-nio-9090-exec-5] c.f.e.security.jwt.AuthEntryPointJwt     : Unauthorized error: Full authentication is required to access this resource
2025-11-10T23:33:30.556+05:30 ERROR 19672 --- [http-nio-9090-exec-6] c.f.e.security.jwt.AuthEntryPointJwt     : Unauthorized error: Full authentication is required to access this resource
2025-11-10T23:33:36.560+05:30 ERROR 19672 --- [http-nio-9090-exec-8] c.f.e.security.jwt.AuthEntryPointJwt     : Unauthorized error: Full authentication is required to access this resource
2025-11-10T23:33:42.552+05:30 ERROR 19672 --- [http-nio-9090-exec-10] c.f.e.security.jwt.AuthEntryPointJwt     : Unauthorized error: Full authentication is required to access this resource
2025-11-10T23:33:48.541+05:30 ERROR 19672 --- [http-nio-9090-exec-1] c.f.e.security.jwt.AuthEntryPointJwt     : Unauthorized error: Full authentication is required to access this resource
2025-11-10T23:33:54.545+05:30 ERROR 19672 --- [http-nio-9090-exec-3] c.f.e.security.jwt.AuthEntryPointJwt     : Unauthorized error: Full authentication is required to access this resource
2025-11-10T23:34:00.547+05:30 ERROR 19672 --- [http-nio-9090-exec-4] c.f.e.security.jwt.AuthEntryPointJwt     : Unauthorized error: Full authentication is required to access this resource
2025-11-10T23:34:06.561+05:30 ERROR 19672 --- [http-nio-9090-exec-6] c.f.e.security.jwt.AuthEntryPointJwt     : Unauthorized error: Full authentication is required to access this resource
2025-11-10T23:34:12.560+05:30 ERROR 19672 --- [http-nio-9090-exec-8] c.f.e.security.jwt.AuthEntryPointJwt     : Unauthorized error: Full authentication is required to access this resource
2025-11-10T23:34:18.555+05:30 ERROR 19672 --- [http-nio-9090-exec-9] c.f.e.security.jwt.AuthEntryPointJwt     : Unauthorized error: Full authentication is required to access this resource
2025-11-10T23:34:24.549+05:30 ERROR 19672 --- [http-nio-9090-exec-1] c.f.e.security.jwt.AuthEntryPointJwt     : Unauthorized error: Full authentication is required to access this resource
2025-11-10T23:34:30.548+05:30 ERROR 19672 --- [http-nio-9090-exec-2] c.f.e.security.jwt.AuthEntryPointJwt     : Unauthorized error: Full authentication is required to access this resource
2025-11-10T23:34:36.563+05:30 ERROR 19672 --- [http-nio-9090-exec-4] c.f.e.security.jwt.AuthEntryPointJwt     : Unauthorized error: Full authentication is required to access this resource
2025-11-10T23:34:42.547+05:30 ERROR 19672 --- [http-nio-9090-exec-6] c.f.e.security.jwt.AuthEntryPointJwt     : Unauthorized error: Full authentication is required to access this resource
2025-11-10T23:34:48.562+05:30 ERROR 19672 --- [http-nio-9090-exec-7] c.f.e.security.jwt.AuthEntryPointJwt     : Unauthorized error: Full authentication is required to access this resource
2025-11-10T23:34:54.570+05:30 ERROR 19672 --- [http-nio-9090-exec-9] c.f.e.security.jwt.AuthEntryPointJwt     : Unauthorized error: Full authentication is required to access this resource
2025-11-10T23:35:00.553+05:30 ERROR 19672 --- [http-nio-9090-exec-10] c.f.e.security.jwt.AuthEntryPointJwt     : Unauthorized error: Full authentication is required to access this resource
2025-11-10T23:35:06.551+05:30 ERROR 19672 --- [http-nio-9090-exec-2] c.f.e.security.jwt.AuthEntryPointJwt     : Unauthorized error: Full authentication is required to access this resource
2025-11-10T23:35:12.571+05:30 ERROR 19672 --- [http-nio-9090-exec-4] c.f.e.security.jwt.AuthEntryPointJwt     : Unauthorized error: Full authentication is required to access this resource
2025-11-10T23:35:18.561+05:30 ERROR 19672 --- [http-nio-9090-exec-5] c.f.e.security.jwt.AuthEntryPointJwt     : Unauthorized error: Full authentication is required to access this resource
2025-11-10T23:35:24.560+05:30 ERROR 19672 --- [http-nio-9090-exec-7] c.f.e.security.jwt.AuthEntryPointJwt     : Unauthorized error: Full authentication is required to access this resource
2025-11-10T23:35:30.576+05:30 ERROR 19672 --- [http-nio-9090-exec-8] c.f.e.security.jwt.AuthEntryPointJwt     : Unauthorized error: Full authentication is required to access this resource
2025-11-10T23:35:36.564+05:30 ERROR 19672 --- [http-nio-9090-exec-10] c.f.e.security.jwt.AuthEntryPointJwt     : Unauthorized error: Full authentication is required to access this resource
2025-11-10T23:35:42.554+05:30 ERROR 19672 --- [http-nio-9090-exec-1] c.f.e.security.jwt.AuthEntryPointJwt     : Unauthorized error: Full authentication is required to access this resource
2025-11-10T23:35:48.547+05:30 ERROR 19672 --- [http-nio-9090-exec-2] c.f.e.security.jwt.AuthEntryPointJwt     : Unauthorized error: Full authentication is required to access this resource
