#
# There is insufficient memory for the Java Runtime Environment to continue.
# Native memory allocation (malloc) failed to allocate 2032112 bytes for Chunk::new
# Possible reasons:
#   The system is out of physical RAM or swap space
#   The process is running with CompressedOops enabled, and the Java Heap may be blocking the growth of the native heap
# Possible solutions:
#   Reduce memory load on the system
#   Increase physical memory or swap space
#   Check if swap backing store is full
#   Decrease Java heap size (-Xmx/-Xms)
#   Decrease number of Java threads
#   Decrease Java thread stack sizes (-Xss)
#   Set larger code cache with -XX:ReservedCodeCacheSize=
#   JVM is running with Unscaled Compressed Oops mode in which the Java heap is
#     placed in the first 4GB address space. The Java Heap base address is the
#     maximum limit for the native heap growth. Please use -XX:HeapBaseMinAddress
#     to set the Java Heap base and to place the Java Heap above 4GB virtual address.
# This output file may be truncated or incomplete.
#
#  Out of Memory Error (arena.cpp:168), pid=13116, tid=36212
#
# JRE version: Java(TM) SE Runtime Environment (21.0.9+7) (build 21.0.9+7-LTS-338)
# Java VM: Java HotSpot(TM) 64-Bit Server VM (21.0.9+7-LTS-338, mixed mode, sharing, tiered, compressed oops, compressed class ptrs, g1 gc, windows-amd64)
# No core dump will be written. Minidumps are not enabled by default on client versions of Windows
#

---------------  S U M M A R Y ------------

Command Line: -Xmx768m -Dmaven.multiModuleProjectDirectory=C:\Users\balav\Downloads\Fullstack-Expense-Tracker-main\Fullstack-Expense-Tracker-main\backend org.apache.maven.wrapper.MavenWrapperMain spring-boot:run -DskipTests

Host: AMD Ryzen 5 7520U with Radeon Graphics         , 8 cores, 5G,  Windows 11 , 64 bit Build 26100 (10.0.26100.6725)
Time: Mon Nov 10 02:01:33 2025 India Standard Time elapsed time: 10.722440 seconds (0d 0h 0m 10s)

---------------  T H R E A D  ---------------

Current thread (0x000001e1e4105a60):  JavaThread "C2 CompilerThread1" daemon [_thread_in_native, id=36212, stack(0x0000004930d00000,0x0000004930e00000) (1024K)]


Current CompileTask:
C2:  10722 5112       4       org.apache.maven.model.inheritance.DefaultInheritanceAssembler$InheritanceModelMerger::mergePluginContainer_Plugins (433 bytes)

Stack: [0x0000004930d00000,0x0000004930e00000]
Native frames: (J=compiled Java code, j=interpreted, Vv=VM code, C=native code)
V  [jvm.dll+0x6cbf89]
V  [jvm.dll+0x858421]
V  [jvm.dll+0x85a94e]
V  [jvm.dll+0x85b023]
V  [jvm.dll+0x27ebc6]
V  [jvm.dll+0xc4f4d]
V  [jvm.dll+0xc5483]
V  [jvm.dll+0x3b69fc]
V  [jvm.dll+0x382925]
V  [jvm.dll+0x381d9a]
V  [jvm.dll+0x247640]
V  [jvm.dll+0x246c1f]
V  [jvm.dll+0x1c7a3e]
V  [jvm.dll+0x256329]
V  [jvm.dll+0x2548ba]
V  [jvm.dll+0x3efdee]
V  [jvm.dll+0x80265b]
V  [jvm.dll+0x6ca66d]
C  [ucrtbase.dll+0x37b0]
C  [KERNEL32.DLL+0x2e8d7]
C  [ntdll.dll+0x8c53c]


---------------  P R O C E S S  ---------------

Threads class SMR info:
_java_thread_list=0x000001e1e3de0610, length=12, elements={
0x000001e1c33e95b0, 0x000001e1dec34ba0, 0x000001e1dec3a440, 0x000001e1dec3e570,
0x000001e1dec3efd0, 0x000001e1dec4fad0, 0x000001e1dec50530, 0x000001e1dec52d00,
0x000001e1dec537a0, 0x000001e1e30ea080, 0x000001e1e30f8340, 0x000001e1e4105a60
}

Java Threads: ( => current thread )
  0x000001e1c33e95b0 JavaThread "main"                              [_thread_in_native, id=15964, stack(0x000000492f400000,0x000000492f500000) (1024K)]
  0x000001e1dec34ba0 JavaThread "Reference Handler"          daemon [_thread_blocked, id=33060, stack(0x000000492fc00000,0x000000492fd00000) (1024K)]
  0x000001e1dec3a440 JavaThread "Finalizer"                  daemon [_thread_blocked, id=11412, stack(0x000000492fd00000,0x000000492fe00000) (1024K)]
  0x000001e1dec3e570 JavaThread "Signal Dispatcher"          daemon [_thread_blocked, id=8960, stack(0x000000492fe00000,0x000000492ff00000) (1024K)]
  0x000001e1dec3efd0 JavaThread "Attach Listener"            daemon [_thread_blocked, id=16212, stack(0x000000492ff00000,0x0000004930000000) (1024K)]
  0x000001e1dec4fad0 JavaThread "Service Thread"             daemon [_thread_blocked, id=4728, stack(0x0000004930000000,0x0000004930100000) (1024K)]
  0x000001e1dec50530 JavaThread "Monitor Deflation Thread"   daemon [_thread_blocked, id=2748, stack(0x0000004930100000,0x0000004930200000) (1024K)]
  0x000001e1dec52d00 JavaThread "C2 CompilerThread0"         daemon [_thread_blocked, id=7280, stack(0x0000004930200000,0x0000004930300000) (1024K)]
  0x000001e1dec537a0 JavaThread "C1 CompilerThread0"         daemon [_thread_blocked, id=2192, stack(0x0000004930300000,0x0000004930400000) (1024K)]
  0x000001e1e30ea080 JavaThread "Notification Thread"        daemon [_thread_blocked, id=2212, stack(0x0000004930400000,0x0000004930500000) (1024K)]
  0x000001e1e30f8340 JavaThread "Common-Cleaner"             daemon [_thread_blocked, id=20576, stack(0x0000004930500000,0x0000004930600000) (1024K)]
=>0x000001e1e4105a60 JavaThread "C2 CompilerThread1"         daemon [_thread_in_native, id=36212, stack(0x0000004930d00000,0x0000004930e00000) (1024K)]
Total: 12

Other Threads:
  0x000001e1dec1e810 VMThread "VM Thread"                           [id=12104, stack(0x000000492fb00000,0x000000492fc00000) (1024K)]
  0x000001e1dec09ba0 WatcherThread "VM Periodic Task Thread"        [id=30412, stack(0x000000492fa00000,0x000000492fb00000) (1024K)]
  0x000001e1c3416c40 WorkerThread "GC Thread#0"                     [id=33092, stack(0x000000492f500000,0x000000492f600000) (1024K)]
  0x000001e1e3d69e20 WorkerThread "GC Thread#1"                     [id=22424, stack(0x0000004930600000,0x0000004930700000) (1024K)]
  0x000001e1e3c4b000 WorkerThread "GC Thread#2"                     [id=11820, stack(0x0000004930700000,0x0000004930800000) (1024K)]
  0x000001e1e3be64f0 WorkerThread "GC Thread#3"                     [id=10032, stack(0x0000004930800000,0x0000004930900000) (1024K)]
  0x000001e1e3be68a0 WorkerThread "GC Thread#4"                     [id=12652, stack(0x0000004930900000,0x0000004930a00000) (1024K)]
  0x000001e1e3be7050 WorkerThread "GC Thread#5"                     [id=24108, stack(0x0000004930a00000,0x0000004930b00000) (1024K)]
  0x000001e1e3be7810 WorkerThread "GC Thread#6"                     [id=16964, stack(0x0000004930b00000,0x0000004930c00000) (1024K)]
  0x000001e1e3be81d0 WorkerThread "GC Thread#7"                     [id=11720, stack(0x0000004930c00000,0x0000004930d00000) (1024K)]
  0x000001e1c341f2c0 ConcurrentGCThread "G1 Main Marker"            [id=8308, stack(0x000000492f600000,0x000000492f700000) (1024K)]
  0x000001e1c3421980 WorkerThread "G1 Conc#0"                       [id=25544, stack(0x000000492f700000,0x000000492f800000) (1024K)]
  0x000001e1c34ac510 ConcurrentGCThread "G1 Refine#0"               [id=15528, stack(0x000000492f800000,0x000000492f900000) (1024K)]
  0x000001e1c34ad090 ConcurrentGCThread "G1 Service"                [id=16288, stack(0x000000492f900000,0x000000492fa00000) (1024K)]
Total: 14

Threads with active compile tasks:
C2 CompilerThread1    10752 5112       4       org.apache.maven.model.inheritance.DefaultInheritanceAssembler$InheritanceModelMerger::mergePluginContainer_Plugins (433 bytes)
Total: 1

VM state: not at safepoint (normal execution)

VM Mutex/Monitor currently owned by a thread: None

Heap address: 0x00000000d0000000, size: 768 MB, Compressed Oops mode: 32-bit

CDS archive(s) mapped at: [0x000001e180000000-0x000001e180c90000-0x000001e180c90000), size 13172736, SharedBaseAddress: 0x000001e180000000, ArchiveRelocationMode: 1.
Compressed class space mapped at: 0x000001e181000000-0x000001e1c1000000, reserved size: 1073741824
Narrow klass base: 0x000001e180000000, Narrow klass shift: 0, Narrow klass range: 0x100000000

GC Precious Log:
 CardTable entry size: 512
 Card Set container configuration: InlinePtr #cards 5 size 8 Array Of Cards #cards 12 size 40 Howl #buckets 4 coarsen threshold 1843 Howl Bitmap #cards 512 size 80 coarsen threshold 460 Card regions per heap region 1 cards per card region 2048
 CPUs: 8 total, 8 available
 Memory: 5965M
 Large Page Support: Disabled
 NUMA Support: Disabled
 Compressed Oops: Enabled (32-bit)
 Heap Region Size: 1M
 Heap Min Capacity: 8M
 Heap Initial Capacity: 94M
 Heap Max Capacity: 768M
 Pre-touch: Disabled
 Parallel Workers: 8
 Concurrent Workers: 2
 Concurrent Refinement Workers: 8
 Periodic GC: Disabled

Heap:
 garbage-first heap   total 104448K, used 42060K [0x00000000d0000000, 0x0000000100000000)
  region size 1024K, 22 young (22528K), 5 survivors (5120K)
 Metaspace       used 19944K, committed 20288K, reserved 1114112K
  class space    used 2163K, committed 2304K, reserved 1048576K

Heap Regions: E=young(eden), S=young(survivor), O=old, HS=humongous(starts), HC=humongous(continues), CS=collection set, F=free, TAMS=top-at-mark-start, PB=parsable bottom
|   0|0x00000000d0000000, 0x00000000d0100000, 0x00000000d0100000|100%| O|  |TAMS 0x00000000d0000000| PB 0x00000000d0000000| Untracked 
|   1|0x00000000d0100000, 0x00000000d0200000, 0x00000000d0200000|100%| O|  |TAMS 0x00000000d0100000| PB 0x00000000d0100000| Untracked 
|   2|0x00000000d0200000, 0x00000000d0300000, 0x00000000d0300000|100%| O|  |TAMS 0x00000000d0200000| PB 0x00000000d0200000| Untracked 
|   3|0x00000000d0300000, 0x00000000d0400000, 0x00000000d0400000|100%| O|  |TAMS 0x00000000d0300000| PB 0x00000000d0300000| Untracked 
|   4|0x00000000d0400000, 0x00000000d0500000, 0x00000000d0500000|100%| O|  |TAMS 0x00000000d0400000| PB 0x00000000d0400000| Untracked 
|   5|0x00000000d0500000, 0x00000000d0600000, 0x00000000d0600000|100%| O|  |TAMS 0x00000000d0500000| PB 0x00000000d0500000| Untracked 
|   6|0x00000000d0600000, 0x00000000d0700000, 0x00000000d0700000|100%| O|  |TAMS 0x00000000d0600000| PB 0x00000000d0600000| Untracked 
|   7|0x00000000d0700000, 0x00000000d0800000, 0x00000000d0800000|100%| O|  |TAMS 0x00000000d0700000| PB 0x00000000d0700000| Untracked 
|   8|0x00000000d0800000, 0x00000000d0900000, 0x00000000d0900000|100%| O|  |TAMS 0x00000000d0800000| PB 0x00000000d0800000| Untracked 
|   9|0x00000000d0900000, 0x00000000d0a00000, 0x00000000d0a00000|100%| O|  |TAMS 0x00000000d0900000| PB 0x00000000d0900000| Untracked 
|  10|0x00000000d0a00000, 0x00000000d0b00000, 0x00000000d0b00000|100%| O|  |TAMS 0x00000000d0a00000| PB 0x00000000d0a00000| Untracked 
|  11|0x00000000d0b00000, 0x00000000d0c00000, 0x00000000d0c00000|100%| O|  |TAMS 0x00000000d0b00000| PB 0x00000000d0b00000| Untracked 
|  12|0x00000000d0c00000, 0x00000000d0d00000, 0x00000000d0d00000|100%| O|  |TAMS 0x00000000d0c00000| PB 0x00000000d0c00000| Untracked 
|  13|0x00000000d0d00000, 0x00000000d0e00000, 0x00000000d0e00000|100%|HS|  |TAMS 0x00000000d0d00000| PB 0x00000000d0d00000| Complete 
|  14|0x00000000d0e00000, 0x00000000d0f00000, 0x00000000d0f00000|100%|HS|  |TAMS 0x00000000d0e00000| PB 0x00000000d0e00000| Complete 
|  15|0x00000000d0f00000, 0x00000000d1000000, 0x00000000d1000000|100%|HS|  |TAMS 0x00000000d0f00000| PB 0x00000000d0f00000| Complete 
|  16|0x00000000d1000000, 0x00000000d1100000, 0x00000000d1100000|100%|HS|  |TAMS 0x00000000d1000000| PB 0x00000000d1000000| Complete 
|  17|0x00000000d1100000, 0x00000000d1100000, 0x00000000d1200000|  0%| F|  |TAMS 0x00000000d1100000| PB 0x00000000d1100000| Untracked 
|  18|0x00000000d1200000, 0x00000000d1200000, 0x00000000d1300000|  0%| F|  |TAMS 0x00000000d1200000| PB 0x00000000d1200000| Untracked 
|  19|0x00000000d1300000, 0x00000000d1300000, 0x00000000d1400000|  0%| F|  |TAMS 0x00000000d1300000| PB 0x00000000d1300000| Untracked 
|  20|0x00000000d1400000, 0x00000000d1400000, 0x00000000d1500000|  0%| F|  |TAMS 0x00000000d1400000| PB 0x00000000d1400000| Untracked 
|  21|0x00000000d1500000, 0x00000000d1500000, 0x00000000d1600000|  0%| F|  |TAMS 0x00000000d1500000| PB 0x00000000d1500000| Untracked 
|  22|0x00000000d1600000, 0x00000000d1600000, 0x00000000d1700000|  0%| F|  |TAMS 0x00000000d1600000| PB 0x00000000d1600000| Untracked 
|  23|0x00000000d1700000, 0x00000000d1700000, 0x00000000d1800000|  0%| F|  |TAMS 0x00000000d1700000| PB 0x00000000d1700000| Untracked 
|  24|0x00000000d1800000, 0x00000000d1800000, 0x00000000d1900000|  0%| F|  |TAMS 0x00000000d1800000| PB 0x00000000d1800000| Untracked 
|  25|0x00000000d1900000, 0x00000000d1900000, 0x00000000d1a00000|  0%| F|  |TAMS 0x00000000d1900000| PB 0x00000000d1900000| Untracked 
|  26|0x00000000d1a00000, 0x00000000d1a00000, 0x00000000d1b00000|  0%| F|  |TAMS 0x00000000d1a00000| PB 0x00000000d1a00000| Untracked 
|  27|0x00000000d1b00000, 0x00000000d1b00000, 0x00000000d1c00000|  0%| F|  |TAMS 0x00000000d1b00000| PB 0x00000000d1b00000| Untracked 
|  28|0x00000000d1c00000, 0x00000000d1c00000, 0x00000000d1d00000|  0%| F|  |TAMS 0x00000000d1c00000| PB 0x00000000d1c00000| Untracked 
|  29|0x00000000d1d00000, 0x00000000d1d00000, 0x00000000d1e00000|  0%| F|  |TAMS 0x00000000d1d00000| PB 0x00000000d1d00000| Untracked 
|  30|0x00000000d1e00000, 0x00000000d1e00000, 0x00000000d1f00000|  0%| F|  |TAMS 0x00000000d1e00000| PB 0x00000000d1e00000| Untracked 
|  31|0x00000000d1f00000, 0x00000000d1f00000, 0x00000000d2000000|  0%| F|  |TAMS 0x00000000d1f00000| PB 0x00000000d1f00000| Untracked 
|  32|0x00000000d2000000, 0x00000000d2000000, 0x00000000d2100000|  0%| F|  |TAMS 0x00000000d2000000| PB 0x00000000d2000000| Untracked 
|  33|0x00000000d2100000, 0x00000000d2100000, 0x00000000d2200000|  0%| F|  |TAMS 0x00000000d2100000| PB 0x00000000d2100000| Untracked 
|  34|0x00000000d2200000, 0x00000000d2200000, 0x00000000d2300000|  0%| F|  |TAMS 0x00000000d2200000| PB 0x00000000d2200000| Untracked 
|  35|0x00000000d2300000, 0x00000000d2300000, 0x00000000d2400000|  0%| F|  |TAMS 0x00000000d2300000| PB 0x00000000d2300000| Untracked 
|  36|0x00000000d2400000, 0x00000000d2400000, 0x00000000d2500000|  0%| F|  |TAMS 0x00000000d2400000| PB 0x00000000d2400000| Untracked 
|  37|0x00000000d2500000, 0x00000000d2500000, 0x00000000d2600000|  0%| F|  |TAMS 0x00000000d2500000| PB 0x00000000d2500000| Untracked 
|  38|0x00000000d2600000, 0x00000000d2600000, 0x00000000d2700000|  0%| F|  |TAMS 0x00000000d2600000| PB 0x00000000d2600000| Untracked 
|  39|0x00000000d2700000, 0x00000000d2700000, 0x00000000d2800000|  0%| F|  |TAMS 0x00000000d2700000| PB 0x00000000d2700000| Untracked 
|  40|0x00000000d2800000, 0x00000000d2800000, 0x00000000d2900000|  0%| F|  |TAMS 0x00000000d2800000| PB 0x00000000d2800000| Untracked 
|  41|0x00000000d2900000, 0x00000000d2900000, 0x00000000d2a00000|  0%| F|  |TAMS 0x00000000d2900000| PB 0x00000000d2900000| Untracked 
|  42|0x00000000d2a00000, 0x00000000d2a00000, 0x00000000d2b00000|  0%| F|  |TAMS 0x00000000d2a00000| PB 0x00000000d2a00000| Untracked 
|  43|0x00000000d2b00000, 0x00000000d2b00000, 0x00000000d2c00000|  0%| F|  |TAMS 0x00000000d2b00000| PB 0x00000000d2b00000| Untracked 
|  44|0x00000000d2c00000, 0x00000000d2c00000, 0x00000000d2d00000|  0%| F|  |TAMS 0x00000000d2c00000| PB 0x00000000d2c00000| Untracked 
|  45|0x00000000d2d00000, 0x00000000d2e00000, 0x00000000d2e00000|100%| S|CS|TAMS 0x00000000d2d00000| PB 0x00000000d2d00000| Complete 
|  46|0x00000000d2e00000, 0x00000000d2e00000, 0x00000000d2f00000|  0%| F|  |TAMS 0x00000000d2e00000| PB 0x00000000d2e00000| Untracked 
|  47|0x00000000d2f00000, 0x00000000d2f00000, 0x00000000d3000000|  0%| F|  |TAMS 0x00000000d2f00000| PB 0x00000000d2f00000| Untracked 
|  48|0x00000000d3000000, 0x00000000d3000000, 0x00000000d3100000|  0%| F|  |TAMS 0x00000000d3000000| PB 0x00000000d3000000| Untracked 
|  49|0x00000000d3100000, 0x00000000d3100000, 0x00000000d3200000|  0%| F|  |TAMS 0x00000000d3100000| PB 0x00000000d3100000| Untracked 
|  50|0x00000000d3200000, 0x00000000d3200000, 0x00000000d3300000|  0%| F|  |TAMS 0x00000000d3200000| PB 0x00000000d3200000| Untracked 
|  51|0x00000000d3300000, 0x00000000d3300000, 0x00000000d3400000|  0%| F|  |TAMS 0x00000000d3300000| PB 0x00000000d3300000| Untracked 
|  52|0x00000000d3400000, 0x00000000d3400000, 0x00000000d3500000|  0%| F|  |TAMS 0x00000000d3400000| PB 0x00000000d3400000| Untracked 
|  53|0x00000000d3500000, 0x00000000d3500000, 0x00000000d3600000|  0%| F|  |TAMS 0x00000000d3500000| PB 0x00000000d3500000| Untracked 
|  54|0x00000000d3600000, 0x00000000d3600000, 0x00000000d3700000|  0%| F|  |TAMS 0x00000000d3600000| PB 0x00000000d3600000| Untracked 
|  55|0x00000000d3700000, 0x00000000d3700000, 0x00000000d3800000|  0%| F|  |TAMS 0x00000000d3700000| PB 0x00000000d3700000| Untracked 
|  56|0x00000000d3800000, 0x00000000d3800000, 0x00000000d3900000|  0%| F|  |TAMS 0x00000000d3800000| PB 0x00000000d3800000| Untracked 
|  57|0x00000000d3900000, 0x00000000d3900000, 0x00000000d3a00000|  0%| F|  |TAMS 0x00000000d3900000| PB 0x00000000d3900000| Untracked 
|  58|0x00000000d3a00000, 0x00000000d3a00000, 0x00000000d3b00000|  0%| F|  |TAMS 0x00000000d3a00000| PB 0x00000000d3a00000| Untracked 
|  59|0x00000000d3b00000, 0x00000000d3b00000, 0x00000000d3c00000|  0%| F|  |TAMS 0x00000000d3b00000| PB 0x00000000d3b00000| Untracked 
|  60|0x00000000d3c00000, 0x00000000d3c00000, 0x00000000d3d00000|  0%| F|  |TAMS 0x00000000d3c00000| PB 0x00000000d3c00000| Untracked 
|  61|0x00000000d3d00000, 0x00000000d3d00000, 0x00000000d3e00000|  0%| F|  |TAMS 0x00000000d3d00000| PB 0x00000000d3d00000| Untracked 
|  62|0x00000000d3e00000, 0x00000000d3e00000, 0x00000000d3f00000|  0%| F|  |TAMS 0x00000000d3e00000| PB 0x00000000d3e00000| Untracked 
|  63|0x00000000d3f00000, 0x00000000d3f00000, 0x00000000d4000000|  0%| F|  |TAMS 0x00000000d3f00000| PB 0x00000000d3f00000| Untracked 
|  64|0x00000000d4000000, 0x00000000d4000000, 0x00000000d4100000|  0%| F|  |TAMS 0x00000000d4000000| PB 0x00000000d4000000| Untracked 
|  65|0x00000000d4100000, 0x00000000d4100000, 0x00000000d4200000|  0%| F|  |TAMS 0x00000000d4100000| PB 0x00000000d4100000| Untracked 
|  66|0x00000000d4200000, 0x00000000d4200000, 0x00000000d4300000|  0%| F|  |TAMS 0x00000000d4200000| PB 0x00000000d4200000| Untracked 
|  67|0x00000000d4300000, 0x00000000d4300000, 0x00000000d4400000|  0%| F|  |TAMS 0x00000000d4300000| PB 0x00000000d4300000| Untracked 
|  68|0x00000000d4400000, 0x00000000d4400000, 0x00000000d4500000|  0%| F|  |TAMS 0x00000000d4400000| PB 0x00000000d4400000| Untracked 
|  69|0x00000000d4500000, 0x00000000d4500000, 0x00000000d4600000|  0%| F|  |TAMS 0x00000000d4500000| PB 0x00000000d4500000| Untracked 
|  70|0x00000000d4600000, 0x00000000d4600000, 0x00000000d4700000|  0%| F|  |TAMS 0x00000000d4600000| PB 0x00000000d4600000| Untracked 
|  71|0x00000000d4700000, 0x00000000d4700000, 0x00000000d4800000|  0%| F|  |TAMS 0x00000000d4700000| PB 0x00000000d4700000| Untracked 
|  72|0x00000000d4800000, 0x00000000d4800000, 0x00000000d4900000|  0%| F|  |TAMS 0x00000000d4800000| PB 0x00000000d4800000| Untracked 
|  73|0x00000000d4900000, 0x00000000d4900000, 0x00000000d4a00000|  0%| F|  |TAMS 0x00000000d4900000| PB 0x00000000d4900000| Untracked 
|  74|0x00000000d4a00000, 0x00000000d4a00000, 0x00000000d4b00000|  0%| F|  |TAMS 0x00000000d4a00000| PB 0x00000000d4a00000| Untracked 
|  75|0x00000000d4b00000, 0x00000000d4b00000, 0x00000000d4c00000|  0%| F|  |TAMS 0x00000000d4b00000| PB 0x00000000d4b00000| Untracked 
|  76|0x00000000d4c00000, 0x00000000d4c00000, 0x00000000d4d00000|  0%| F|  |TAMS 0x00000000d4c00000| PB 0x00000000d4c00000| Untracked 
|  77|0x00000000d4d00000, 0x00000000d4d80000, 0x00000000d4e00000| 50%| E|  |TAMS 0x00000000d4d00000| PB 0x00000000d4d00000| Complete 
|  78|0x00000000d4e00000, 0x00000000d4f00000, 0x00000000d4f00000|100%| E|CS|TAMS 0x00000000d4e00000| PB 0x00000000d4e00000| Complete 
|  79|0x00000000d4f00000, 0x00000000d5000000, 0x00000000d5000000|100%| E|CS|TAMS 0x00000000d4f00000| PB 0x00000000d4f00000| Complete 
|  80|0x00000000d5000000, 0x00000000d5100000, 0x00000000d5100000|100%| E|CS|TAMS 0x00000000d5000000| PB 0x00000000d5000000| Complete 
|  81|0x00000000d5100000, 0x00000000d5200000, 0x00000000d5200000|100%| E|CS|TAMS 0x00000000d5100000| PB 0x00000000d5100000| Complete 
|  82|0x00000000d5200000, 0x00000000d5300000, 0x00000000d5300000|100%| E|CS|TAMS 0x00000000d5200000| PB 0x00000000d5200000| Complete 
|  83|0x00000000d5300000, 0x00000000d5400000, 0x00000000d5400000|100%| E|CS|TAMS 0x00000000d5300000| PB 0x00000000d5300000| Complete 
|  84|0x00000000d5400000, 0x00000000d5500000, 0x00000000d5500000|100%| E|CS|TAMS 0x00000000d5400000| PB 0x00000000d5400000| Complete 
|  85|0x00000000d5500000, 0x00000000d5600000, 0x00000000d5600000|100%| E|CS|TAMS 0x00000000d5500000| PB 0x00000000d5500000| Complete 
|  86|0x00000000d5600000, 0x00000000d5700000, 0x00000000d5700000|100%| E|CS|TAMS 0x00000000d5600000| PB 0x00000000d5600000| Complete 
|  87|0x00000000d5700000, 0x00000000d5800000, 0x00000000d5800000|100%| E|CS|TAMS 0x00000000d5700000| PB 0x00000000d5700000| Complete 
|  88|0x00000000d5800000, 0x00000000d5900000, 0x00000000d5900000|100%| E|CS|TAMS 0x00000000d5800000| PB 0x00000000d5800000| Complete 
|  89|0x00000000d5900000, 0x00000000d5a00000, 0x00000000d5a00000|100%| E|CS|TAMS 0x00000000d5900000| PB 0x00000000d5900000| Complete 
|  90|0x00000000d5a00000, 0x00000000d5b00000, 0x00000000d5b00000|100%| E|CS|TAMS 0x00000000d5a00000| PB 0x00000000d5a00000| Complete 
|  91|0x00000000d5b00000, 0x00000000d5c00000, 0x00000000d5c00000|100%| E|CS|TAMS 0x00000000d5b00000| PB 0x00000000d5b00000| Complete 
|  92|0x00000000d5c00000, 0x00000000d5d00000, 0x00000000d5d00000|100%| E|CS|TAMS 0x00000000d5c00000| PB 0x00000000d5c00000| Complete 
|  93|0x00000000d5d00000, 0x00000000d5e00000, 0x00000000d5e00000|100%| E|CS|TAMS 0x00000000d5d00000| PB 0x00000000d5d00000| Complete 
|  94|0x00000000d5e00000, 0x00000000d5f00000, 0x00000000d5f00000|100%| S|CS|TAMS 0x00000000d5e00000| PB 0x00000000d5e00000| Complete 
|  95|0x00000000d5f00000, 0x00000000d6000000, 0x00000000d6000000|100%| S|CS|TAMS 0x00000000d5f00000| PB 0x00000000d5f00000| Complete 
|  96|0x00000000d6000000, 0x00000000d6100000, 0x00000000d6100000|100%| S|CS|TAMS 0x00000000d6000000| PB 0x00000000d6000000| Complete 
|  97|0x00000000d6100000, 0x00000000d61cc650, 0x00000000d6200000| 79%| S|CS|TAMS 0x00000000d6100000| PB 0x00000000d6100000| Complete 
| 764|0x00000000ffc00000, 0x00000000ffc46ce0, 0x00000000ffd00000| 27%| O|  |TAMS 0x00000000ffc00000| PB 0x00000000ffc00000| Untracked 
| 765|0x00000000ffd00000, 0x00000000ffe00000, 0x00000000ffe00000|100%| O|  |TAMS 0x00000000ffd00000| PB 0x00000000ffd00000| Untracked 
| 766|0x00000000ffe00000, 0x00000000fff00000, 0x00000000fff00000|100%| O|  |TAMS 0x00000000ffe00000| PB 0x00000000ffe00000| Untracked 
| 767|0x00000000fff00000, 0x0000000100000000, 0x0000000100000000|100%| O|  |TAMS 0x00000000fff00000| PB 0x00000000fff00000| Untracked 

Card table byte_map: [0x000001e1db490000,0x000001e1db610000] _byte_map_base: 0x000001e1dae10000

Marking Bits: (CMBitMap*) 0x000001e1c3417350
 Bits: [0x000001e1db610000, 0x000001e1dc210000)

Polling page: 0x000001e1c1a00000

Metaspace:

Usage:
  Non-class:     17.36 MB used.
      Class:      2.11 MB used.
       Both:     19.48 MB used.

Virtual space:
  Non-class space:       64.00 MB reserved,      17.56 MB ( 27%) committed,  1 nodes.
      Class space:        1.00 GB reserved,       2.25 MB ( <1%) committed,  1 nodes.
             Both:        1.06 GB reserved,      19.81 MB (  2%) committed. 

Chunk freelists:
   Non-Class:  14.16 MB
       Class:  13.66 MB
        Both:  27.82 MB

MaxMetaspaceSize: unlimited
CompressedClassSpaceSize: 1.00 GB
Initial GC threshold: 21.00 MB
Current GC threshold: 21.00 MB
CDS: on
 - commit_granule_bytes: 65536.
 - commit_granule_words: 8192.
 - virtual_space_node_default_size: 8388608.
 - enlarge_chunks_in_place: 1.
 - use_allocation_guard: 0.


Internal statistics:

num_allocs_failed_limit: 0.
num_arena_births: 224.
num_arena_deaths: 0.
num_vsnodes_births: 2.
num_vsnodes_deaths: 0.
num_space_committed: 317.
num_space_uncommitted: 0.
num_chunks_returned_to_freelist: 0.
num_chunks_taken_from_freelist: 897.
num_chunk_merges: 0.
num_chunk_splits: 635.
num_chunks_enlarged: 515.
num_inconsistent_stats: 0.

CodeHeap 'non-profiled nmethods': size=120000Kb used=2887Kb max_used=2887Kb free=117112Kb
 bounds [0x000001e1d3370000, 0x000001e1d3650000, 0x000001e1da8a0000]
CodeHeap 'profiled nmethods': size=120000Kb used=11549Kb max_used=11549Kb free=108450Kb
 bounds [0x000001e1cb8a0000, 0x000001e1cc3f0000, 0x000001e1d2dd0000]
CodeHeap 'non-nmethods': size=5760Kb used=1416Kb max_used=1451Kb free=4343Kb
 bounds [0x000001e1d2dd0000, 0x000001e1d3040000, 0x000001e1d3370000]
 total_blobs=5891 nmethods=5385 adapters=410
 compilation: enabled
              stopped_count=0, restarted_count=0
 full_count=0

Compilation events (20 events):
Event: 9.532 Thread 0x000001e1dec537a0 5378       3       java.lang.ProcessEnvironment$CheckedEntrySet$1::hasNext (10 bytes)
Event: 9.532 Thread 0x000001e1dec537a0 nmethod 5378 0x000001e1cc3e3d10 code [0x000001e1cc3e3ec0, 0x000001e1cc3e4098]
Event: 9.532 Thread 0x000001e1dec537a0 5381       3       java.lang.ProcessEnvironment$CheckedEntry::getKey (13 bytes)
Event: 9.532 Thread 0x000001e1dec537a0 nmethod 5381 0x000001e1cc3e4190 code [0x000001e1cc3e4340, 0x000001e1cc3e4608]
Event: 9.532 Thread 0x000001e1dec537a0 5380       3       java.lang.ProcessEnvironment$CheckedEntry::getKey (5 bytes)
Event: 9.533 Thread 0x000001e1dec537a0 nmethod 5380 0x000001e1cc3e4710 code [0x000001e1cc3e48e0, 0x000001e1cc3e4c08]
Event: 9.533 Thread 0x000001e1dec537a0 5382       3       java.lang.ProcessEnvironment$EntryComparator::compare (13 bytes)
Event: 9.533 Thread 0x000001e1dec537a0 nmethod 5382 0x000001e1cc3e4d10 code [0x000001e1cc3e4f20, 0x000001e1cc3e5678]
Event: 9.533 Thread 0x000001e1dec537a0 5379       3       java.lang.ProcessEnvironment$CheckedEntrySet$1::next (5 bytes)
Event: 9.533 Thread 0x000001e1dec537a0 nmethod 5379 0x000001e1cc3e5810 code [0x000001e1cc3e59e0, 0x000001e1cc3e5eb0]
Event: 9.533 Thread 0x000001e1dec537a0 5383       3       java.lang.ProcessEnvironment$EntryComparator::compare (25 bytes)
Event: 9.533 Thread 0x000001e1dec537a0 nmethod 5383 0x000001e1cc3e6010 code [0x000001e1cc3e6200, 0x000001e1cc3e66e0]
Event: 9.561 Thread 0x000001e1dec537a0 5387       3       java.lang.invoke.LambdaForm$Name::<init> (19 bytes)
Event: 9.562 Thread 0x000001e1dec537a0 nmethod 5387 0x000001e1cc3e6890 code [0x000001e1cc3e6ac0, 0x000001e1cc3e7160]
Event: 9.579 Thread 0x000001e1dec537a0 5388       1       java.util.concurrent.CopyOnWriteArrayList::setArray (6 bytes)
Event: 9.579 Thread 0x000001e1dec537a0 nmethod 5388 0x000001e1d3635710 code [0x000001e1d36358a0, 0x000001e1d36359b8]
Event: 9.701 Thread 0x000001e1dec52d00 nmethod 5302 0x000001e1d3635a10 code [0x000001e1d3635ee0, 0x000001e1d363a6f0]
Event: 9.701 Thread 0x000001e1dec52d00 5273       4       java.util.jar.Attributes$Name::hash (148 bytes)
Event: 9.704 Thread 0x000001e1dec52d00 nmethod 5273 0x000001e1d363cc10 code [0x000001e1d363cdc0, 0x000001e1d363d0b8]
Event: 9.704 Thread 0x000001e1dec52d00 5290       4       java.util.ImmutableCollections$MapN::probe (60 bytes)

GC Heap History (12 events):
Event: 2.763 GC heap before
{Heap before GC invocations=0 (full 0):
 garbage-first heap   total 96256K, used 23552K [0x00000000d0000000, 0x0000000100000000)
  region size 1024K, 23 young (23552K), 0 survivors (0K)
 Metaspace       used 5942K, committed 6144K, reserved 1114112K
  class space    used 681K, committed 768K, reserved 1048576K
}
Event: 2.774 GC heap after
{Heap after GC invocations=1 (full 0):
 garbage-first heap   total 96256K, used 3927K [0x00000000d0000000, 0x0000000100000000)
  region size 1024K, 3 young (3072K), 3 survivors (3072K)
 Metaspace       used 5942K, committed 6144K, reserved 1114112K
  class space    used 681K, committed 768K, reserved 1048576K
}
Event: 3.940 GC heap before
{Heap before GC invocations=1 (full 0):
 garbage-first heap   total 96256K, used 34647K [0x00000000d0000000, 0x0000000100000000)
  region size 1024K, 33 young (33792K), 3 survivors (3072K)
 Metaspace       used 10372K, committed 10560K, reserved 1114112K
  class space    used 1221K, committed 1280K, reserved 1048576K
}
Event: 3.952 GC heap after
{Heap after GC invocations=2 (full 0):
 garbage-first heap   total 96256K, used 6144K [0x00000000d0000000, 0x0000000100000000)
  region size 1024K, 2 young (2048K), 2 survivors (2048K)
 Metaspace       used 10372K, committed 10560K, reserved 1114112K
  class space    used 1221K, committed 1280K, reserved 1048576K
}
Event: 6.172 GC heap before
{Heap before GC invocations=2 (full 0):
 garbage-first heap   total 96256K, used 61440K [0x00000000d0000000, 0x0000000100000000)
  region size 1024K, 56 young (57344K), 2 survivors (2048K)
 Metaspace       used 16096K, committed 16320K, reserved 1114112K
  class space    used 1854K, committed 1920K, reserved 1048576K
}
Event: 6.195 GC heap after
{Heap after GC invocations=3 (full 0):
 garbage-first heap   total 96256K, used 13077K [0x00000000d0000000, 0x0000000100000000)
  region size 1024K, 7 young (7168K), 7 survivors (7168K)
 Metaspace       used 16096K, committed 16320K, reserved 1114112K
  class space    used 1854K, committed 1920K, reserved 1048576K
}
Event: 7.422 GC heap before
{Heap before GC invocations=3 (full 0):
 garbage-first heap   total 96256K, used 63253K [0x00000000d0000000, 0x0000000100000000)
  region size 1024K, 56 young (57344K), 7 survivors (7168K)
 Metaspace       used 16654K, committed 16960K, reserved 1114112K
  class space    used 1858K, committed 1984K, reserved 1048576K
}
Event: 7.443 GC heap after
{Heap after GC invocations=4 (full 0):
 garbage-first heap   total 96256K, used 16896K [0x00000000d0000000, 0x0000000100000000)
  region size 1024K, 4 young (4096K), 4 survivors (4096K)
 Metaspace       used 16654K, committed 16960K, reserved 1114112K
  class space    used 1858K, committed 1984K, reserved 1048576K
}
Event: 8.077 GC heap before
{Heap before GC invocations=4 (full 0):
 garbage-first heap   total 96256K, used 58880K [0x00000000d0000000, 0x0000000100000000)
  region size 1024K, 26 young (26624K), 4 survivors (4096K)
 Metaspace       used 17704K, committed 17984K, reserved 1114112K
  class space    used 1968K, committed 2048K, reserved 1048576K
}
Event: 8.083 GC heap after
{Heap after GC invocations=5 (full 0):
 garbage-first heap   total 96256K, used 38638K [0x00000000d0000000, 0x0000000100000000)
  region size 1024K, 5 young (5120K), 5 survivors (5120K)
 Metaspace       used 17704K, committed 17984K, reserved 1114112K
  class space    used 1968K, committed 2048K, reserved 1048576K
}
Event: 9.123 GC heap before
{Heap before GC invocations=5 (full 0):
 garbage-first heap   total 96256K, used 93934K [0x00000000d0000000, 0x0000000100000000)
  region size 1024K, 48 young (49152K), 5 survivors (5120K)
 Metaspace       used 19201K, committed 19520K, reserved 1114112K
  class space    used 2089K, committed 2240K, reserved 1048576K
}
Event: 9.134 GC heap after
{Heap after GC invocations=6 (full 0):
 garbage-first heap   total 104448K, used 21580K [0x00000000d0000000, 0x0000000100000000)
  region size 1024K, 5 young (5120K), 5 survivors (5120K)
 Metaspace       used 19201K, committed 19520K, reserved 1114112K
  class space    used 2089K, committed 2240K, reserved 1048576K
}

Dll operation events (8 events):
Event: 0.029 Loaded shared library C:\Program Files\Java\jdk-21\bin\java.dll
Event: 0.168 Loaded shared library C:\Program Files\Java\jdk-21\bin\jsvml.dll
Event: 0.203 Loaded shared library C:\Program Files\Java\jdk-21\bin\net.dll
Event: 0.210 Loaded shared library C:\Program Files\Java\jdk-21\bin\nio.dll
Event: 0.218 Loaded shared library C:\Program Files\Java\jdk-21\bin\zip.dll
Event: 0.242 Loaded shared library C:\Program Files\Java\jdk-21\bin\jimage.dll
Event: 1.962 Loaded shared library C:\Users\balav\AppData\Local\Temp\jansi-2.4.0-20703637becde7d-jansi.dll
Event: 1.983 Loaded shared library C:\Program Files\Java\jdk-21\bin\verify.dll

Deoptimization events (20 events):
Event: 9.444 Thread 0x000001e1c33e95b0 Uncommon trap: trap_request=0xffffff45 fr.pc=0x000001e1d33f983c relative=0x00000000000006bc
Event: 9.444 Thread 0x000001e1c33e95b0 Uncommon trap: reason=unstable_if action=reinterpret pc=0x000001e1d33f983c method=java.util.jar.Manifest$FastInputStream.readLine([BII)I @ 130 c2
Event: 9.444 Thread 0x000001e1c33e95b0 DEOPT PACKING pc=0x000001e1d33f983c sp=0x000000492f4fd9c0
Event: 9.444 Thread 0x000001e1c33e95b0 DEOPT UNPACKING pc=0x000001e1d2e246a2 sp=0x000000492f4fd950 mode 2
Event: 9.450 Thread 0x000001e1c33e95b0 DEOPT PACKING pc=0x000001e1cbb46a78 sp=0x000000492f4fd830
Event: 9.450 Thread 0x000001e1c33e95b0 DEOPT UNPACKING pc=0x000001e1d2e24e42 sp=0x000000492f4fccf8 mode 0
Event: 9.468 Thread 0x000001e1c33e95b0 Uncommon trap: trap_request=0xffffff45 fr.pc=0x000001e1d35af154 relative=0x0000000000000114
Event: 9.468 Thread 0x000001e1c33e95b0 Uncommon trap: reason=unstable_if action=reinterpret pc=0x000001e1d35af154 method=sun.nio.fs.WindowsPathParser.nextNonSlash(Ljava/lang/String;II)I @ 2 c2
Event: 9.468 Thread 0x000001e1c33e95b0 DEOPT PACKING pc=0x000001e1d35af154 sp=0x000000492f4fd890
Event: 9.468 Thread 0x000001e1c33e95b0 DEOPT UNPACKING pc=0x000001e1d2e246a2 sp=0x000000492f4fd820 mode 2
Event: 9.501 Thread 0x000001e1c33e95b0 DEOPT PACKING pc=0x000001e1cb97777c sp=0x000000492f4fca90
Event: 9.501 Thread 0x000001e1c33e95b0 DEOPT UNPACKING pc=0x000001e1d2e24e42 sp=0x000000492f4fbec8 mode 0
Event: 9.530 Thread 0x000001e1c33e95b0 Uncommon trap: trap_request=0xffffffde fr.pc=0x000001e1d3616594 relative=0x0000000000000074
Event: 9.530 Thread 0x000001e1c33e95b0 Uncommon trap: reason=class_check action=maybe_recompile pc=0x000001e1d3616594 method=java.util.Collections$UnmodifiableMap.size()I @ 4 c2
Event: 9.530 Thread 0x000001e1c33e95b0 DEOPT PACKING pc=0x000001e1d3616594 sp=0x000000492f4fe020
Event: 9.530 Thread 0x000001e1c33e95b0 DEOPT UNPACKING pc=0x000001e1d2e246a2 sp=0x000000492f4fdfa8 mode 2
Event: 9.532 Thread 0x000001e1c33e95b0 Uncommon trap: trap_request=0xffffff76 fr.pc=0x000001e1d35f5e30 relative=0x00000000000005b0
Event: 9.532 Thread 0x000001e1c33e95b0 Uncommon trap: reason=predicate action=maybe_recompile pc=0x000001e1d35f5e30 method=java.util.TimSort.binarySort([Ljava/lang/Object;IIILjava/util/Comparator;)V @ 73 c2
Event: 9.532 Thread 0x000001e1c33e95b0 DEOPT PACKING pc=0x000001e1d35f5e30 sp=0x000000492f4fdbd0
Event: 9.532 Thread 0x000001e1c33e95b0 DEOPT UNPACKING pc=0x000001e1d2e246a2 sp=0x000000492f4fdb80 mode 2

Classes loaded (20 events):
Event: 9.576 Loading class jdk/internal/logger/LazyLoggers$LazyLoggerFactories
Event: 9.577 Loading class jdk/internal/logger/LazyLoggers$LazyLoggerFactories done
Event: 9.578 Loading class jdk/internal/logger/LoggerFinderLoader
Event: 9.578 Loading class jdk/internal/logger/LoggerFinderLoader done
Event: 9.579 Loading class jdk/internal/logger/LoggerFinderLoader$TemporaryLoggerFinder
Event: 9.579 Loading class jdk/internal/logger/LoggerFinderLoader$TemporaryLoggerFinder done
Event: 9.579 Loading class sun/util/logging/internal/LoggingProviderImpl$JULWrapper
Event: 9.580 Loading class sun/util/logging/PlatformLogger$ConfigurableBridge$LoggerConfiguration
Event: 9.580 Loading class sun/util/logging/PlatformLogger$ConfigurableBridge$LoggerConfiguration done
Event: 9.580 Loading class sun/util/logging/internal/LoggingProviderImpl$JULWrapper done
Event: 9.580 Loading class java/lang/System$Logger$Level
Event: 9.581 Loading class java/lang/System$Logger$Level done
Event: 9.582 Loading class sun/misc/Signal
Event: 9.583 Loading class sun/misc/Signal done
Event: 9.583 Loading class sun/misc/SignalHandler
Event: 9.583 Loading class sun/misc/SignalHandler done
Event: 9.583 Loading class sun/misc/Signal$InternalMiscHandler
Event: 9.584 Loading class sun/misc/Signal$InternalMiscHandler done
Event: 9.584 Loading class sun/misc/Signal$SunMiscHandler
Event: 9.584 Loading class sun/misc/Signal$SunMiscHandler done

Classes unloaded (0 events):
No events

Classes redefined (0 events):
No events

Internal exceptions (20 events):
Event: 4.852 Thread 0x000001e1c33e95b0 Exception <a 'java/lang/NoSuchMethodError'{0x00000000d4f59aa8}: 'void java.lang.invoke.DirectMethodHandle$Holder.invokeVirtual(java.lang.Object, java.lang.Object)'> (0x00000000d4f59aa8) 
thrown [s\open\src\hotspot\share\interpreter\linkResolver.cpp, line 773]
Event: 4.946 Thread 0x000001e1c33e95b0 Exception <a 'java/lang/NoSuchMethodError'{0x00000000d4fdb0b8}: 'java.lang.Object java.lang.invoke.DirectMethodHandle$Holder.invokeStaticInit(java.lang.Object, int, int, int, int)'> (0x00000000d4fdb0b8) 
thrown [s\open\src\hotspot\share\interpreter\linkResolver.cpp, line 773]
Event: 5.208 Thread 0x000001e1c33e95b0 Implicit null exception at 0x000001e1d33ec724 to 0x000001e1d33ecd7c
Event: 5.208 Thread 0x000001e1c33e95b0 Implicit null exception at 0x000001e1d33b9720 to 0x000001e1d33b9d6c
Event: 5.414 Thread 0x000001e1c33e95b0 Exception <a 'java/lang/NoSuchMethodError'{0x00000000d47d5988}: 'void java.lang.invoke.DirectMethodHandle$Holder.invokeVirtual(java.lang.Object, java.lang.Object, int)'> (0x00000000d47d5988) 
thrown [s\open\src\hotspot\share\interpreter\linkResolver.cpp, line 773]
Event: 5.416 Thread 0x000001e1c33e95b0 Exception <a 'java/lang/NoSuchMethodError'{0x00000000d47dc978}: 'void java.lang.invoke.DelegatingMethodHandle$Holder.reinvoke_L(java.lang.Object, java.lang.Object, int)'> (0x00000000d47dc978) 
thrown [s\open\src\hotspot\share\interpreter\linkResolver.cpp, line 773]
Event: 5.987 Thread 0x000001e1c33e95b0 Implicit null exception at 0x000001e1d34956b0 to 0x000001e1d3496a08
Event: 5.987 Thread 0x000001e1c33e95b0 Implicit null exception at 0x000001e1d341ca1a to 0x000001e1d341cc24
Event: 5.987 Thread 0x000001e1c33e95b0 Implicit null exception at 0x000001e1d3479d8d to 0x000001e1d347a5f4
Event: 7.583 Thread 0x000001e1c33e95b0 Implicit null exception at 0x000001e1d34701bd to 0x000001e1d3470241
Event: 7.812 Thread 0x000001e1c33e95b0 Exception <a 'java/lang/NoSuchMethodError'{0x00000000d55eae28}: 'java.lang.Object java.lang.invoke.DirectMethodHandle$Holder.newInvokeSpecial(java.lang.Object, java.lang.Object, java.lang.Object, java.lang.Object, java.lang.Object, java.lang.Object, java.lang.Object)'> (0x00000000d55eae28) 
thrown [s\open\src\hotspot\share\interpreter\linkResolver.cpp, line 773]
Event: 7.999 Thread 0x000001e1c33e95b0 Exception <a 'java/lang/NoSuchMethodError'{0x00000000d4b68d88}: 'java.lang.Object java.lang.invoke.DirectMethodHandle$Holder.invokeVirtual(java.lang.Object, java.lang.Object, java.lang.Object)'> (0x00000000d4b68d88) 
thrown [s\open\src\hotspot\share\interpreter\linkResolver.cpp, line 773]
Event: 7.999 Thread 0x000001e1c33e95b0 Exception <a 'java/lang/NoSuchMethodError'{0x00000000d4b6f5e0}: 'void java.lang.invoke.DirectMethodHandle$Holder.invokeSpecial(java.lang.Object, java.lang.Object, java.lang.Object, java.lang.Object, java.lang.Object, java.lang.Object)'> (0x00000000d4b6f5e0) 
thrown [s\open\src\hotspot\share\interpreter\linkResolver.cpp, line 773]
Event: 8.001 Thread 0x000001e1c33e95b0 Exception <a 'java/lang/NoSuchMethodError'{0x00000000d4b797f0}: 'int java.lang.invoke.DirectMethodHandle$Holder.invokeVirtual(java.lang.Object, java.lang.Object)'> (0x00000000d4b797f0) 
thrown [s\open\src\hotspot\share\interpreter\linkResolver.cpp, line 773]
Event: 8.034 Thread 0x000001e1c33e95b0 Exception <a 'java/lang/NoSuchMethodError'{0x00000000d4a4c388}: 'void java.lang.invoke.Invokers$Holder.invokeExact_MT(java.lang.Object, java.lang.Object, int, java.lang.Object)'> (0x00000000d4a4c388) 
thrown [s\open\src\hotspot\share\interpreter\linkResolver.cpp, line 773]
Event: 9.512 Thread 0x000001e1c33e95b0 Exception <a 'java/lang/NoSuchMethodError'{0x00000000d4ec4e70}: 'java.lang.Object java.lang.invoke.DirectMethodHandle$Holder.invokeStaticInit(java.lang.Object, java.lang.Object, int, int, int, int)'> (0x00000000d4ec4e70) 
thrown [s\open\src\hotspot\share\interpreter\linkResolver.cpp, line 773]
Event: 9.556 Thread 0x000001e1c33e95b0 Exception <a 'java/lang/NoSuchMethodError'{0x00000000d4d1acc0}: 'void java.lang.invoke.DirectMethodHandle$Holder.invokeStatic(java.lang.Object, long)'> (0x00000000d4d1acc0) 
thrown [s\open\src\hotspot\share\interpreter\linkResolver.cpp, line 773]
Event: 9.557 Thread 0x000001e1c33e95b0 Exception <a 'java/lang/NoSuchMethodError'{0x00000000d4d1fa68}: 'java.lang.Object java.lang.invoke.DirectMethodHandle$Holder.newInvokeSpecial(java.lang.Object, long)'> (0x00000000d4d1fa68) 
thrown [s\open\src\hotspot\share\interpreter\linkResolver.cpp, line 773]
Event: 9.561 Thread 0x000001e1c33e95b0 Exception <a 'java/lang/NoSuchMethodError'{0x00000000d4d26500}: 'java.lang.Object java.lang.invoke.DirectMethodHandle$Holder.invokeStatic(java.lang.Object, long, java.lang.Object)'> (0x00000000d4d26500) 
thrown [s\open\src\hotspot\share\interpreter\linkResolver.cpp, line 773]
Event: 9.562 Thread 0x000001e1c33e95b0 Exception <a 'java/lang/NoSuchMethodError'{0x00000000d4d29b68}: 'java.lang.Object java.lang.invoke.DirectMethodHandle$Holder.invokeStaticInit(java.lang.Object, long, java.lang.Object)'> (0x00000000d4d29b68) 
thrown [s\open\src\hotspot\share\interpreter\linkResolver.cpp, line 773]

ZGC Phase Switch (0 events):
No events

VM Operations (20 events):
Event: 6.172 Executing VM operation: G1CollectForAllocation (G1 Evacuation Pause)
Event: 6.195 Executing VM operation: G1CollectForAllocation (G1 Evacuation Pause) done
Event: 6.881 Executing VM operation: HandshakeAllThreads (Deoptimize)
Event: 6.881 Executing VM operation: HandshakeAllThreads (Deoptimize) done
Event: 6.887 Executing VM operation: ICBufferFull
Event: 6.887 Executing VM operation: ICBufferFull done
Event: 7.422 Executing VM operation: G1CollectForAllocation (G1 Evacuation Pause)
Event: 7.443 Executing VM operation: G1CollectForAllocation (G1 Evacuation Pause) done
Event: 7.956 Executing VM operation: ICBufferFull
Event: 7.956 Executing VM operation: ICBufferFull done
Event: 8.077 Executing VM operation: G1TryInitiateConcMark (G1 Humongous Allocation)
Event: 8.083 Executing VM operation: G1TryInitiateConcMark (G1 Humongous Allocation) done
Event: 8.742 Executing VM operation: ICBufferFull
Event: 8.743 Executing VM operation: ICBufferFull done
Event: 9.122 Executing VM operation: G1CollectForAllocation (G1 Evacuation Pause)
Event: 9.134 Executing VM operation: G1CollectForAllocation (G1 Evacuation Pause) done
Event: 9.493 Executing VM operation: HandshakeAllThreads (Deoptimize)
Event: 9.493 Executing VM operation: HandshakeAllThreads (Deoptimize) done
Event: 10.501 Executing VM operation: Cleanup
Event: 10.501 Executing VM operation: Cleanup done

Events (14 events):
Event: 0.118 Thread 0x000001e1c33e95b0 Thread added: 0x000001e1c33e95b0
Event: 0.158 Thread 0x000001e1dec34ba0 Thread added: 0x000001e1dec34ba0
Event: 0.159 Thread 0x000001e1dec3a440 Thread added: 0x000001e1dec3a440
Event: 0.160 Thread 0x000001e1dec3e570 Thread added: 0x000001e1dec3e570
Event: 0.160 Thread 0x000001e1dec3efd0 Thread added: 0x000001e1dec3efd0
Event: 0.161 Thread 0x000001e1dec4fad0 Thread added: 0x000001e1dec4fad0
Event: 0.161 Thread 0x000001e1dec50530 Thread added: 0x000001e1dec50530
Event: 0.162 Thread 0x000001e1dec52d00 Thread added: 0x000001e1dec52d00
Event: 0.162 Thread 0x000001e1dec537a0 Thread added: 0x000001e1dec537a0
Event: 0.187 Thread 0x000001e1e30ea080 Thread added: 0x000001e1e30ea080
Event: 0.194 Thread 0x000001e1e30f8340 Thread added: 0x000001e1e30f8340
Event: 2.335 Thread 0x000001e1e3879b20 Thread added: 0x000001e1e3879b20
Event: 2.528 Thread 0x000001e1e3879b20 Thread exited: 0x000001e1e3879b20
Event: 5.207 Thread 0x000001e1e4105a60 Thread added: 0x000001e1e4105a60


Dynamic libraries:
0x00007ff6456f0000 - 0x00007ff645700000 	C:\Program Files\Java\jdk-21\bin\java.exe
0x00007ff8aa4c0000 - 0x00007ff8aa728000 	C:\WINDOWS\SYSTEM32\ntdll.dll
0x00007ff8a9840000 - 0x00007ff8a9909000 	C:\WINDOWS\System32\KERNEL32.DLL
0x00007ff8a7970000 - 0x00007ff8a7d62000 	C:\WINDOWS\System32\KERNELBASE.dll
0x00007ff8a7ea0000 - 0x00007ff8a7feb000 	C:\WINDOWS\System32\ucrtbase.dll
0x00007ff89a930000 - 0x00007ff89a949000 	C:\Program Files\Java\jdk-21\bin\jli.dll
0x00007ff8a8cc0000 - 0x00007ff8a8d74000 	C:\WINDOWS\System32\ADVAPI32.dll
0x00007ff85b8a0000 - 0x00007ff85b8bb000 	C:\Program Files\Java\jdk-21\bin\VCRUNTIME140.dll
0x00007ff8a9aa0000 - 0x00007ff8a9b49000 	C:\WINDOWS\System32\msvcrt.dll
0x00007ff8a8d80000 - 0x00007ff8a8e26000 	C:\WINDOWS\System32\sechost.dll
0x00007ff8a9ff0000 - 0x00007ff8aa108000 	C:\WINDOWS\System32\RPCRT4.dll
0x00007ff8a9670000 - 0x00007ff8a9835000 	C:\WINDOWS\System32\USER32.dll
0x00007ff8a7940000 - 0x00007ff8a7967000 	C:\WINDOWS\System32\win32u.dll
0x00007ff8a8c90000 - 0x00007ff8a8cbb000 	C:\WINDOWS\System32\GDI32.dll
0x00007ff8901e0000 - 0x00007ff890473000 	C:\WINDOWS\WinSxS\amd64_microsoft.windows.common-controls_6595b64144ccf1df_6.0.26100.6899_none_3e0efeeae32e88c1\COMCTL32.dll
0x00007ff8a7d70000 - 0x00007ff8a7e9d000 	C:\WINDOWS\System32\gdi32full.dll
0x00007ff8a81e0000 - 0x00007ff8a8283000 	C:\WINDOWS\System32\msvcp_win.dll
0x00007ff896650000 - 0x00007ff89665b000 	C:\WINDOWS\SYSTEM32\VERSION.dll
0x00007ff8a9c00000 - 0x00007ff8a9c2f000 	C:\WINDOWS\System32\IMM32.DLL
0x00007ff892b70000 - 0x00007ff892b7c000 	C:\Program Files\Java\jdk-21\bin\vcruntime140_1.dll
0x00007ff85e8a0000 - 0x00007ff85e92e000 	C:\Program Files\Java\jdk-21\bin\msvcp140.dll
0x00007ffff89c0000 - 0x00007ffff96dd000 	C:\Program Files\Java\jdk-21\bin\server\jvm.dll
0x00007ff8aa400000 - 0x00007ff8aa474000 	C:\WINDOWS\System32\WS2_32.dll
0x00007ff89ad40000 - 0x00007ff89ad75000 	C:\WINDOWS\SYSTEM32\WINMM.dll
0x00007ff8a74b0000 - 0x00007ff8a750e000 	C:\WINDOWS\SYSTEM32\POWRPROF.dll
0x00007ff8a7490000 - 0x00007ff8a74a4000 	C:\WINDOWS\SYSTEM32\UMPDC.dll
0x00007ff8a6420000 - 0x00007ff8a643b000 	C:\WINDOWS\SYSTEM32\kernel.appcore.dll
0x00007ff890480000 - 0x00007ff89048a000 	C:\Program Files\Java\jdk-21\bin\jimage.dll
0x00007ff8a4fe0000 - 0x00007ff8a5222000 	C:\WINDOWS\SYSTEM32\DBGHELP.DLL
0x00007ff8a9c40000 - 0x00007ff8a9fbb000 	C:\WINDOWS\System32\combase.dll
0x00007ff8a8eb0000 - 0x00007ff8a8f87000 	C:\WINDOWS\System32\OLEAUT32.dll
0x00007ff88c100000 - 0x00007ff88c13c000 	C:\WINDOWS\SYSTEM32\dbgcore.DLL
0x00007ff8a80b0000 - 0x00007ff8a8148000 	C:\WINDOWS\System32\bcryptPrimitives.dll
0x00007ff85ac50000 - 0x00007ff85ac6f000 	C:\Program Files\Java\jdk-21\bin\java.dll
0x00007ff8a8310000 - 0x00007ff8a8a5d000 	C:\WINDOWS\System32\SHELL32.dll
0x00007ff8a77d0000 - 0x00007ff8a793b000 	C:\WINDOWS\System32\wintypes.dll
0x00007ff8a52a0000 - 0x00007ff8a5afd000 	C:\WINDOWS\SYSTEM32\windows.storage.dll
0x00007ff8a9910000 - 0x00007ff8a9a02000 	C:\WINDOWS\System32\SHCORE.dll
0x00007ff8a8e40000 - 0x00007ff8a8ea2000 	C:\WINDOWS\System32\shlwapi.dll
0x00007ff8a7570000 - 0x00007ff8a7599000 	C:\WINDOWS\SYSTEM32\profapi.dll
0x00007ffffbeb0000 - 0x00007ffffbf87000 	C:\Program Files\Java\jdk-21\bin\jsvml.dll
0x00007ff87cea0000 - 0x00007ff87ceb0000 	C:\Program Files\Java\jdk-21\bin\net.dll
0x00007ff89a510000 - 0x00007ff89a62f000 	C:\WINDOWS\SYSTEM32\WINHTTP.dll
0x00007ff8a6990000 - 0x00007ff8a69fb000 	C:\WINDOWS\system32\mswsock.dll
0x00007ff83cf70000 - 0x00007ff83cf86000 	C:\Program Files\Java\jdk-21\bin\nio.dll
0x00007ff83c3c0000 - 0x00007ff83c3d8000 	C:\Program Files\Java\jdk-21\bin\zip.dll
0x0000000069ac0000 - 0x0000000069ae4000 	C:\Users\balav\AppData\Local\Temp\jansi-2.4.0-20703637becde7d-jansi.dll
0x00007ff87c950000 - 0x00007ff87c960000 	C:\Program Files\Java\jdk-21\bin\verify.dll
0x00007ff8a6c40000 - 0x00007ff8a6c5b000 	C:\WINDOWS\SYSTEM32\CRYPTSP.dll
0x00007ff8a6380000 - 0x00007ff8a63bb000 	C:\WINDOWS\system32\rsaenh.dll
0x00007ff8a6a30000 - 0x00007ff8a6a5b000 	C:\WINDOWS\SYSTEM32\USERENV.dll
0x00007ff8a7540000 - 0x00007ff8a7566000 	C:\WINDOWS\SYSTEM32\bcrypt.dll
0x00007ff8a6c60000 - 0x00007ff8a6c6c000 	C:\WINDOWS\SYSTEM32\CRYPTBASE.dll
0x00007ff8a5e20000 - 0x00007ff8a5e54000 	C:\WINDOWS\SYSTEM32\IPHLPAPI.DLL
0x00007ff8aa3f0000 - 0x00007ff8aa3fa000 	C:\WINDOWS\System32\NSI.dll

dbghelp: loaded successfully - version: 4.0.5 - missing functions: none
symbol engine: initialized successfully - sym options: 0x614 - pdb path: .;C:\Program Files\Java\jdk-21\bin;C:\WINDOWS\SYSTEM32;C:\WINDOWS\WinSxS\amd64_microsoft.windows.common-controls_6595b64144ccf1df_6.0.26100.6899_none_3e0efeeae32e88c1;C:\Program Files\Java\jdk-21\bin\server;C:\Users\balav\AppData\Local\Temp

VM Arguments:
jvm_args: -Xmx768m -Dmaven.multiModuleProjectDirectory=C:\Users\balav\Downloads\Fullstack-Expense-Tracker-main\Fullstack-Expense-Tracker-main\backend 
java_command: org.apache.maven.wrapper.MavenWrapperMain spring-boot:run -DskipTests
java_class_path (initial): C:\Users\balav\Downloads\Fullstack-Expense-Tracker-main\Fullstack-Expense-Tracker-main\backend\.mvn\wrapper\maven-wrapper.jar
Launcher Type: SUN_STANDARD

[Global flags]
     intx CICompilerCount                          = 4                                         {product} {ergonomic}
     uint ConcGCThreads                            = 2                                         {product} {ergonomic}
     uint G1ConcRefinementThreads                  = 8                                         {product} {ergonomic}
   size_t G1HeapRegionSize                         = 1048576                                   {product} {ergonomic}
    uintx GCDrainStackTargetSize                   = 64                                        {product} {ergonomic}
   size_t InitialHeapSize                          = 98566144                                  {product} {ergonomic}
   size_t MarkStackSize                            = 4194304                                   {product} {ergonomic}
   size_t MaxHeapSize                              = 805306368                                 {product} {command line}
   size_t MaxNewSize                               = 482344960                                 {product} {ergonomic}
   size_t MinHeapDeltaBytes                        = 1048576                                   {product} {ergonomic}
   size_t MinHeapSize                              = 8388608                                   {product} {ergonomic}
    uintx NonNMethodCodeHeapSize                   = 5839372                                {pd product} {ergonomic}
    uintx NonProfiledCodeHeapSize                  = 122909434                              {pd product} {ergonomic}
    uintx ProfiledCodeHeapSize                     = 122909434                              {pd product} {ergonomic}
    uintx ReservedCodeCacheSize                    = 251658240                              {pd product} {ergonomic}
     bool SegmentedCodeCache                       = true                                      {product} {ergonomic}
   size_t SoftMaxHeapSize                          = 805306368                              {manageable} {ergonomic}
     bool UseCompressedOops                        = true                           {product lp64_product} {ergonomic}
     bool UseG1GC                                  = true                                      {product} {ergonomic}
     bool UseLargePagesIndividualAllocation        = false                                  {pd product} {ergonomic}

Logging:
Log output configuration:
 #0: stdout all=warning uptime,level,tags foldmultilines=false
 #1: stderr all=off uptime,level,tags foldmultilines=false

Environment Variables:
JAVA_HOME=C:\Program Files\Java\jdk-21
PATH=C:\Program Files\Common Files\Oracle\Java\javapath;C:\WINDOWS\system32;C:\WINDOWS;C:\WINDOWS\System32\Wbem;C:\WINDOWS\System32\WindowsPowerShell\v1.0\;C:\WINDOWS\System32\OpenSSH\;C:\Program Files\nodejs\;C:\Program Files\cursor\resources\app\bin;C:\Program Files\Java\jdk-21\bin;C:\Program Files\apache-maven-3.9.11\bin;C:\Program Files\MySQL\MySQL Server 8.0\bin;C:\Program Files\Git\cmd;C:\Program Files\Git\bin;C:\Program Files\MySQL\MySQL Shell 8.0\bin\;C:\Users\balav\AppData\Local\Microsoft\WindowsApps;C:\Users\balav\AppData\Local\Programs\Microsoft VS Code\bin;C:\Users\balav\AppData\Roaming\npm
USERNAME=balav
TERM=dumb
OS=Windows_NT
PROCESSOR_IDENTIFIER=AMD64 Family 23 Model 160 Stepping 0, AuthenticAMD
TMP=C:\Users\balav\AppData\Local\Temp
TEMP=C:\Users\balav\AppData\Local\Temp




Periodic native trim disabled

---------------  S Y S T E M  ---------------

OS:
 Windows 11 , 64 bit Build 26100 (10.0.26100.6725)
OS uptime: 4 days 11:05 hours
Hyper-V role detected

CPU: total 8 (initial active 8) (8 cores per cpu, 2 threads per core) family 23 model 160 stepping 0 microcode 0x8a0000a, cx8, cmov, fxsr, ht, mmx, 3dnowpref, sse, sse2, sse3, ssse3, sse4a, sse4.1, sse4.2, popcnt, lzcnt, tsc, tscinvbit, avx, avx2, aes, clmul, bmi1, bmi2, adx, sha, fma, vzeroupper, clflush, clflushopt, hv, rdtscp, rdpid, f16c
Processor Information for processor 0
  Max Mhz: 2801, Current Mhz: 2246, Mhz Limit: 2801
Processor Information for processor 1
  Max Mhz: 2801, Current Mhz: 2246, Mhz Limit: 2801
Processor Information for processor 2
  Max Mhz: 2801, Current Mhz: 2246, Mhz Limit: 2801
Processor Information for processor 3
  Max Mhz: 2801, Current Mhz: 2246, Mhz Limit: 2801
Processor Information for processor 4
  Max Mhz: 2801, Current Mhz: 2246, Mhz Limit: 2801
Processor Information for processor 5
  Max Mhz: 2801, Current Mhz: 2246, Mhz Limit: 2801
Processor Information for processor 6
  Max Mhz: 2801, Current Mhz: 2246, Mhz Limit: 2801
Processor Information for processor 7
  Max Mhz: 2801, Current Mhz: 2801, Mhz Limit: 2801

Memory: 4k page, system-wide physical 5965M (450M free)
TotalPageFile size 24397M (AvailPageFile size 25M)
current process WorkingSet (physical memory assigned to process): 201M, peak: 213M
current process commit charge ("private bytes"): 244M, peak: 254M

vm_info: Java HotSpot(TM) 64-Bit Server VM (21.0.9+7-LTS-338) for windows-amd64 JRE (21.0.9+7-LTS-338), built on 2025-09-26T06:33:49Z by "mach5run" with MS VC++ 17.6 (VS2022)

END.
