#
# There is insufficient memory for the Java Runtime Environment to continue.
# Native memory allocation (mmap) failed to map 65536 bytes for Failed to commit metaspace.
# Possible reasons:
#   The system is out of physical RAM or swap space
#   The process is running with CompressedOops enabled, and the Java Heap may be blocking the growth of the native heap
# Possible solutions:
#   Reduce memory load on the system
#   Increase physical memory or swap space
#   Check if swap backing store is full
#   Decrease Java heap size (-Xmx/-Xms)
#   Decrease number of Java threads
#   Decrease Java thread stack sizes (-Xss)
#   Set larger code cache with -XX:ReservedCodeCacheSize=
#   JVM is running with Unscaled Compressed Oops mode in which the Java heap is
#     placed in the first 4GB address space. The Java Heap base address is the
#     maximum limit for the native heap growth. Please use -XX:HeapBaseMinAddress
#     to set the Java Heap base and to place the Java Heap above 4GB virtual address.
# This output file may be truncated or incomplete.
#
#  Out of Memory Error (virtualSpaceNode.cpp:112), pid=13580, tid=4628
#
# JRE version: Java(TM) SE Runtime Environment (21.0.9+7) (build 21.0.9+7-LTS-338)
# Java VM: Java HotSpot(TM) 64-Bit Server VM (21.0.9+7-LTS-338, mixed mode, emulated-client, sharing, tiered, compressed oops, compressed class ptrs, g1 gc, windows-amd64)
# No core dump will be written. Minidumps are not enabled by default on client versions of Windows
#

---------------  S U M M A R Y ------------

Command Line: -Dstdout.encoding=UTF-8 -Dstderr.encoding=UTF-8 -XX:TieredStopAtLevel=1 com.fullStack.expenseTracker.ExpenseTrackerApplication

Host: AMD Ryzen 5 7520U with Radeon Graphics         , 8 cores, 5G,  Windows 11 , 64 bit Build 26100 (10.0.26100.6725)
Time: Wed Nov  5 00:41:13 2025 India Standard Time elapsed time: 14.966306 seconds (0d 0h 0m 14s)

---------------  T H R E A D  ---------------

Current thread (0x0000021f229a8ad0):  JavaThread "main"             [_thread_in_vm, id=4628, stack(0x000000bb07000000,0x000000bb07100000) (1024K)]

Stack: [0x000000bb07000000,0x000000bb07100000]
Native frames: (J=compiled Java code, j=interpreted, Vv=VM code, C=native code)
V  [jvm.dll+0x6cbf89]
V  [jvm.dll+0x858421]
V  [jvm.dll+0x85a94e]
V  [jvm.dll+0x85b023]
V  [jvm.dll+0x27ebc6]
V  [jvm.dll+0x85403e]
V  [jvm.dll+0x66fcf5]
V  [jvm.dll+0x66fd5a]
V  [jvm.dll+0x672575]
V  [jvm.dll+0x672442]
V  [jvm.dll+0x6706ce]
V  [jvm.dll+0x26a340]
V  [jvm.dll+0x2163a7]
V  [jvm.dll+0x20bcfe]
V  [jvm.dll+0x5aec2c]
V  [jvm.dll+0x7d25ed]
V  [jvm.dll+0x472d32]
V  [jvm.dll+0x4860c6]
C  [java.dll+0x1657]

Java frames: (J=compiled Java code, j=interpreted, Vv=VM code)
J 1032  java.lang.ClassLoader.defineClass0(Ljava/lang/ClassLoader;Ljava/lang/Class;Ljava/lang/String;[BIILjava/security/ProtectionDomain;ZILjava/lang/Object;)Ljava/lang/Class; java.base@21.0.9 (0 bytes) @ 0x0000021f2cb07e3c [0x0000021f2cb07d40+0x00000000000000fc]
J 1638 c1 java.lang.System$2.defineClass(Ljava/lang/ClassLoader;Ljava/lang/Class;Ljava/lang/String;[BLjava/security/ProtectionDomain;ZILjava/lang/Object;)Ljava/lang/Class; java.base@21.0.9 (21 bytes) @ 0x0000021f2cbe15bc [0x0000021f2cbe1540+0x000000000000007c]
J 1319 c1 java.lang.invoke.MethodHandles$Lookup$ClassDefiner.defineClass(ZLjava/lang/Object;)Ljava/lang/Class; java.base@21.0.9 (213 bytes) @ 0x0000021f2cb6f13c [0x0000021f2cb6ef20+0x000000000000021c]
J 3696 c1 java.lang.invoke.InnerClassLambdaMetafactory.generateInnerClass()Ljava/lang/Class; java.base@21.0.9 (506 bytes) @ 0x0000021f2ceab3e4 [0x0000021f2ceaa7c0+0x0000000000000c24]
J 1926 c1 java.lang.invoke.InnerClassLambdaMetafactory.spinInnerClass()Ljava/lang/Class; java.base@21.0.9 (118 bytes) @ 0x0000021f2cc590fc [0x0000021f2cc59040+0x00000000000000bc]
J 1925 c1 java.lang.invoke.InnerClassLambdaMetafactory.buildCallSite()Ljava/lang/invoke/CallSite; java.base@21.0.9 (150 bytes) @ 0x0000021f2cc57e94 [0x0000021f2cc57e40+0x0000000000000054]
J 1657 c1 java.lang.invoke.LambdaMetafactory.metafactory(Ljava/lang/invoke/MethodHandles$Lookup;Ljava/lang/String;Ljava/lang/invoke/MethodType;Ljava/lang/invoke/MethodType;Ljava/lang/invoke/MethodHandle;Ljava/lang/invoke/MethodType;)Ljava/lang/invoke/CallSite; java.base@21.0.9 (71 bytes) @ 0x0000021f2cbf338c [0x0000021f2cbf3220+0x000000000000016c]
J 1930 c1 java.lang.invoke.LambdaForm$DMH+0x0000021f360ca000.invokeStatic(Ljava/lang/Object;Ljava/lang/Object;Ljava/lang/Object;Ljava/lang/Object;Ljava/lang/Object;Ljava/lang/Object;Ljava/lang/Object;)Ljava/lang/Object; java.base@21.0.9 (31 bytes) @ 0x0000021f2cc5a094 [0x0000021f2cc5a040+0x0000000000000054]
J 1622 c1 java.lang.invoke.BootstrapMethodInvoker.invoke(Ljava/lang/Class;Ljava/lang/invoke/MethodHandle;Ljava/lang/String;Ljava/lang/Object;Ljava/lang/Object;Ljava/lang/Class;)Ljava/lang/Object; java.base@21.0.9 (974 bytes) @ 0x0000021f2cbdb4cc [0x0000021f2cbd9e40+0x000000000000168c]
J 1621 c1 java.lang.invoke.CallSite.makeSite(Ljava/lang/invoke/MethodHandle;Ljava/lang/String;Ljava/lang/invoke/MethodType;Ljava/lang/Object;Ljava/lang/Class;)Ljava/lang/invoke/CallSite; java.base@21.0.9 (91 bytes) @ 0x0000021f2cbd6994 [0x0000021f2cbd6940+0x0000000000000054]
J 1620 c1 java.lang.invoke.MethodHandleNatives.linkCallSiteImpl(Ljava/lang/Class;Ljava/lang/invoke/MethodHandle;Ljava/lang/String;Ljava/lang/invoke/MethodType;Ljava/lang/Object;[Ljava/lang/Object;)Ljava/lang/invoke/MemberName; java.base@21.0.9 (119 bytes) @ 0x0000021f2cbd5fc4 [0x0000021f2cbd5f80+0x0000000000000044]
J 1619 c1 java.lang.invoke.MethodHandleNatives.linkCallSite(Ljava/lang/Object;Ljava/lang/Object;Ljava/lang/Object;Ljava/lang/Object;Ljava/lang/Object;[Ljava/lang/Object;)Ljava/lang/invoke/MemberName; java.base@21.0.9 (65 bytes) @ 0x0000021f2cbd5b8c [0x0000021f2cbd5a60+0x000000000000012c]
v  ~StubRoutines::call_stub 0x0000021f2c7d100d
j  java.util.stream.Collectors.joining()Ljava/util/stream/Collector;+14 java.base@21.0.9
j  org.springframework.boot.autoconfigure.web.embedded.TomcatWebServerFactoryCustomizer.joinCharacters(Ljava/util/List;)Ljava/lang/String;+16
j  org.springframework.boot.autoconfigure.web.embedded.TomcatWebServerFactoryCustomizer$$Lambda+0x0000021f36405b88.apply(Ljava/lang/Object;)Ljava/lang/Object;+8
j  org.springframework.boot.context.properties.PropertyMapper$Source.lambda$as$2(Ljava/util/function/Supplier;Ljava/util/function/Function;)Ljava/lang/Object;+25
j  org.springframework.boot.context.properties.PropertyMapper$Source$$Lambda+0x0000021f363daae0.get()Ljava/lang/Object;+12
j  org.springframework.boot.context.properties.PropertyMapper$Source.to(Ljava/util/function/Consumer;)V+10
j  org.springframework.boot.autoconfigure.web.embedded.TomcatWebServerFactoryCustomizer.customize(Lorg/springframework/boot/web/embedded/tomcat/ConfigurableTomcatWebServerFactory;)V+706
j  org.springframework.boot.autoconfigure.web.embedded.TomcatWebServerFactoryCustomizer.customize(Lorg/springframework/boot/web/server/WebServerFactory;)V+5
j  org.springframework.boot.web.server.WebServerFactoryCustomizerBeanPostProcessor.lambda$postProcessBeforeInitialization$0(Lorg/springframework/boot/web/server/WebServerFactory;Lorg/springframework/boot/web/server/WebServerFactoryCustomizer;)V+2
j  org.springframework.boot.web.server.WebServerFactoryCustomizerBeanPostProcessor$$Lambda+0x0000021f363d1920.accept(Ljava/lang/Object;)V+8
j  org.springframework.boot.util.LambdaSafe$Callbacks.lambda$invoke$0(Ljava/util/function/Consumer;Ljava/lang/Object;)Ljava/lang/Object;+2
j  org.springframework.boot.util.LambdaSafe$Callbacks$$Lambda+0x0000021f363d1d70.get()Ljava/lang/Object;+8
j  org.springframework.boot.util.LambdaSafe$LambdaSafeCallback.invoke(Ljava/lang/Object;Ljava/util/function/Supplier;)Lorg/springframework/boot/util/LambdaSafe$InvocationResult;+26
j  org.springframework.boot.util.LambdaSafe$Callbacks.lambda$invoke$1(Ljava/util/function/Consumer;Ljava/lang/Object;)V+9
j  org.springframework.boot.util.LambdaSafe$Callbacks$$Lambda+0x0000021f363d1b48.accept(Ljava/lang/Object;)V+9
J 2762 c1 java.util.ArrayList.forEach(Ljava/util/function/Consumer;)V java.base@21.0.9 (74 bytes) @ 0x0000021f2c90870c [0x0000021f2c908660+0x00000000000000ac]
j  java.util.Collections$UnmodifiableCollection.forEach(Ljava/util/function/Consumer;)V+5 java.base@21.0.9
j  org.springframework.boot.util.LambdaSafe$Callbacks.invoke(Ljava/util/function/Consumer;)V+11
j  org.springframework.boot.web.server.WebServerFactoryCustomizerBeanPostProcessor.postProcessBeforeInitialization(Lorg/springframework/boot/web/server/WebServerFactory;)V+28
j  org.springframework.boot.web.server.WebServerFactoryCustomizerBeanPostProcessor.postProcessBeforeInitialization(Ljava/lang/Object;Ljava/lang/String;)Ljava/lang/Object;+14
j  org.springframework.beans.factory.support.AbstractAutowireCapableBeanFactory.applyBeanPostProcessorsBeforeInitialization(Ljava/lang/Object;Ljava/lang/String;)Ljava/lang/Object;+39
j  org.springframework.beans.factory.support.AbstractAutowireCapableBeanFactory.initializeBean(Ljava/lang/String;Ljava/lang/Object;Lorg/springframework/beans/factory/support/RootBeanDefinition;)Ljava/lang/Object;+24
j  org.springframework.beans.factory.support.AbstractAutowireCapableBeanFactory.doCreateBean(Ljava/lang/String;Lorg/springframework/beans/factory/support/RootBeanDefinition;[Ljava/lang/Object;)Ljava/lang/Object;+228
j  org.springframework.beans.factory.support.AbstractAutowireCapableBeanFactory.createBean(Ljava/lang/String;Lorg/springframework/beans/factory/support/RootBeanDefinition;[Ljava/lang/Object;)Ljava/lang/Object;+153
j  org.springframework.beans.factory.support.AbstractBeanFactory.lambda$doGetBean$0(Ljava/lang/String;Lorg/springframework/beans/factory/support/RootBeanDefinition;[Ljava/lang/Object;)Ljava/lang/Object;+4
j  org.springframework.beans.factory.support.AbstractBeanFactory$$Lambda+0x0000021f361f13a8.getObject()Ljava/lang/Object;+16
j  org.springframework.beans.factory.support.DefaultSingletonBeanRegistry.getSingleton(Ljava/lang/String;Lorg/springframework/beans/factory/ObjectFactory;)Ljava/lang/Object;+897
J 2714 c1 org.springframework.beans.factory.support.AbstractBeanFactory.doGetBean(Ljava/lang/String;Ljava/lang/Class;[Ljava/lang/Object;Z)Ljava/lang/Object; (787 bytes) @ 0x0000021f2c91c4ac [0x0000021f2c91be60+0x000000000000064c]
J 2718 c1 org.springframework.beans.factory.support.AbstractBeanFactory.getBean(Ljava/lang/String;Ljava/lang/Class;)Ljava/lang/Object; (9 bytes) @ 0x0000021f2c919a14 [0x0000021f2c9199c0+0x0000000000000054]
j  org.springframework.boot.web.servlet.context.ServletWebServerApplicationContext.getWebServerFactory()Lorg/springframework/boot/web/servlet/server/ServletWebServerFactory;+66
j  org.springframework.boot.web.servlet.context.ServletWebServerApplicationContext.createWebServer()V+31
j  org.springframework.boot.web.servlet.context.ServletWebServerApplicationContext.onRefresh()V+5
j  org.springframework.context.support.AbstractApplicationContext.refresh()V+85
j  org.springframework.boot.web.servlet.context.ServletWebServerApplicationContext.refresh()V+1
j  org.springframework.boot.SpringApplication.refresh(Lorg/springframework/context/ConfigurableApplicationContext;)V+1
j  org.springframework.boot.SpringApplication.refreshContext(Lorg/springframework/context/ConfigurableApplicationContext;)V+19
j  org.springframework.boot.SpringApplication.run([Ljava/lang/String;)Lorg/springframework/context/ConfigurableApplicationContext;+113
j  org.springframework.boot.SpringApplication.run([Ljava/lang/Class;[Ljava/lang/String;)Lorg/springframework/context/ConfigurableApplicationContext;+9
j  org.springframework.boot.SpringApplication.run(Ljava/lang/Class;[Ljava/lang/String;)Lorg/springframework/context/ConfigurableApplicationContext;+9
j  com.fullStack.expenseTracker.ExpenseTrackerApplication.main([Ljava/lang/String;)V+3
v  ~StubRoutines::call_stub 0x0000021f2c7d100d

Compiled method (n/a)   15031 1032     n 0       java.lang.ClassLoader::defineClass0 (native)
 total in heap  [0x0000021f2cb07b90,0x0000021f2cb08220] = 1680
 relocation     [0x0000021f2cb07cf0,0x0000021f2cb07d28] = 56
 main code      [0x0000021f2cb07d40,0x0000021f2cb0821a] = 1242
 stub code      [0x0000021f2cb0821a,0x0000021f2cb08220] = 6

[Constant Pool (empty)]

[MachCode]
[Entry Point]
  # {method} {0x0000021f35439fc8} 'defineClass0' '(Ljava/lang/ClassLoader;Ljava/lang/Class;Ljava/lang/String;[BIILjava/security/ProtectionDomain;ZILjava/lang/Object;)Ljava/lang/Class;' in 'java/lang/ClassLoader'
  # parm0:    rdx:rdx   = 'java/lang/ClassLoader'
  # parm1:    r8:r8     = 'java/lang/Class'
  # parm2:    r9:r9     = 'java/lang/String'
  # parm3:    rdi:rdi   = '[B'
  # parm4:    rsi       = int
  # parm5:    rcx       = int
  # parm6:    [sp+0xb0]   = 'java/security/ProtectionDomain'  (sp of caller)
  # parm7:    [sp+0xb8]   = boolean
  # parm8:    [sp+0xc0]   = int
  # parm9:    [sp+0xc8]   = 'java/lang/Object'
  0x0000021f2cb07d40: 448b 5208 | 49bb 0000 | 0035 1f02 | 0000 4d03 | d349 3bc2 | 0f84 0600 

  0x0000021f2cb07d58: ;   {runtime_call ic_miss_stub}
  0x0000021f2cb07d58: 0000 e921 | 6ad1 ff90 
[Verified Entry Point]
  0x0000021f2cb07d60: 8984 2400 | 80ff ff55 | 488b ec48 | 81ec a000 | 0000 6690 | 4181 7f20 | 0300 0000 

  0x0000021f2cb07d7c: ;   {runtime_call StubRoutines (final stubs)}
  0x0000021f2cb07d7c: 7405 e8dd | cfcf ff48 | 837d 2800 | 488d 4528 | 480f 4445 | 2848 8944 | 2458 4863 | 4520 4889 
  0x0000021f2cb07d9c: 4424 5048 | 6345 1848 | 8944 2448 | 4883 7d10 | 0048 8d45 | 1048 0f44 | 4510 4889 | 4424 4048 
  0x0000021f2cb07dbc: 894c 2438 | 4889 7424 | 3048 897c | 2478 4883 | ff00 488d | 4424 7848 | 0f44 4424 | 7848 8944 
  0x0000021f2cb07ddc: 2428 4c89 | 4c24 7049 | 83f9 0048 | 8d44 2470 | 480f 4444 | 2470 4889 | 4424 204c | 8944 2468 
  0x0000021f2cb07dfc: 4983 f800 | 4c8d 4c24 | 684c 0f44 | 4c24 6848 | 8954 2460 | 4883 fa00 | 4c8d 4424 | 604c 0f44 
  0x0000021f2cb07e1c: ;   {oop(a 'java/lang/Class'{0x00000000a3100210} = 'java/lang/ClassLoader')}
  0x0000021f2cb07e1c: 4424 6049 | be10 0210 | a300 0000 | 004c 89b4 | 2490 0000 | 004c 8db4 | 2490 0000 | 0049 8bd6 
  0x0000021f2cb07e3c: ;   {internal_word}
  0x0000021f2cb07e3c: c5f8 7749 | ba3c 7eb0 | 2c1f 0200 | 004d 8997 | a803 0000 | 4989 a7a0 

  0x0000021f2cb07e54: ;   {external_word}
  0x0000021f2cb07e54: 0300 0049 | bac0 87d4 | 18fe 7f00 | 0041 803a | 000f 844e | 0000 0052 | 4150 4151 

  0x0000021f2cb07e70: ;   {metadata({method} {0x0000021f35439fc8} 'defineClass0' '(Ljava/lang/ClassLoader;Ljava/lang/Class;Ljava/lang/String;[BIILjava/security/ProtectionDomain;ZILjava/lang/Object;)Ljava/lang/Class;' in 'java/lang/ClassLoader')}
  0x0000021f2cb07e70: 48ba c09f | 4335 1f02 | 0000 498b | cf48 83ec | 2040 f6c4 | 0f0f 8419 | 0000 0048 

  0x0000021f2cb07e8c: ;   {runtime_call}
  0x0000021f2cb07e8c: 83ec 0848 | b890 1e85 | 18fe 7f00 | 00ff d048 | 83c4 08e9 | 0c00 0000 

  0x0000021f2cb07ea4: ;   {runtime_call}
  0x0000021f2cb07ea4: 48b8 901e | 8518 fe7f | 0000 ffd0 | 4883 c420 | 4159 4158 | 5a49 8d8f | c003 0000 | 41c7 874c 
  0x0000021f2cb07ec4: 0400 0004 

  0x0000021f2cb07ec8: ;   {runtime_call}
  0x0000021f2cb07ec8: 0000 0048 | b81c 15d5 | a7fe 7f00 | 00ff d0c5 | f877 41c7 | 874c 0400 | 0005 0000 | 00f0 8344 
  0x0000021f2cb07ee8: 24c0 0049 | 3baf 5004 | 0000 0f87 | 0e00 0000 | 4183 bf48 | 0400 0000 | 0f84 2b00 | 0000 c5f8 
  0x0000021f2cb07f08: 7748 8945 | f849 8bcf | 4c8b e448 | 83ec 2048 

  0x0000021f2cb07f18: ;   {runtime_call}
  0x0000021f2cb07f18: 83e4 f048 | b860 cb50 | 18fe 7f00 | 00ff d049 | 8be4 4d33 | e448 8b45 | f841 c787 | 4c04 0000 
  0x0000021f2cb07f38: 0800 0000 | 4183 bfc8 | 0400 0002 | 0f84 a302 

  0x0000021f2cb07f48: ;   {external_word}
  0x0000021f2cb07f48: 0000 49ba | c087 d418 | fe7f 0000 | 4180 3a00 | 0f84 4c00 | 0000 4889 

  0x0000021f2cb07f60: ;   {metadata({method} {0x0000021f35439fc8} 'defineClass0' '(Ljava/lang/ClassLoader;Ljava/lang/Class;Ljava/lang/String;[BIILjava/security/ProtectionDomain;ZILjava/lang/Object;)Ljava/lang/Class;' in 'java/lang/ClassLoader')}
  0x0000021f2cb07f60: 45f8 48ba | c09f 4335 | 1f02 0000 | 498b cf48 | 83ec 2040 | f6c4 0f0f | 8419 0000 | 0048 83ec 
  0x0000021f2cb07f80: ;   {runtime_call}
  0x0000021f2cb07f80: 0848 b890 | 1e85 18fe | 7f00 00ff | d048 83c4 | 08e9 0c00 

  0x0000021f2cb07f94: ;   {runtime_call}
  0x0000021f2cb07f94: 0000 48b8 | 901e 8518 | fe7f 0000 | ffd0 4883 | c420 488b | 45f8 49c7 | 87a0 0300 | 0000 0000 
  0x0000021f2cb07fb4: 0049 c787 | a803 0000 | 0000 0000 | c5f8 7748 | 85c0 0f84 | fe01 0000 | a803 0f85 | 0800 0000 
  0x0000021f2cb07fd4: 488b 00e9 | ee01 0000 | a801 0f85 | 0900 0000 | 488b 40fe | e9dd 0100 | 0048 8b40 | ff41 807f 
  0x0000021f2cb07ff4: 4000 0f84 | ce01 0000 | 4883 f800 | 0f84 c401 | 0000 498b | 4f28 4883 | f900 0f84 | 1400 0000 
  0x0000021f2cb08014: 4883 e908 | 4989 4f28 | 4903 4f38 | 4889 01e9 | a201 0000 | 4881 ecd0 | 0000 0048 | 8904 2448 
  0x0000021f2cb08034: 894c 2408 | 4889 5424 | 1048 8974 | 2418 4889 | 7c24 204c | 8944 2428 | 4c89 4c24 | 304c 8954 
  0x0000021f2cb08054: 2438 4c89 | 5c24 40c5 | fb11 4424 | 50c5 fb11 | 4c24 58c5 | fb11 5424 | 60c5 fb11 | 5c24 68c5 
  0x0000021f2cb08074: fb11 6424 | 70c5 fb11 | 6c24 78c5 | fb11 b424 | 8000 0000 | c5fb 11bc | 2488 0000 | 00c5 7b11 
  0x0000021f2cb08094: ;   {no_reloc}
  0x0000021f2cb08094: 8424 9000 | 0000 c57b | 118c 2498 | 0000 00c5 | 7b11 9424 | a000 0000 | c57b 119c | 24a8 0000 
  0x0000021f2cb080b4: 00c5 7b11 | a424 b000 | 0000 c57b | 11ac 24b8 | 0000 00c5 | 7b11 b424 | c000 0000 | c57b 11bc 
  0x0000021f2cb080d4: 24c8 0000 | 0049 8bd7 | 488b c848 | 83ec 2040 | f6c4 0f0f | 8419 0000 | 0048 83ec 

  0x0000021f2cb080f0: ;   {runtime_call}
  0x0000021f2cb080f0: 0848 b8d0 | 0144 18fe | 7f00 00ff | d048 83c4 | 08e9 0c00 

  0x0000021f2cb08104: ;   {runtime_call}
  0x0000021f2cb08104: 0000 48b8 | d001 4418 | fe7f 0000 | ffd0 4883 | c420 c57b | 10bc 24c8 | 0000 00c5 | 7b10 b424 
  0x0000021f2cb08124: c000 0000 | c57b 10ac | 24b8 0000 | 00c5 7b10 | a424 b000 | 0000 c57b | 109c 24a8 | 0000 00c5 
  0x0000021f2cb08144: 7b10 9424 | a000 0000 | c57b 108c | 2498 0000 | 00c5 7b10 | 8424 9000 | 0000 c5fb | 10bc 2488 
  0x0000021f2cb08164: 0000 00c5 | fb10 b424 | 8000 0000 | c5fb 106c | 2478 c5fb | 1064 2470 | c5fb 105c | 2468 c5fb 
  0x0000021f2cb08184: 1054 2460 | c5fb 104c | 2458 c5fb | 1044 2450 | 4c8b 5c24 | 404c 8b54 | 2438 4c8b | 4c24 304c 
  0x0000021f2cb081a4: 8b44 2428 | 488b 7c24 | 2048 8b74 | 2418 488b | 5424 1048 | 8b4c 2408 | 488b 0424 | 4881 c4d0 
  0x0000021f2cb081c4: 0000 00c5 | f877 498b | 8f30 0400 | 00c7 8100 | 0100 0000 | 0000 00c9 | 4983 7f08 | 000f 8501 
  0x0000021f2cb081e4: 0000 00c3 

  0x0000021f2cb081e8: ;   {runtime_call StubRoutines (initial stubs)}
  0x0000021f2cb081e8: e913 8dcc | ffc5 f877 | 4889 45f8 | 4c8b e448 | 83ec 2048 

  0x0000021f2cb081fc: ;   {runtime_call}
  0x0000021f2cb081fc: 83e4 f048 | b840 5685 | 18fe 7f00 | 00ff d049 | 8be4 4d33 | e448 8b45 | f8e9 30fd | ffff f4f4 
  0x0000021f2cb0821c: f4f4 f4f4 
[/MachCode]


Compiled method (c1)   15054 1638       1       java.lang.System$2::defineClass (21 bytes)
 total in heap  [0x0000021f2cbe1390,0x0000021f2cbe16e0] = 848
 relocation     [0x0000021f2cbe14f0,0x0000021f2cbe1528] = 56
 main code      [0x0000021f2cbe1540,0x0000021f2cbe1620] = 224
 stub code      [0x0000021f2cbe1620,0x0000021f2cbe1660] = 64
 metadata       [0x0000021f2cbe1660,0x0000021f2cbe1668] = 8
 scopes data    [0x0000021f2cbe1668,0x0000021f2cbe1688] = 32
 scopes pcs     [0x0000021f2cbe1688,0x0000021f2cbe16c8] = 64
 dependencies   [0x0000021f2cbe16c8,0x0000021f2cbe16d0] = 8
 nul chk table  [0x0000021f2cbe16d0,0x0000021f2cbe16e0] = 16

[Constant Pool (empty)]

[MachCode]
[Entry Point]
  # {method} {0x0000021f35018fd8} 'defineClass' '(Ljava/lang/ClassLoader;Ljava/lang/Class;Ljava/lang/String;[BLjava/security/ProtectionDomain;ZILjava/lang/Object;)Ljava/lang/Class;' in 'java/lang/System$2'
  # this:     rdx:rdx   = 'java/lang/System$2'
  # parm0:    r8:r8     = 'java/lang/ClassLoader'
  # parm1:    r9:r9     = 'java/lang/Class'
  # parm2:    rdi:rdi   = 'java/lang/String'
  # parm3:    rsi:rsi   = '[B'
  # parm4:    rcx:rcx   = 'java/security/ProtectionDomain'
  # parm5:    [sp+0x70]   = boolean  (sp of caller)
  # parm6:    [sp+0x78]   = int
  # parm7:    [sp+0x80]   = 'java/lang/Object'
  0x0000021f2cbe1540: 448b 5208 | 49bb 0000 | 0035 1f02 | 0000 4d03 | d34c 3bd0 

  0x0000021f2cbe1554: ;   {runtime_call ic_miss_stub}
  0x0000021f2cbe1554: 0f85 26d2 | c3ff 660f | 1f44 0000 
[Verified Entry Point]
  0x0000021f2cbe1560: 8984 2400 | 80ff ff55 | 4883 ec60 | 4181 7f20 | 0300 0000 

  0x0000021f2cbe1574: ;   {runtime_call StubRoutines (final stubs)}
  0x0000021f2cbe1574: 7405 e8e5 | 37c2 ff48 | 8bd9 4c8b | ac24 8000 | 0000 448b | 5c24 788b | 4424 708b | 4e0c 498b 
  0x0000021f2cbe1594: d04d 8bc1 | 4c8b cf48 | 8bfe be00 | 0000 0048 | 891c 2489 | 4424 0844 | 895c 2410 | 4c89 6c24 
  0x0000021f2cbe15b4: ;   {static_call}
  0x0000021f2cbe15b4: 1866 90e8 

  0x0000021f2cbe15b8: ; ImmutableOopMap {}
                      ;*invokestatic defineClass0 {reexecute=0 rethrow=0 return_oop=0}
                      ; - java.lang.System$2::defineClass@17 (line 2394)
  0x0000021f2cbe15b8: a467 f2ff 

  0x0000021f2cbe15bc: ;   {other}
  0x0000021f2cbe15bc: 0f1f 8400 | 2c02 0000 | 4883 c460 

  0x0000021f2cbe15c8: ;   {poll_return}
  0x0000021f2cbe15c8: 5d49 3ba7 | 5004 0000 | 0f87 0600 

  0x0000021f2cbe15d4: ;   {runtime_call throw_null_pointer_exception Runtime1 stub}
  0x0000021f2cbe15d4: 0000 c3e8 

  0x0000021f2cbe15d8: ; ImmutableOopMap {r8=Oop r9=Oop rdi=Oop rsi=Oop rbx=Oop r13=Oop [128]=Oop }
                      ;*arraylength {reexecute=0 rethrow=0 return_oop=0}
                      ; - java.lang.System$2::defineClass@8 (line 2394)
  0x0000021f2cbe15d8: 24f0 ceff 

  0x0000021f2cbe15dc: ;   {internal_word}
  0x0000021f2cbe15dc: 49ba c915 | be2c 1f02 | 0000 4d89 | 9768 0400 

  0x0000021f2cbe15ec: ;   {runtime_call SafepointBlob}
  0x0000021f2cbe15ec: 00e9 0e41 | c4ff 498b | 8700 0500 | 0049 c787 | 0005 0000 | 0000 0000 | 49c7 8708 | 0500 0000 
  0x0000021f2cbe160c: 0000 0048 | 83c4 605d 

  0x0000021f2cbe1614: ;   {runtime_call unwind_exception Runtime1 stub}
  0x0000021f2cbe1614: e967 d7ce | fff4 f4f4 | f4f4 f4f4 
[Stub Code]
  0x0000021f2cbe1620: ;   {no_reloc}
  0x0000021f2cbe1620: 48bb 0000 | 0000 0000 

  0x0000021f2cbe1628: ;   {runtime_call}
  0x0000021f2cbe1628: 0000 e9fb 

  0x0000021f2cbe162c: ;   {runtime_call handle_exception_from_callee Runtime1 stub}
  0x0000021f2cbe162c: ffff ffe8 | cc0d cfff 

  0x0000021f2cbe1634: ;   {external_word}
  0x0000021f2cbe1634: 48b9 b078 | ac18 fe7f | 0000 4883 

  0x0000021f2cbe1640: ;   {runtime_call}
  0x0000021f2cbe1640: e4f0 48b8 | 9041 7418 | fe7f 0000 

  0x0000021f2cbe164c: ;   {section_word}
  0x0000021f2cbe164c: ffd0 f449 | ba4f 16be | 2c1f 0200 

  0x0000021f2cbe1658: ;   {runtime_call DeoptimizationBlob}
  0x0000021f2cbe1658: 0041 52e9 | 4033 c4ff 
[/MachCode]


Compiled method (c1)   15061 1319   !   1       java.lang.invoke.MethodHandles$Lookup$ClassDefiner::defineClass (213 bytes)
 total in heap  [0x0000021f2cb6ed10,0x0000021f2cb6f760] = 2640
 relocation     [0x0000021f2cb6ee70,0x0000021f2cb6ef10] = 160
 main code      [0x0000021f2cb6ef20,0x0000021f2cb6f3b8] = 1176
 stub code      [0x0000021f2cb6f3b8,0x0000021f2cb6f430] = 120
 metadata       [0x0000021f2cb6f430,0x0000021f2cb6f480] = 80
 scopes data    [0x0000021f2cb6f480,0x0000021f2cb6f590] = 272
 scopes pcs     [0x0000021f2cb6f590,0x0000021f2cb6f6c0] = 304
 dependencies   [0x0000021f2cb6f6c0,0x0000021f2cb6f6d0] = 16
 handler table  [0x0000021f2cb6f6d0,0x0000021f2cb6f718] = 72
 nul chk table  [0x0000021f2cb6f718,0x0000021f2cb6f760] = 72

[Constant Pool (empty)]

[MachCode]
[Entry Point]
  # {method} {0x0000021f351ed338} 'defineClass' '(ZLjava/lang/Object;)Ljava/lang/Class;' in 'java/lang/invoke/MethodHandles$Lookup$ClassDefiner'
  # this:     rdx:rdx   = 'java/lang/invoke/MethodHandles$Lookup$ClassDefiner'
  # parm0:    r8        = boolean
  # parm1:    r9:r9     = 'java/lang/Object'
  #           [sp+0xf0]  (sp of caller)
  0x0000021f2cb6ef20: 448b 5208 | 49bb 0000 | 0035 1f02 | 0000 4d03 | d34c 3bd0 

  0x0000021f2cb6ef34: ;   {runtime_call ic_miss_stub}
  0x0000021f2cb6ef34: 0f85 46f8 | caff 660f | 1f44 0000 
[Verified Entry Point]
  0x0000021f2cb6ef40: 8984 2400 | 80ff ff55 | 4881 ece0 | 0000 0090 | 4181 7f20 | 0300 0000 

  0x0000021f2cb6ef58: ;   {runtime_call StubRoutines (final stubs)}
  0x0000021f2cb6ef58: 7405 e801 | 5ec9 ff48 | 8994 2498 | 0000 0044 | 8984 24b0 | 0000 004c | 898c 24b8 | 0000 008b 
  0x0000021f2cb6ef78: 7210 4889 | b424 9000 | 0000 8b7e | 1048 89bc | 24a8 0000 | 008b 5f34 | 4885 db0f | 850a 0000 
  0x0000021f2cb6ef98: ;   {oop(nullptr)}
  0x0000021f2cb6ef98: 0048 bb00 | 0000 0000 | 0000 0048 | 85db 0f84 | da00 0000 | 8b46 1848 | 85c0 4889 | 9c24 a000 
  0x0000021f2cb6efb8: 0000 0f85 | d800 0000 

  0x0000021f2cb6efc0: ;   {oop(a 'java/lang/Class'{0x00000000a30da9e8} = 'jdk/internal/access/SharedSecrets')}
  0x0000021f2cb6efc0: 48b8 e8a9 | 0da3 0000 | 0000 8b40 | 7c8b 4e10 | 4885 c00f | 842a 0000 

  0x0000021f2cb6efd8: ;   {metadata('java/lang/System$2')}
  0x0000021f2cb6efd8: 0048 bee0 | 7c01 351f | 0200 0044 | 8b70 0849 | ba00 0000 | 351f 0200 | 004d 03f2 | 493b 7638 
  0x0000021f2cb6eff8: 0f85 6d02 | 0000 e900 | 0000 004c | 8bd8 483b | 0048 3b01 

  0x0000021f2cb6f00c: ;   {optimized virtual_call}
  0x0000021f2cb6f00c: 488b d1e8 

  0x0000021f2cb6f010: ; ImmutableOopMap {[144]=Oop [152]=Oop [160]=Oop [168]=Oop [184]=Oop }
                      ;*invokevirtual getProtectionDomain0 {reexecute=0 rethrow=0 return_oop=0}
                      ; - java.lang.Class::protectionDomain@1 (line 3188)
                      ; - java.lang.System$2::protectionDomain@1 (line 2518)
                      ; - java.lang.invoke.MethodHandles$Lookup::lookupClassProtectionDomain@17 (line 2544)
                      ; - java.lang.invoke.MethodHandles$Lookup$ClassDefiner::defineClass@23 (line 2501)
  0x0000021f2cb6f010: 4ca7 0200 

  0x0000021f2cb6f014: ;   {other}
  0x0000021f2cb6f014: 0f1f 8400 | 0403 0000 | 4885 c00f | 851f 0000 | 0066 6690 

  0x0000021f2cb6f028: ;   {no_reloc}
  0x0000021f2cb6f028: e9c5 0200 | 0000 0000 | 0000 660f | 1f44 0000 

  0x0000021f2cb6f038: ; implicit exception: dispatches to 0x0000021f2cb6f2fc
  0x0000021f2cb6f038: e9d0 0200 | 0090 90e9 | 0300 0000 | 4c8b c048 | 8bb4 2490 | 0000 0045 | 0fbe 4f40 | 4585 c90f 
  0x0000021f2cb6f058: 85ba 0200 | 004d 8bd0 | 4489 5618 | f083 4424 | c000 4c8b | ce4d 33c8 | 49c1 e914 | 4983 f900 
  0x0000021f2cb6f078: 0f85 b502 | 0000 498b | c0e9 1200 | 0000 4889 | 9c24 a000 

  0x0000021f2cb6f08c: ;   {oop(nullptr)}
  0x0000021f2cb6f08c: 0000 48b8 | 0000 0000 | 0000 0000 | 488b 9c24 | a000 0000 | 488b bc24 | a800 0000 | 488b 9424 
  0x0000021f2cb6f0ac: 9800 0000 

  0x0000021f2cb6f0b0: ;   {oop(a 'java/lang/Class'{0x00000000a30da9e8} = 'jdk/internal/access/SharedSecrets')}
  0x0000021f2cb6f0b0: 49b8 e8a9 | 0da3 0000 | 0000 458b | 707c 8b72 | 148b 4a18 | 448b 4a0c | 4d85 f60f | 842a 0000 
  0x0000021f2cb6f0d0: ;   {metadata('java/lang/System$2')}
  0x0000021f2cb6f0d0: 0049 bbe0 | 7c01 351f | 0200 0045 | 8b6e 0849 | ba00 0000 | 351f 0200 | 004d 03ea | 4d3b 5d38 
  0x0000021f2cb6f0f0: 0f85 5502 | 0000 e900 | 0000 004d | 8bc6 493b | 064c 8bc3 | 498b d14c | 8bcf 488b | fe48 8bf1 
  0x0000021f2cb6f110: 488b c88b | 8424 b000 | 0000 8904 | 2489 5424 | 0848 8b94 | 24b8 0000 | 0048 8954 | 2410 498b 
  0x0000021f2cb6f130: d666 0f1f 

  0x0000021f2cb6f134: ;   {optimized virtual_call}
  0x0000021f2cb6f134: 4400 00e8 

  0x0000021f2cb6f138: ; ImmutableOopMap {[152]=Oop [168]=Oop }
                      ;*invokeinterface defineClass {reexecute=0 rethrow=0 return_oop=0}
                      ; - java.lang.invoke.MethodHandles$Lookup$ClassDefiner::defineClass@57 (line 2505)
  0x0000021f2cb6f138: 2424 0700 

  0x0000021f2cb6f13c: ;   {other}
  0x0000021f2cb6f13c: 0f1f 8400 | 2c04 0001 | 488b 9424 | 9800 0000 | 8b72 1c44 | 0fbe 460c | 4183 e001 | 4585 c00f 
  0x0000021f2cb6f15c: 84bb 0000 | 008b 7a14 | 4885 c00f | 8485 0000 | 00e9 3d00 | 0000 488b | 9424 9800 | 0000 498b 
  0x0000021f2cb6f17c: 8700 0500 | 004d 33d2 | 4d89 9700 | 0500 004d | 33d2 4d89 | 9708 0500 | 008b 721c 

  0x0000021f2cb6f198: ; implicit exception: dispatches to 0x0000021f2cb6f35a
  0x0000021f2cb6f198: 440f be46 | 0c41 83e0 | 0145 85c0 | 0f84 b200 | 0000 e983 | 0000 008b | 5218 4c8b | c74c 8bc8 
  0x0000021f2cb6f1b8: 488b fa48 | 8bd6 4889 | 8424 c000 

  0x0000021f2cb6f1c4: ;   {optimized virtual_call}
  0x0000021f2cb6f1c4: 0000 90e8 

  0x0000021f2cb6f1c8: ; ImmutableOopMap {[192]=Oop }
                      ;*invokevirtual dumpClass {reexecute=0 rethrow=0 return_oop=0}
                      ; - java.lang.invoke.MethodHandles$Lookup$ClassDefiner::defineClass@134 (line 2513)
  0x0000021f2cb6f1c8: b4f8 caff 

  0x0000021f2cb6f1cc: ;   {other}
  0x0000021f2cb6f1cc: 0f1f 8400 | bc04 0002 | 488b 8424 | c000 0000 | 4881 c4e0 | 0000 005d 

  0x0000021f2cb6f1e4: ;   {poll_return}
  0x0000021f2cb6f1e4: 493b a750 | 0400 000f | 876e 0100 | 00c3 4889 | 8424 c000 | 0000 448b | 4a18 4c8b | c748 8bd6 
  0x0000021f2cb6f204: ;   {optimized virtual_call}
  0x0000021f2cb6f204: 6666 90e8 

  0x0000021f2cb6f208: ; ImmutableOopMap {[192]=Oop }
                      ;*invokevirtual dumpFailedClass {reexecute=0 rethrow=0 return_oop=0}
                      ; - java.lang.invoke.MethodHandles$Lookup$ClassDefiner::defineClass@150 (line 2515)
  0x0000021f2cb6f208: 74f8 caff 

  0x0000021f2cb6f20c: ;   {other}
  0x0000021f2cb6f20c: 0f1f 8400 | fc04 0003 | 488b 8424 | c000 0000 | 4881 c4e0 | 0000 005d 

  0x0000021f2cb6f224: ;   {poll_return}
  0x0000021f2cb6f224: 493b a750 | 0400 000f | 8744 0100 | 00c3 4889 | 8424 c800 | 0000 448b | 4214 448b | 4a18 488b 
  0x0000021f2cb6f244: ;   {optimized virtual_call}
  0x0000021f2cb6f244: d666 90e8 

  0x0000021f2cb6f248: ; ImmutableOopMap {[200]=Oop }
                      ;*invokevirtual dumpFailedClass {reexecute=0 rethrow=0 return_oop=0}
                      ; - java.lang.invoke.MethodHandles$Lookup$ClassDefiner::defineClass@207 (line 2515)
  0x0000021f2cb6f248: 34f8 caff 

  0x0000021f2cb6f24c: ;   {other}
  0x0000021f2cb6f24c: 0f1f 8400 | 3c05 0004 | 488b 8424 | c800 0000 | e947 0100 

  0x0000021f2cb6f260: ;   {runtime_call throw_null_pointer_exception Runtime1 stub}
  0x0000021f2cb6f260: 00e8 9a13 

  0x0000021f2cb6f264: ; ImmutableOopMap {rdx=Oop r9=Oop rsi=Oop [144]=Oop [152]=Oop [184]=Oop }
                      ;*invokevirtual lookupClass {reexecute=0 rethrow=0 return_oop=0}
                      ; - java.lang.invoke.MethodHandles$Lookup$ClassDefiner::defineClass@4 (line 2499)
                      ;   {runtime_call throw_null_pointer_exception Runtime1 stub}
  0x0000021f2cb6f264: d6ff e895 

  0x0000021f2cb6f268: ; ImmutableOopMap {rdx=Oop r9=Oop rsi=Oop rdi=Oop [144]=Oop [152]=Oop [168]=Oop [184]=Oop }
                      ;*invokevirtual getClassLoader {reexecute=0 rethrow=0 return_oop=0}
                      ; - java.lang.invoke.MethodHandles$Lookup$ClassDefiner::defineClass@9 (line 2500)
                      ;   {runtime_call throw_incompatible_class_change_error Runtime1 stub}
  0x0000021f2cb6f268: 13d6 ffe8 

  0x0000021f2cb6f26c: ; ImmutableOopMap {rax=Oop rcx=Oop [144]=Oop [152]=Oop [160]=Oop [168]=Oop [184]=Oop }
                      ;*invokeinterface protectionDomain {reexecute=0 rethrow=0 return_oop=0}
                      ; - java.lang.invoke.MethodHandles$Lookup::lookupClassProtectionDomain@17 (line 2544)
                      ; - java.lang.invoke.MethodHandles$Lookup$ClassDefiner::defineClass@23 (line 2501)
  0x0000021f2cb6f26c: 903a d6ff 

  0x0000021f2cb6f270: ;   {runtime_call throw_null_pointer_exception Runtime1 stub}
  0x0000021f2cb6f270: e88b 13d6 

  0x0000021f2cb6f274: ; ImmutableOopMap {rcx=Oop [144]=Oop [152]=Oop [160]=Oop [168]=Oop [184]=Oop }
                      ;*invokeinterface protectionDomain {reexecute=0 rethrow=0 return_oop=0}
                      ; - java.lang.invoke.MethodHandles$Lookup::lookupClassProtectionDomain@17 (line 2544)
                      ; - java.lang.invoke.MethodHandles$Lookup$ClassDefiner::defineClass@23 (line 2501)
                      ;   {runtime_call throw_null_pointer_exception Runtime1 stub}
  0x0000021f2cb6f274: ffe8 8613 

  0x0000021f2cb6f278: ; ImmutableOopMap {rcx=Oop [144]=Oop [152]=Oop [160]=Oop [168]=Oop [184]=Oop }
                      ;*invokevirtual protectionDomain {reexecute=0 rethrow=0 return_oop=0}
                      ; - java.lang.System$2::protectionDomain@1 (line 2518)
                      ; - java.lang.invoke.MethodHandles$Lookup::lookupClassProtectionDomain@17 (line 2544)
                      ; - java.lang.invoke.MethodHandles$Lookup$ClassDefiner::defineClass@23 (line 2501)
                      ;   {oop(nullptr)}
  0x0000021f2cb6f278: d6ff 49b8 | 0000 0000 | 0000 0000 | 5053 498b | 5810 5756 | 5251 4150 | 4151 4152 | 4153 4883 
  0x0000021f2cb6f298: ec20 40f6 | c40f 0f84 | 1900 0000 | 4883 ec08 

  0x0000021f2cb6f2a8: ;   {runtime_call}
  0x0000021f2cb6f2a8: 48b8 109d | 1218 fe7f | 0000 ffd0 | 4883 c408 | e90c 0000 

  0x0000021f2cb6f2bc: ;   {runtime_call}
  0x0000021f2cb6f2bc: 0048 b810 | 9d12 18fe | 7f00 00ff | d048 83c4 | 2041 5b41 | 5a41 5941 | 5859 5a5e | 5f48 3b83 
  0x0000021f2cb6f2dc: 2801 0000 | 5b58 0f85 | 0a00 0000 | e945 fdff | ffb8 0078 

  0x0000021f2cb6f2f0: ;   {runtime_call load_mirror_patching Runtime1 stub}
  0x0000021f2cb6f2f0: 6e0a e889 

  0x0000021f2cb6f2f4: ; ImmutableOopMap {[144]=Oop [152]=Oop [160]=Oop [168]=Oop [184]=Oop }
                      ;*getstatic allPermDomain {reexecute=1 rethrow=0 return_oop=0}
                      ; - (reexecute) java.lang.Class::protectionDomain@9 (line 3190)
                      ; - java.lang.System$2::protectionDomain@1 (line 2518)
                      ; - java.lang.invoke.MethodHandles$Lookup::lookupClassProtectionDomain@17 (line 2544)
                      ; - java.lang.invoke.MethodHandles$Lookup$ClassDefiner::defineClass@23 (line 2501)
  0x0000021f2cb6f2f4: 65d6 ffe9 | 2cfd ffff 

  0x0000021f2cb6f2fc: ;   {runtime_call throw_null_pointer_exception Runtime1 stub}
  0x0000021f2cb6f2fc: e8ff 12d6 

  0x0000021f2cb6f300: ; ImmutableOopMap {r8=Oop [144]=Oop [152]=Oop [160]=Oop [168]=Oop [184]=Oop }
                      ;*getstatic allPermDomain {reexecute=1 rethrow=0 return_oop=0}
                      ; - (reexecute) java.lang.Class::protectionDomain@9 (line 3190)
                      ; - java.lang.System$2::protectionDomain@1 (line 2518)
                      ; - java.lang.invoke.MethodHandles$Lookup::lookupClassProtectionDomain@17 (line 2544)
                      ; - java.lang.invoke.MethodHandles$Lookup$ClassDefiner::defineClass@23 (line 2501)
  0x0000021f2cb6f300: ff45 8b80 | 0000 0000 | b800 0c05 

  0x0000021f2cb6f30c: ;   {runtime_call access_field_patching Runtime1 stub}
  0x0000021f2cb6f30c: 07e8 6e5c 

  0x0000021f2cb6f310: ; ImmutableOopMap {r8=Oop [144]=Oop [152]=Oop [160]=Oop [168]=Oop [184]=Oop }
                      ;*getstatic allPermDomain {reexecute=1 rethrow=0 return_oop=0}
                      ; - (reexecute) java.lang.Class::protectionDomain@9 (line 3190)
                      ; - java.lang.System$2::protectionDomain@1 (line 2518)
                      ; - java.lang.invoke.MethodHandles$Lookup::lookupClassProtectionDomain@17 (line 2544)
                      ; - java.lang.invoke.MethodHandles$Lookup$ClassDefiner::defineClass@23 (line 2501)
  0x0000021f2cb6f310: d6ff e921 | fdff ff44 | 8b4e 1849 | 83f9 000f | 8438 fdff | ff4c 890c 

  0x0000021f2cb6f328: ;   {runtime_call g1_pre_barrier_slow}
  0x0000021f2cb6f328: 24e8 d27b | d6ff e92a | fdff ff49 | 83f8 000f | 8441 fdff | ff48 8934 

  0x0000021f2cb6f340: ;   {runtime_call g1_post_barrier_slow}
  0x0000021f2cb6f340: 24e8 ba7e | d6ff e933 

  0x0000021f2cb6f348: ;   {runtime_call throw_incompatible_class_change_error Runtime1 stub}
  0x0000021f2cb6f348: fdff ffe8 

  0x0000021f2cb6f34c: ; ImmutableOopMap {rax=Oop rdi=Oop rbx=Oop r14=Oop rsi=Oop rcx=Oop [152]=Oop [168]=Oop [184]=Oop }
                      ;*invokeinterface defineClass {reexecute=0 rethrow=0 return_oop=0}
                      ; - java.lang.invoke.MethodHandles$Lookup$ClassDefiner::defineClass@57 (line 2505)
  0x0000021f2cb6f34c: b039 d6ff 

  0x0000021f2cb6f350: ;   {runtime_call throw_null_pointer_exception Runtime1 stub}
  0x0000021f2cb6f350: e8ab 12d6 

  0x0000021f2cb6f354: ; ImmutableOopMap {rax=Oop rdi=Oop rbx=Oop r14=Oop rsi=Oop rcx=Oop [152]=Oop [168]=Oop [184]=Oop }
                      ;*invokeinterface defineClass {reexecute=0 rethrow=0 return_oop=0}
                      ; - java.lang.invoke.MethodHandles$Lookup$ClassDefiner::defineClass@57 (line 2505)
                      ;   {runtime_call throw_null_pointer_exception Runtime1 stub}
  0x0000021f2cb6f354: ffe8 a612 

  0x0000021f2cb6f358: ; ImmutableOopMap {rax=Oop rdx=Oop rsi=Oop [152]=Oop }
                      ;*invokevirtual isEnabled {reexecute=0 rethrow=0 return_oop=0}
                      ; - java.lang.invoke.MethodHandles$Lookup$ClassDefiner::defineClass@105 (line 2510)
                      ;   {runtime_call throw_null_pointer_exception Runtime1 stub}
  0x0000021f2cb6f358: d6ff e8a1 

  0x0000021f2cb6f35c: ; ImmutableOopMap {rdx=Oop rax=Oop rsi=Oop [152]=Oop }
                      ;*invokevirtual isEnabled {reexecute=0 rethrow=0 return_oop=0}
                      ; - java.lang.invoke.MethodHandles$Lookup$ClassDefiner::defineClass@162 (line 2510)
                      ;   {internal_word}
  0x0000021f2cb6f35c: 12d6 ff49 | bae4 f1b6 | 2c1f 0200 | 004d 8997 | 6804 0000 

  0x0000021f2cb6f370: ;   {runtime_call SafepointBlob}
  0x0000021f2cb6f370: e98b 63cb 

  0x0000021f2cb6f374: ;   {internal_word}
  0x0000021f2cb6f374: ff49 ba24 | f2b6 2c1f | 0200 004d | 8997 6804 

  0x0000021f2cb6f384: ;   {runtime_call SafepointBlob}
  0x0000021f2cb6f384: 0000 e975 | 63cb ff49 | 8b87 0005 | 0000 49c7 | 8700 0500 | 0000 0000 | 0049 c787 | 0805 0000 
  0x0000021f2cb6f3a4: 0000 0000 | 4881 c4e0 | 0000 005d 

  0x0000021f2cb6f3b0: ;   {runtime_call unwind_exception Runtime1 stub}
  0x0000021f2cb6f3b0: e9cb f9d5 | fff4 f4f4 
[Stub Code]
  0x0000021f2cb6f3b8: ;   {no_reloc}
  0x0000021f2cb6f3b8: 0f1f 4400 

  0x0000021f2cb6f3bc: ;   {static_stub}
  0x0000021f2cb6f3bc: 0048 bbd0 | 8f01 351f 

  0x0000021f2cb6f3c4: ;   {runtime_call I2C/C2I adapters}
  0x0000021f2cb6f3c4: 0200 00e9 | 4ae0 cbff 

  0x0000021f2cb6f3cc: ;   {static_stub}
  0x0000021f2cb6f3cc: 48bb 88d1 | 4635 1f02 

  0x0000021f2cb6f3d4: ;   {runtime_call I2C/C2I adapters}
  0x0000021f2cb6f3d4: 0000 e988 

  0x0000021f2cb6f3d8: ;   {static_stub}
  0x0000021f2cb6f3d8: 40cb ff48 | bb00 0000 | 0000 0000 

  0x0000021f2cb6f3e4: ;   {runtime_call}
  0x0000021f2cb6f3e4: 00e9 fbff 

  0x0000021f2cb6f3e8: ;   {static_stub}
  0x0000021f2cb6f3e8: ffff 48bb | 0000 0000 | 0000 0000 

  0x0000021f2cb6f3f4: ;   {runtime_call}
  0x0000021f2cb6f3f4: e9fb ffff 

  0x0000021f2cb6f3f8: ;   {runtime_call handle_exception_from_callee Runtime1 stub}
  0x0000021f2cb6f3f8: ffe8 0230 

  0x0000021f2cb6f3fc: ;   {external_word}
  0x0000021f2cb6f3fc: d6ff 48b9 | b078 ac18 | fe7f 0000 | 4883 e4f0 

  0x0000021f2cb6f40c: ;   {runtime_call}
  0x0000021f2cb6f40c: 48b8 9041 | 7418 fe7f | 0000 ffd0 

  0x0000021f2cb6f418: ;   {section_word}
  0x0000021f2cb6f418: f449 ba19 | f4b6 2c1f | 0200 0041 

  0x0000021f2cb6f424: ;   {runtime_call DeoptimizationBlob}
  0x0000021f2cb6f424: 52e9 7655 | cbff f4f4 | f4f4 f4f4 
[/MachCode]


---------------  P R O C E S S  ---------------

Threads class SMR info:
_java_thread_list=0x0000021f7a22c960, length=10, elements={
0x0000021f229a8ad0, 0x0000021f3488de70, 0x0000021f3488e8d0, 0x0000021f34892c20,
0x0000021f34893680, 0x0000021f348940e0, 0x0000021f348972f0, 0x0000021f34897d50,
0x0000021f34aed660, 0x0000021f34aefce0
}

Java Threads: ( => current thread )
=>0x0000021f229a8ad0 JavaThread "main"                              [_thread_in_vm, id=4628, stack(0x000000bb07000000,0x000000bb07100000) (1024K)]
  0x0000021f3488de70 JavaThread "Reference Handler"          daemon [_thread_blocked, id=12116, stack(0x000000bb07800000,0x000000bb07900000) (1024K)]
  0x0000021f3488e8d0 JavaThread "Finalizer"                  daemon [_thread_blocked, id=29120, stack(0x000000bb07900000,0x000000bb07a00000) (1024K)]
  0x0000021f34892c20 JavaThread "Signal Dispatcher"          daemon [_thread_blocked, id=23564, stack(0x000000bb07a00000,0x000000bb07b00000) (1024K)]
  0x0000021f34893680 JavaThread "Attach Listener"            daemon [_thread_blocked, id=2036, stack(0x000000bb07b00000,0x000000bb07c00000) (1024K)]
  0x0000021f348940e0 JavaThread "Service Thread"             daemon [_thread_blocked, id=14844, stack(0x000000bb07c00000,0x000000bb07d00000) (1024K)]
  0x0000021f348972f0 JavaThread "Monitor Deflation Thread"   daemon [_thread_blocked, id=4040, stack(0x000000bb07d00000,0x000000bb07e00000) (1024K)]
  0x0000021f34897d50 JavaThread "C1 CompilerThread0"         daemon [_thread_blocked, id=23096, stack(0x000000bb07e00000,0x000000bb07f00000) (1024K)]
  0x0000021f34aed660 JavaThread "Notification Thread"        daemon [_thread_blocked, id=16684, stack(0x000000bb08000000,0x000000bb08100000) (1024K)]
  0x0000021f34aefce0 JavaThread "Common-Cleaner"             daemon [_thread_blocked, id=16324, stack(0x000000bb08100000,0x000000bb08200000) (1024K)]
Total: 10

Other Threads:
  0x0000021f34875420 VMThread "VM Thread"                           [id=22636, stack(0x000000bb07700000,0x000000bb07800000) (1024K)] _threads_hazard_ptr=0x0000021f7a22c960
  0x0000021f348622b0 WatcherThread "VM Periodic Task Thread"        [id=14676, stack(0x000000bb07600000,0x000000bb07700000) (1024K)]
  0x0000021f22b88580 WorkerThread "GC Thread#0"                     [id=3140, stack(0x000000bb07100000,0x000000bb07200000) (1024K)]
  0x0000021f7a599720 WorkerThread "GC Thread#1"                     [id=3236, stack(0x000000bb08200000,0x000000bb08300000) (1024K)]
  0x0000021f7a5b00d0 WorkerThread "GC Thread#2"                     [id=20700, stack(0x000000bb08300000,0x000000bb08400000) (1024K)]
  0x0000021f7a5b16a0 WorkerThread "GC Thread#3"                     [id=18768, stack(0x000000bb08400000,0x000000bb08500000) (1024K)]
  0x0000021f7a5b2060 WorkerThread "GC Thread#4"                     [id=612, stack(0x000000bb08500000,0x000000bb08600000) (1024K)]
  0x0000021f7a5b2e40 WorkerThread "GC Thread#5"                     [id=8116, stack(0x000000bb08600000,0x000000bb08700000) (1024K)]
  0x0000021f7a6fb220 WorkerThread "GC Thread#6"                     [id=19080, stack(0x000000bb08800000,0x000000bb08900000) (1024K)]
  0x0000021f7a6fb5d0 WorkerThread "GC Thread#7"                     [id=21680, stack(0x000000bb08900000,0x000000bb08a00000) (1024K)]
  0x0000021f22b95e70 ConcurrentGCThread "G1 Main Marker"            [id=7212, stack(0x000000bb07200000,0x000000bb07300000) (1024K)]
  0x0000021f22b97930 WorkerThread "G1 Conc#0"                       [id=29832, stack(0x000000bb07300000,0x000000bb07400000) (1024K)]
  0x0000021f7a6f9fb0 WorkerThread "G1 Conc#1"                       [id=3092, stack(0x000000bb07f00000,0x000000bb08000000) (1024K)]
  0x0000021f22bfea20 ConcurrentGCThread "G1 Refine#0"               [id=17368, stack(0x000000bb07400000,0x000000bb07500000) (1024K)]
  0x0000021f3472a580 ConcurrentGCThread "G1 Service"                [id=29564, stack(0x000000bb07500000,0x000000bb07600000) (1024K)]
Total: 15

Threads with active compile tasks:
Total: 0

VM state: synchronizing (normal execution)

VM Mutex/Monitor currently owned by a thread:  ([mutex/lock_event])
[0x00007ffe18d5edf0] Metaspace_lock - owner thread: 0x0000021f229a8ad0
[0x00007ffe18d60df0] Threads_lock - owner thread: 0x0000021f34875420

Heap address: 0x00000000a2c00000, size: 1492 MB, Compressed Oops mode: 32-bit

CDS archive(s) mapped at: [0x0000021f35000000-0x0000021f35c90000-0x0000021f35c90000), size 13172736, SharedBaseAddress: 0x0000021f35000000, ArchiveRelocationMode: 1.
Compressed class space mapped at: 0x0000021f36000000-0x0000021f76000000, reserved size: 1073741824
Narrow klass base: 0x0000021f35000000, Narrow klass shift: 0, Narrow klass range: 0x100000000

GC Precious Log:
 CardTable entry size: 512
 Card Set container configuration: InlinePtr #cards 5 size 8 Array Of Cards #cards 12 size 40 Howl #buckets 4 coarsen threshold 1843 Howl Bitmap #cards 512 size 80 coarsen threshold 460 Card regions per heap region 1 cards per card region 2048
 CPUs: 8 total, 8 available
 Memory: 5965M
 Large Page Support: Disabled
 NUMA Support: Disabled
 Compressed Oops: Enabled (32-bit)
 Heap Region Size: 1M
 Heap Min Capacity: 8M
 Heap Initial Capacity: 94M
 Heap Max Capacity: 1492M
 Pre-touch: Disabled
 Parallel Workers: 8
 Concurrent Workers: 2
 Concurrent Refinement Workers: 8
 Periodic GC: Disabled

Heap:
 garbage-first heap   total 61440K, used 56696K [0x00000000a2c00000, 0x0000000100000000)
  region size 1024K, 41 young (41984K), 1 survivors (1024K)
 Metaspace       used 26972K, committed 27456K, reserved 1114112K
  class space    used 3845K, committed 4096K, reserved 1048576K

Heap Regions: E=young(eden), S=young(survivor), O=old, HS=humongous(starts), HC=humongous(continues), CS=collection set, F=free, TAMS=top-at-mark-start, PB=parsable bottom
|   0|0x00000000a2c00000, 0x00000000a2d00000, 0x00000000a2d00000|100%|HS|  |TAMS 0x00000000a2c00000| PB 0x00000000a2c00000| Complete 
|   1|0x00000000a2d00000, 0x00000000a2e00000, 0x00000000a2e00000|100%|HS|  |TAMS 0x00000000a2d00000| PB 0x00000000a2d00000| Complete 
|   2|0x00000000a2e00000, 0x00000000a2f00000, 0x00000000a2f00000|100%| O|  |TAMS 0x00000000a2e00000| PB 0x00000000a2e00000| Untracked 
|   3|0x00000000a2f00000, 0x00000000a3000000, 0x00000000a3000000|100%| O|  |TAMS 0x00000000a2f00000| PB 0x00000000a2f00000| Untracked 
|   4|0x00000000a3000000, 0x00000000a3100000, 0x00000000a3100000|100%| O|  |TAMS 0x00000000a3000000| PB 0x00000000a3000000| Untracked 
|   5|0x00000000a3100000, 0x00000000a3200000, 0x00000000a3200000|100%| O|  |TAMS 0x00000000a3100000| PB 0x00000000a3100000| Untracked 
|   6|0x00000000a3200000, 0x00000000a3300000, 0x00000000a3300000|100%| O|  |TAMS 0x00000000a3200000| PB 0x00000000a3200000| Untracked 
|   7|0x00000000a3300000, 0x00000000a3400000, 0x00000000a3400000|100%| O|  |TAMS 0x00000000a3300000| PB 0x00000000a3300000| Untracked 
|   8|0x00000000a3400000, 0x00000000a3500000, 0x00000000a3500000|100%| O|  |TAMS 0x00000000a3400000| PB 0x00000000a3400000| Untracked 
|   9|0x00000000a3500000, 0x00000000a3600000, 0x00000000a3600000|100%| O|  |TAMS 0x00000000a3500000| PB 0x00000000a3500000| Untracked 
|  10|0x00000000a3600000, 0x00000000a3700000, 0x00000000a3700000|100%| O|  |TAMS 0x00000000a3600000| PB 0x00000000a3600000| Untracked 
|  11|0x00000000a3700000, 0x00000000a3800000, 0x00000000a3800000|100%| O|  |TAMS 0x00000000a3700000| PB 0x00000000a3700000| Untracked 
|  12|0x00000000a3800000, 0x00000000a3900000, 0x00000000a3900000|100%| O|  |TAMS 0x00000000a3800000| PB 0x00000000a3800000| Untracked 
|  13|0x00000000a3900000, 0x00000000a3a00000, 0x00000000a3a00000|100%| O|  |TAMS 0x00000000a3900000| PB 0x00000000a3900000| Untracked 
|  14|0x00000000a3a00000, 0x00000000a3b00000, 0x00000000a3b00000|100%| O|  |TAMS 0x00000000a3a00000| PB 0x00000000a3a00000| Untracked 
|  15|0x00000000a3b00000, 0x00000000a3b5e180, 0x00000000a3c00000| 36%| O|Cm|TAMS 0x00000000a3b00000| PB 0x00000000a3b00000| Complete 
|  16|0x00000000a3c00000, 0x00000000a3c00000, 0x00000000a3d00000|  0%| F|  |TAMS 0x00000000a3c00000| PB 0x00000000a3c00000| Untracked 
|  17|0x00000000a3d00000, 0x00000000a3d00000, 0x00000000a3e00000|  0%| F|  |TAMS 0x00000000a3d00000| PB 0x00000000a3d00000| Untracked 
|  18|0x00000000a3e00000, 0x00000000a3e00000, 0x00000000a3f00000|  0%| F|  |TAMS 0x00000000a3e00000| PB 0x00000000a3e00000| Untracked 
|  19|0x00000000a3f00000, 0x00000000a4000000, 0x00000000a4000000|100%| E|  |TAMS 0x00000000a3f00000| PB 0x00000000a3f00000| Complete 
|  20|0x00000000a4000000, 0x00000000a4100000, 0x00000000a4100000|100%| E|CS|TAMS 0x00000000a4000000| PB 0x00000000a4000000| Complete 
|  21|0x00000000a4100000, 0x00000000a4200000, 0x00000000a4200000|100%| E|CS|TAMS 0x00000000a4100000| PB 0x00000000a4100000| Complete 
|  22|0x00000000a4200000, 0x00000000a4300000, 0x00000000a4300000|100%| E|CS|TAMS 0x00000000a4200000| PB 0x00000000a4200000| Complete 
|  23|0x00000000a4300000, 0x00000000a4400000, 0x00000000a4400000|100%| E|CS|TAMS 0x00000000a4300000| PB 0x00000000a4300000| Complete 
|  24|0x00000000a4400000, 0x00000000a4500000, 0x00000000a4500000|100%| E|CS|TAMS 0x00000000a4400000| PB 0x00000000a4400000| Complete 
|  25|0x00000000a4500000, 0x00000000a4600000, 0x00000000a4600000|100%| E|CS|TAMS 0x00000000a4500000| PB 0x00000000a4500000| Complete 
|  26|0x00000000a4600000, 0x00000000a4700000, 0x00000000a4700000|100%| E|CS|TAMS 0x00000000a4600000| PB 0x00000000a4600000| Complete 
|  27|0x00000000a4700000, 0x00000000a4800000, 0x00000000a4800000|100%| E|CS|TAMS 0x00000000a4700000| PB 0x00000000a4700000| Complete 
|  28|0x00000000a4800000, 0x00000000a4900000, 0x00000000a4900000|100%| E|CS|TAMS 0x00000000a4800000| PB 0x00000000a4800000| Complete 
|  29|0x00000000a4900000, 0x00000000a4a00000, 0x00000000a4a00000|100%| E|CS|TAMS 0x00000000a4900000| PB 0x00000000a4900000| Complete 
|  30|0x00000000a4a00000, 0x00000000a4b00000, 0x00000000a4b00000|100%| E|CS|TAMS 0x00000000a4a00000| PB 0x00000000a4a00000| Complete 
|  31|0x00000000a4b00000, 0x00000000a4c00000, 0x00000000a4c00000|100%| E|CS|TAMS 0x00000000a4b00000| PB 0x00000000a4b00000| Complete 
|  32|0x00000000a4c00000, 0x00000000a4d00000, 0x00000000a4d00000|100%| E|CS|TAMS 0x00000000a4c00000| PB 0x00000000a4c00000| Complete 
|  33|0x00000000a4d00000, 0x00000000a4e00000, 0x00000000a4e00000|100%| E|CS|TAMS 0x00000000a4d00000| PB 0x00000000a4d00000| Complete 
|  34|0x00000000a4e00000, 0x00000000a4f00000, 0x00000000a4f00000|100%| E|CS|TAMS 0x00000000a4e00000| PB 0x00000000a4e00000| Complete 
|  35|0x00000000a4f00000, 0x00000000a5000000, 0x00000000a5000000|100%| E|CS|TAMS 0x00000000a4f00000| PB 0x00000000a4f00000| Complete 
|  36|0x00000000a5000000, 0x00000000a5100000, 0x00000000a5100000|100%| E|CS|TAMS 0x00000000a5000000| PB 0x00000000a5000000| Complete 
|  37|0x00000000a5100000, 0x00000000a5200000, 0x00000000a5200000|100%| E|CS|TAMS 0x00000000a5100000| PB 0x00000000a5100000| Complete 
|  38|0x00000000a5200000, 0x00000000a5300000, 0x00000000a5300000|100%| E|CS|TAMS 0x00000000a5200000| PB 0x00000000a5200000| Complete 
|  39|0x00000000a5300000, 0x00000000a5400000, 0x00000000a5400000|100%| E|CS|TAMS 0x00000000a5300000| PB 0x00000000a5300000| Complete 
|  40|0x00000000a5400000, 0x00000000a5500000, 0x00000000a5500000|100%| E|CS|TAMS 0x00000000a5400000| PB 0x00000000a5400000| Complete 
|  41|0x00000000a5500000, 0x00000000a5600000, 0x00000000a5600000|100%| E|CS|TAMS 0x00000000a5500000| PB 0x00000000a5500000| Complete 
|  42|0x00000000a5600000, 0x00000000a5700000, 0x00000000a5700000|100%| E|CS|TAMS 0x00000000a5600000| PB 0x00000000a5600000| Complete 
|  43|0x00000000a5700000, 0x00000000a5800000, 0x00000000a5800000|100%| E|CS|TAMS 0x00000000a5700000| PB 0x00000000a5700000| Complete 
|  44|0x00000000a5800000, 0x00000000a5900000, 0x00000000a5900000|100%| E|CS|TAMS 0x00000000a5800000| PB 0x00000000a5800000| Complete 
|  45|0x00000000a5900000, 0x00000000a5a00000, 0x00000000a5a00000|100%| E|CS|TAMS 0x00000000a5900000| PB 0x00000000a5900000| Complete 
|  46|0x00000000a5a00000, 0x00000000a5b00000, 0x00000000a5b00000|100%| E|CS|TAMS 0x00000000a5a00000| PB 0x00000000a5a00000| Complete 
|  47|0x00000000a5b00000, 0x00000000a5c00000, 0x00000000a5c00000|100%| E|CS|TAMS 0x00000000a5b00000| PB 0x00000000a5b00000| Complete 
|  48|0x00000000a5c00000, 0x00000000a5d00000, 0x00000000a5d00000|100%| E|CS|TAMS 0x00000000a5c00000| PB 0x00000000a5c00000| Complete 
|  49|0x00000000a5d00000, 0x00000000a5e00000, 0x00000000a5e00000|100%| E|CS|TAMS 0x00000000a5d00000| PB 0x00000000a5d00000| Complete 
|  50|0x00000000a5e00000, 0x00000000a5f00000, 0x00000000a5f00000|100%| E|CS|TAMS 0x00000000a5e00000| PB 0x00000000a5e00000| Complete 
|  51|0x00000000a5f00000, 0x00000000a6000000, 0x00000000a6000000|100%| E|CS|TAMS 0x00000000a5f00000| PB 0x00000000a5f00000| Complete 
|  52|0x00000000a6000000, 0x00000000a6100000, 0x00000000a6100000|100%| E|CS|TAMS 0x00000000a6000000| PB 0x00000000a6000000| Complete 
|  53|0x00000000a6100000, 0x00000000a6200000, 0x00000000a6200000|100%| E|CS|TAMS 0x00000000a6100000| PB 0x00000000a6100000| Complete 
|  54|0x00000000a6200000, 0x00000000a6300000, 0x00000000a6300000|100%| E|CS|TAMS 0x00000000a6200000| PB 0x00000000a6200000| Complete 
|  55|0x00000000a6300000, 0x00000000a6400000, 0x00000000a6400000|100%| E|CS|TAMS 0x00000000a6300000| PB 0x00000000a6300000| Complete 
|  56|0x00000000a6400000, 0x00000000a6500000, 0x00000000a6500000|100%| E|CS|TAMS 0x00000000a6400000| PB 0x00000000a6400000| Complete 
|  57|0x00000000a6500000, 0x00000000a6600000, 0x00000000a6600000|100%| E|CS|TAMS 0x00000000a6500000| PB 0x00000000a6500000| Complete 
|  88|0x00000000a8400000, 0x00000000a8500000, 0x00000000a8500000|100%| S|CS|TAMS 0x00000000a8400000| PB 0x00000000a8400000| Complete 
|  93|0x00000000a8900000, 0x00000000a8a00000, 0x00000000a8a00000|100%| E|CS|TAMS 0x00000000a8900000| PB 0x00000000a8900000| Complete 

Card table byte_map: [0x0000021f303b0000,0x0000021f306a0000] _byte_map_base: 0x0000021f2fe9a000

Marking Bits: (CMBitMap*) 0x0000021f22b88c90
 Bits: [0x0000021f306a0000, 0x0000021f31df0000)

Polling page: 0x0000021f22c00000

Metaspace:

Usage:
  Non-class:     22.59 MB used.
      Class:      3.76 MB used.
       Both:     26.34 MB used.

Virtual space:
  Non-class space:       64.00 MB reserved,      22.81 MB ( 36%) committed,  1 nodes.
      Class space:        1.00 GB reserved,       4.00 MB ( <1%) committed,  1 nodes.
             Both:        1.06 GB reserved,      26.81 MB (  2%) committed. 

Chunk freelists:
   Non-Class:  8.95 MB
       Class:  11.97 MB
        Both:  20.92 MB

MaxMetaspaceSize: unlimited
CompressedClassSpaceSize: 1.00 GB
Initial GC threshold: 21.00 MB
Current GC threshold: 35.12 MB
CDS: on
 - commit_granule_bytes: 65536.
 - commit_granule_words: 8192.
 - virtual_space_node_default_size: 8388608.
 - enlarge_chunks_in_place: 1.
 - use_allocation_guard: 0.


Internal statistics:

num_allocs_failed_limit: 3.
num_arena_births: 590.
num_arena_deaths: 0.
num_vsnodes_births: 2.
num_vsnodes_deaths: 0.
num_space_committed: 429.
num_space_uncommitted: 0.
num_chunks_returned_to_freelist: 3.
num_chunks_taken_from_freelist: 1642.
num_chunk_merges: 3.
num_chunk_splits: 1102.
num_chunks_enlarged: 798.
num_inconsistent_stats: 0.

CodeCache: size=49152Kb used=7253Kb max_used=7253Kb free=41898Kb
 bounds [0x0000021f2c7d0000, 0x0000021f2cef0000, 0x0000021f2f7d0000]
 total_blobs=4361 nmethods=3842 adapters=443
 compilation: enabled
              stopped_count=0, restarted_count=0
 full_count=0

Compilation events (20 events):
Event: 12.892 Thread 0x0000021f34897d50 3829       1       org.springframework.aop.support.ComposablePointcut::getClassFilter (5 bytes)
Event: 12.892 Thread 0x0000021f34897d50 nmethod 3829 0x0000021f2cee2410 code [0x0000021f2cee25a0, 0x0000021f2cee2668]
Event: 12.892 Thread 0x0000021f34897d50 3830       1       org.springframework.beans.factory.config.BeanPostProcessor::postProcessAfterInitialization (2 bytes)
Event: 12.893 Thread 0x0000021f34897d50 nmethod 3830 0x0000021f2cee2710 code [0x0000021f2cee28a0, 0x0000021f2cee2968]
Event: 12.893 Thread 0x0000021f34897d50 3831       1       org.springframework.core.BridgeMethodResolver$$Lambda/0x0000021f363ad218::doWith (11 bytes)
Event: 12.893 Thread 0x0000021f34897d50 nmethod 3831 0x0000021f2cee2a10 code [0x0000021f2cee2bc0, 0x0000021f2cee2cb8]
Event: 12.893 Thread 0x0000021f34897d50 3832       1       org.springframework.core.BridgeMethodResolver$$Lambda/0x0000021f363acff0::<init> (10 bytes)
Event: 12.893 Thread 0x0000021f34897d50 nmethod 3832 0x0000021f2cee2d90 code [0x0000021f2cee2f20, 0x0000021f2cee3030]
Event: 12.893 Thread 0x0000021f34897d50 3833       1       org.springframework.core.BridgeMethodResolver$$Lambda/0x0000021f363ad218::<init> (10 bytes)
Event: 12.893 Thread 0x0000021f34897d50 nmethod 3833 0x0000021f2cee3090 code [0x0000021f2cee3220, 0x0000021f2cee3330]
Event: 12.893 Thread 0x0000021f34897d50 3834       1       org.springframework.util.ReflectionUtils::getAllDeclaredMethods (38 bytes)
Event: 12.894 Thread 0x0000021f34897d50 nmethod 3834 0x0000021f2cee3390 code [0x0000021f2cee3580, 0x0000021f2cee3800]
Event: 12.894 Thread 0x0000021f34897d50 3835       1       org.springframework.util.ReflectionUtils$$Lambda/0x0000021f362fcfc0::<init> (10 bytes)
Event: 12.894 Thread 0x0000021f34897d50 nmethod 3835 0x0000021f2cee3990 code [0x0000021f2cee3b20, 0x0000021f2cee3c30]
Event: 12.894 Thread 0x0000021f34897d50 3836       1       org.springframework.util.ReflectionUtils::doWithMethods (7 bytes)
Event: 12.894 Thread 0x0000021f34897d50 nmethod 3836 0x0000021f2cee3c90 code [0x0000021f2cee3e40, 0x0000021f2cee3f08]
Event: 12.895 Thread 0x0000021f34897d50 3837       1       java.lang.reflect.Method::isDefault (28 bytes)
Event: 12.895 Thread 0x0000021f34897d50 nmethod 3837 0x0000021f2cee3f90 code [0x0000021f2cee4140, 0x0000021f2cee4258]
Event: 12.924 Thread 0x0000021f34897d50 3842       1       java.lang.invoke.InvokerBytecodeGenerator::emitReturnInsn (122 bytes)
Event: 12.925 Thread 0x0000021f34897d50 nmethod 3842 0x0000021f2cee4f10 code [0x0000021f2cee5120, 0x0000021f2cee5528]

GC Heap History (8 events):
Event: 1.408 GC heap before
{Heap before GC invocations=0 (full 0):
 garbage-first heap   total 96256K, used 25600K [0x00000000a2c00000, 0x0000000100000000)
  region size 1024K, 23 young (23552K), 0 survivors (0K)
 Metaspace       used 5427K, committed 5632K, reserved 1114112K
  class space    used 730K, committed 832K, reserved 1048576K
}
Event: 1.417 GC heap after
{Heap after GC invocations=1 (full 0):
 garbage-first heap   total 96256K, used 8192K [0x00000000a2c00000, 0x0000000100000000)
  region size 1024K, 3 young (3072K), 3 survivors (3072K)
 Metaspace       used 5427K, committed 5632K, reserved 1114112K
  class space    used 730K, committed 832K, reserved 1048576K
}
Event: 2.195 GC heap before
{Heap before GC invocations=1 (full 0):
 garbage-first heap   total 96256K, used 35840K [0x00000000a2c00000, 0x0000000100000000)
  region size 1024K, 31 young (31744K), 3 survivors (3072K)
 Metaspace       used 11453K, committed 11776K, reserved 1114112K
  class space    used 1729K, committed 1856K, reserved 1048576K
}
Event: 2.202 GC heap after
{Heap after GC invocations=2 (full 0):
 garbage-first heap   total 96256K, used 10596K [0x00000000a2c00000, 0x0000000100000000)
  region size 1024K, 3 young (3072K), 3 survivors (3072K)
 Metaspace       used 11453K, committed 11776K, reserved 1114112K
  class space    used 1729K, committed 1856K, reserved 1048576K
}
Event: 6.842 GC heap before
{Heap before GC invocations=2 (full 0):
 garbage-first heap   total 96256K, used 63844K [0x00000000a2c00000, 0x0000000100000000)
  region size 1024K, 56 young (57344K), 3 survivors (3072K)
 Metaspace       used 20414K, committed 20800K, reserved 1114112K
  class space    used 2836K, committed 3008K, reserved 1048576K
}
Event: 6.859 GC heap after
{Heap after GC invocations=3 (full 0):
 garbage-first heap   total 96256K, used 15615K [0x00000000a2c00000, 0x0000000100000000)
  region size 1024K, 7 young (7168K), 7 survivors (7168K)
 Metaspace       used 20414K, committed 20800K, reserved 1114112K
  class space    used 2836K, committed 3008K, reserved 1048576K
}
Event: 9.100 GC heap before
{Heap before GC invocations=3 (full 0):
 garbage-first heap   total 96256K, used 19711K [0x00000000a2c00000, 0x0000000100000000)
  region size 1024K, 12 young (12288K), 7 survivors (7168K)
 Metaspace       used 21090K, committed 21504K, reserved 1114112K
  class space    used 2931K, committed 3136K, reserved 1048576K
}
Event: 9.117 GC heap after
{Heap after GC invocations=4 (full 0):
 garbage-first heap   total 96256K, used 16760K [0x00000000a2c00000, 0x0000000100000000)
  region size 1024K, 1 young (1024K), 1 survivors (1024K)
 Metaspace       used 21090K, committed 21504K, reserved 1114112K
  class space    used 2931K, committed 3136K, reserved 1048576K
}

Dll operation events (6 events):
Event: 0.018 Loaded shared library C:\Program Files\Java\jdk-21\bin\java.dll
Event: 0.177 Loaded shared library C:\Program Files\Java\jdk-21\bin\net.dll
Event: 0.182 Loaded shared library C:\Program Files\Java\jdk-21\bin\nio.dll
Event: 0.193 Loaded shared library C:\Program Files\Java\jdk-21\bin\zip.dll
Event: 0.406 Loaded shared library C:\Program Files\Java\jdk-21\bin\jimage.dll
Event: 6.326 Loaded shared library C:\Program Files\Java\jdk-21\bin\sunmscapi.dll

Deoptimization events (0 events):
No events

Classes loaded (20 events):
Event: 12.883 Loading class java/util/function/ObjIntConsumer
Event: 12.884 Loading class java/util/function/ObjIntConsumer done
Event: 12.895 Loading class jdk/internal/classfile/ClassBuilder
Event: 12.896 Loading class jdk/internal/classfile/ClassfileBuilder
Event: 12.897 Loading class jdk/internal/classfile/ClassfileBuilder done
Event: 12.897 Loading class jdk/internal/classfile/ClassBuilder done
Event: 12.897 Loading class jdk/internal/classfile/ClassElement
Event: 12.897 Loading class jdk/internal/classfile/ClassfileElement
Event: 12.897 Loading class jdk/internal/classfile/ClassfileElement done
Event: 12.898 Loading class jdk/internal/classfile/ClassElement done
Event: 12.920 Loading class javax/management/MBeanRegistrationException
Event: 12.920 Loading class javax/management/MBeanException
Event: 12.921 Loading class javax/management/JMException
Event: 12.921 Loading class javax/management/JMException done
Event: 12.921 Loading class javax/management/MBeanException done
Event: 12.921 Loading class javax/management/MBeanRegistrationException done
Event: 12.922 Loading class javax/management/InstanceNotFoundException
Event: 12.922 Loading class javax/management/OperationsException
Event: 12.922 Loading class javax/management/OperationsException done
Event: 12.922 Loading class javax/management/InstanceNotFoundException done

Classes unloaded (0 events):
No events

Classes redefined (0 events):
No events

Internal exceptions (20 events):
Event: 10.005 Thread 0x0000021f229a8ad0 Exception <a 'java/lang/NoSuchMethodError'{0x00000000a51c09b8}: 'int java.lang.invoke.Invokers$Holder.linkToTargetMethod(java.lang.Object, java.lang.Object, java.lang.Object)'> (0x00000000a51c09b8) 
thrown [s\open\src\hotspot\share\interpreter\linkResolver.cpp, line 773]
Event: 10.108 Thread 0x0000021f229a8ad0 Exception <a 'java/lang/NoSuchMethodError'{0x00000000a4f13180}: 'void java.lang.invoke.Invokers$Holder.invokeExact_MT(java.lang.Object, java.lang.Object, java.lang.Object)'> (0x00000000a4f13180) 
thrown [s\open\src\hotspot\share\interpreter\linkResolver.cpp, line 773]
Event: 10.165 Thread 0x0000021f229a8ad0 Exception <a 'java/lang/NoClassDefFoundError'{0x00000000a4ff3018}: org/flywaydb/core/Flyway> (0x00000000a4ff3018) 
thrown [s\open\src\hotspot\share\classfile\systemDictionary.cpp, line 301]
Event: 10.165 Thread 0x0000021f229a8ad0 Exception <a 'java/lang/NoClassDefFoundError'{0x00000000a4ff4f48}: liquibase/integration/spring/SpringLiquibase> (0x00000000a4ff4f48) 
thrown [s\open\src\hotspot\share\classfile\systemDictionary.cpp, line 301]
Event: 10.184 Thread 0x0000021f229a8ad0 Exception <a 'java/lang/NoClassDefFoundError'{0x00000000a4e47128}: org/jooq/DSLContext> (0x00000000a4e47128) 
thrown [s\open\src\hotspot\share\classfile\systemDictionary.cpp, line 301]
Event: 10.250 Thread 0x0000021f229a8ad0 Exception <a 'java/lang/NoClassDefFoundError'{0x00000000a4c91250}: org/springframework/batch/core/repository/JobRepository> (0x00000000a4c91250) 
thrown [s\open\src\hotspot\share\classfile\systemDictionary.cpp, line 301]
Event: 10.251 Thread 0x0000021f229a8ad0 Exception <a 'java/lang/NoClassDefFoundError'{0x00000000a4c92ef0}: org/quartz/Scheduler> (0x00000000a4c92ef0) 
thrown [s\open\src\hotspot\share\classfile\systemDictionary.cpp, line 301]
Event: 10.251 Thread 0x0000021f229a8ad0 Exception <a 'java/lang/NoClassDefFoundError'{0x00000000a4c950c0}: org/springframework/session/jdbc/JdbcIndexedSessionRepository> (0x00000000a4c950c0) 
thrown [s\open\src\hotspot\share\classfile\systemDictionary.cpp, line 301]
Event: 10.337 Thread 0x0000021f229a8ad0 Exception <a 'java/lang/NoSuchMethodError'{0x00000000a4a046a0}: 'void java.lang.invoke.DirectMethodHandle$Holder.invokeSpecial(java.lang.Object, java.lang.Object, java.lang.Object, java.lang.Object, java.lang.Object, java.lang.Object)'> (0x00000000a4a046a0) 
thrown [s\open\src\hotspot\share\interpreter\linkResolver.cpp, line 773]
Event: 10.400 Thread 0x0000021f229a8ad0 Exception <a 'java/lang/IncompatibleClassChangeError'{0x00000000a4991848}: Found class java.lang.Object, but interface was expected> (0x00000000a4991848) 
thrown [s\open\src\hotspot\share\interpreter\linkResolver.cpp, line 840]
Event: 10.481 Thread 0x0000021f229a8ad0 Exception <a 'java/lang/NoSuchMethodError'{0x00000000a47692d0}: 'int java.lang.invoke.DirectMethodHandle$Holder.invokeSpecialIFC(java.lang.Object, java.lang.Object, java.lang.Object)'> (0x00000000a47692d0) 
thrown [s\open\src\hotspot\share\interpreter\linkResolver.cpp, line 773]
Event: 11.653 Thread 0x0000021f229a8ad0 Exception <a 'java/lang/NoSuchMethodError'{0x00000000a45d2610}: 'java.lang.Object java.lang.invoke.DirectMethodHandle$Holder.invokeVirtual(java.lang.Object, java.lang.Object, java.lang.Object, java.lang.Object, java.lang.Object)'> (0x00000000a45d2610) 
thrown [s\open\src\hotspot\share\interpreter\linkResolver.cpp, line 773]
Event: 11.815 Thread 0x0000021f229a8ad0 Exception <a 'java/lang/NoSuchMethodError'{0x00000000a42995a8}: 'java.lang.Object java.lang.invoke.DirectMethodHandle$Holder.invokeVirtual(java.lang.Object, java.lang.Object, java.lang.Object, java.lang.Object, java.lang.Object, java.lang.Object)'> (0x00000000a42995a8) 
thrown [s\open\src\hotspot\share\interpreter\linkResolver.cpp, line 773]
Event: 12.903 Thread 0x0000021f229a8ad0 Exception <a 'java/lang/NoSuchMethodError'{0x00000000a400ba78}: 'void java.lang.invoke.DirectMethodHandle$Holder.invokeStatic(java.lang.Object, int, java.lang.Object)'> (0x00000000a400ba78) 
thrown [s\open\src\hotspot\share\interpreter\linkResolver.cpp, line 773]
Event: 12.907 Thread 0x0000021f229a8ad0 Exception <a 'java/lang/NoSuchMethodError'{0x00000000a402fa38}: 'void java.lang.invoke.DirectMethodHandle$Holder.invokeInterface(java.lang.Object, java.lang.Object, int)'> (0x00000000a402fa38) 
thrown [s\open\src\hotspot\share\interpreter\linkResolver.cpp, line 773]
Event: 12.912 Thread 0x0000021f229a8ad0 Exception <a 'java/lang/IncompatibleClassChangeError'{0x00000000a40724c0}: Found class java.lang.Object, but interface was expected> (0x00000000a40724c0) 
thrown [s\open\src\hotspot\share\interpreter\linkResolver.cpp, line 840]
Event: 12.923 Thread 0x0000021f229a8ad0 Exception <a 'java/lang/NoSuchMethodError'{0x00000000a40bb9d8}: 'void java.lang.invoke.DirectMethodHandle$Holder.invokeStatic(java.lang.Object, java.lang.Object, java.lang.Object, int, java.lang.Object)'> (0x00000000a40bb9d8) 
thrown [s\open\src\hotspot\share\interpreter\linkResolver.cpp, line 773]
Event: 12.924 Thread 0x0000021f229a8ad0 Exception <a 'java/lang/NoSuchMethodError'{0x00000000a40c2238}: 'java.lang.Object java.lang.invoke.DirectMethodHandle$Holder.newInvokeSpecial(java.lang.Object, java.lang.Object, java.lang.Object, int)'> (0x00000000a40c2238) 
thrown [s\open\src\hotspot\share\interpreter\linkResolver.cpp, line 773]
Event: 12.924 Thread 0x0000021f229a8ad0 Exception <a 'java/lang/NoSuchMethodError'{0x00000000a40c6088}: 'java.lang.Object java.lang.invoke.DirectMethodHandle$Holder.invokeSpecial(java.lang.Object, java.lang.Object, java.lang.Object, java.lang.Object, int)'> (0x00000000a40c6088) 
thrown [s\open\src\hotspot\share\interpreter\linkResolver.cpp, line 773]
Event: 12.924 Thread 0x0000021f229a8ad0 Exception <a 'java/lang/NoSuchMethodError'{0x00000000a40c9520}: 'java.lang.Object java.lang.invoke.Invokers$Holder.linkToTargetMethod(java.lang.Object, java.lang.Object, int, java.lang.Object)'> (0x00000000a40c9520) 
thrown [s\open\src\hotspot\share\interpreter\linkResolver.cpp, line 773]

ZGC Phase Switch (0 events):
No events

VM Operations (20 events):
Event: 9.438 Executing VM operation: HandshakeAllThreads (Deoptimize) done
Event: 9.440 Executing VM operation: HandshakeAllThreads (Deoptimize)
Event: 9.440 Executing VM operation: HandshakeAllThreads (Deoptimize) done
Event: 9.613 Executing VM operation: HandshakeAllThreads (Deoptimize)
Event: 9.613 Executing VM operation: HandshakeAllThreads (Deoptimize) done
Event: 9.705 Executing VM operation: HandshakeAllThreads (Deoptimize)
Event: 9.705 Executing VM operation: HandshakeAllThreads (Deoptimize) done
Event: 9.982 Executing VM operation: HandshakeAllThreads (Deoptimize)
Event: 9.982 Executing VM operation: HandshakeAllThreads (Deoptimize) done
Event: 9.987 Executing VM operation: HandshakeAllThreads (Deoptimize)
Event: 9.987 Executing VM operation: HandshakeAllThreads (Deoptimize) done
Event: 10.110 Executing VM operation: ICBufferFull
Event: 10.111 Executing VM operation: ICBufferFull done
Event: 10.359 Executing VM operation: HandshakeAllThreads (Deoptimize)
Event: 10.359 Executing VM operation: HandshakeAllThreads (Deoptimize) done
Event: 11.358 Executing VM operation: Cleanup
Event: 11.523 Executing VM operation: Cleanup done
Event: 12.530 Executing VM operation: Cleanup
Event: 12.881 Executing VM operation: Cleanup done
Event: 13.891 Executing VM operation: Cleanup

Events (16 events):
Event: 0.037 Thread 0x0000021f229a8ad0 Thread added: 0x0000021f229a8ad0
Event: 0.057 Thread 0x0000021f3488de70 Thread added: 0x0000021f3488de70
Event: 0.058 Thread 0x0000021f3488e8d0 Thread added: 0x0000021f3488e8d0
Event: 0.058 Thread 0x0000021f34892c20 Thread added: 0x0000021f34892c20
Event: 0.058 Thread 0x0000021f34893680 Thread added: 0x0000021f34893680
Event: 0.058 Thread 0x0000021f348940e0 Thread added: 0x0000021f348940e0
Event: 0.059 Thread 0x0000021f348972f0 Thread added: 0x0000021f348972f0
Event: 0.059 Thread 0x0000021f34897d50 Thread added: 0x0000021f34897d50
Event: 0.155 Thread 0x0000021f34ab8090 Thread added: 0x0000021f34ab8090
Event: 0.159 Thread 0x0000021f34aed660 Thread added: 0x0000021f34aed660
Event: 0.165 Thread 0x0000021f34aefce0 Thread added: 0x0000021f34aefce0
Event: 1.756 Thread 0x0000021f7a6715b0 Thread added: 0x0000021f7a6715b0
Event: 4.896 Thread 0x0000021f7aca4810 Thread added: 0x0000021f7aca4810
Event: 4.969 Thread 0x0000021f7aca4810 Thread exited: 0x0000021f7aca4810
Event: 6.063 Thread 0x0000021f34ab8090 Thread exited: 0x0000021f34ab8090
Event: 6.336 Thread 0x0000021f7a6715b0 Thread exited: 0x0000021f7a6715b0


Dynamic libraries:
0x00007ff652ab0000 - 0x00007ff652ac0000 	C:\Program Files\Java\jdk-21\bin\java.exe
0x00007ffec2b00000 - 0x00007ffec2d68000 	C:\WINDOWS\SYSTEM32\ntdll.dll
0x00007ffec0ef0000 - 0x00007ffec0fb9000 	C:\WINDOWS\System32\KERNEL32.DLL
0x00007ffec0280000 - 0x00007ffec0672000 	C:\WINDOWS\System32\KERNELBASE.dll
0x00007ffebfe90000 - 0x00007ffebffdb000 	C:\WINDOWS\System32\ucrtbase.dll
0x00007ffeab000000 - 0x00007ffeab019000 	C:\Program Files\Java\jdk-21\bin\jli.dll
0x00007ffea92e0000 - 0x00007ffea92fb000 	C:\Program Files\Java\jdk-21\bin\VCRUNTIME140.dll
0x00007ffec1d30000 - 0x00007ffec1de4000 	C:\WINDOWS\System32\ADVAPI32.dll
0x00007ffec2910000 - 0x00007ffec29b9000 	C:\WINDOWS\System32\msvcrt.dll
0x00007ffec09a0000 - 0x00007ffec0a46000 	C:\WINDOWS\System32\sechost.dll
0x00007ffec27a0000 - 0x00007ffec28b8000 	C:\WINDOWS\System32\RPCRT4.dll
0x00007ffec20e0000 - 0x00007ffec22a5000 	C:\WINDOWS\System32\USER32.dll
0x00007ffec0800000 - 0x00007ffec0827000 	C:\WINDOWS\System32\win32u.dll
0x00007ffec17b0000 - 0x00007ffec17db000 	C:\WINDOWS\System32\GDI32.dll
0x00007ffea8db0000 - 0x00007ffea9043000 	C:\WINDOWS\WinSxS\amd64_microsoft.windows.common-controls_6595b64144ccf1df_6.0.26100.6899_none_3e0efeeae32e88c1\COMCTL32.dll
0x00007ffebffe0000 - 0x00007ffec010d000 	C:\WINDOWS\System32\gdi32full.dll
0x00007ffec0110000 - 0x00007ffec01b3000 	C:\WINDOWS\System32\msvcp_win.dll
0x00007ffeaf450000 - 0x00007ffeaf45b000 	C:\WINDOWS\SYSTEM32\VERSION.dll
0x00007ffec28c0000 - 0x00007ffec28ef000 	C:\WINDOWS\System32\IMM32.DLL
0x00007ffeba6b0000 - 0x00007ffeba6bc000 	C:\Program Files\Java\jdk-21\bin\vcruntime140_1.dll
0x00007ffe85f70000 - 0x00007ffe85ffe000 	C:\Program Files\Java\jdk-21\bin\msvcp140.dll
0x00007ffe18120000 - 0x00007ffe18e3d000 	C:\Program Files\Java\jdk-21\bin\server\jvm.dll
0x00007ffec0b00000 - 0x00007ffec0b74000 	C:\WINDOWS\System32\WS2_32.dll
0x00007ffebfaf0000 - 0x00007ffebfb4e000 	C:\WINDOWS\SYSTEM32\POWRPROF.dll
0x00007ffeb3c30000 - 0x00007ffeb3c65000 	C:\WINDOWS\SYSTEM32\WINMM.dll
0x00007ffebfad0000 - 0x00007ffebfae4000 	C:\WINDOWS\SYSTEM32\UMPDC.dll
0x00007ffebea60000 - 0x00007ffebea7b000 	C:\WINDOWS\SYSTEM32\kernel.appcore.dll
0x00007ffeb2c60000 - 0x00007ffeb2c6a000 	C:\Program Files\Java\jdk-21\bin\jimage.dll
0x00007ffebd660000 - 0x00007ffebd8a2000 	C:\WINDOWS\SYSTEM32\DBGHELP.DLL
0x00007ffec17e0000 - 0x00007ffec1b5b000 	C:\WINDOWS\System32\combase.dll
0x00007ffec0c50000 - 0x00007ffec0d27000 	C:\WINDOWS\System32\OLEAUT32.dll
0x00007ffea1f70000 - 0x00007ffea1fac000 	C:\WINDOWS\SYSTEM32\dbgcore.DLL
0x00007ffec0830000 - 0x00007ffec08c8000 	C:\WINDOWS\System32\bcryptPrimitives.dll
0x00007ffea7d50000 - 0x00007ffea7d6f000 	C:\Program Files\Java\jdk-21\bin\java.dll
0x00007ffec0fc0000 - 0x00007ffec170d000 	C:\WINDOWS\System32\SHELL32.dll
0x00007ffebfc90000 - 0x00007ffebfdfb000 	C:\WINDOWS\System32\wintypes.dll
0x00007ffebd8e0000 - 0x00007ffebe13d000 	C:\WINDOWS\SYSTEM32\windows.storage.dll
0x00007ffec29c0000 - 0x00007ffec2ab2000 	C:\WINDOWS\System32\SHCORE.dll
0x00007ffec1b60000 - 0x00007ffec1bc2000 	C:\WINDOWS\System32\shlwapi.dll
0x00007ffebfbb0000 - 0x00007ffebfbd9000 	C:\WINDOWS\SYSTEM32\profapi.dll
0x00007ffeb1380000 - 0x00007ffeb1390000 	C:\Program Files\Java\jdk-21\bin\net.dll
0x00007ffeb39a0000 - 0x00007ffeb3abf000 	C:\WINDOWS\SYSTEM32\WINHTTP.dll
0x00007ffebefd0000 - 0x00007ffebf03b000 	C:\WINDOWS\system32\mswsock.dll
0x00007ffe9f0b0000 - 0x00007ffe9f0c6000 	C:\Program Files\Java\jdk-21\bin\nio.dll
0x00007ffe9c8d0000 - 0x00007ffe9c8e8000 	C:\Program Files\Java\jdk-21\bin\zip.dll
0x00007ffeaafb0000 - 0x00007ffeaafbe000 	C:\Program Files\Java\jdk-21\bin\sunmscapi.dll
0x00007ffec0680000 - 0x00007ffec07f7000 	C:\WINDOWS\System32\CRYPT32.dll
0x00007ffebf420000 - 0x00007ffebf450000 	C:\WINDOWS\SYSTEM32\ncrypt.dll
0x00007ffebf3d0000 - 0x00007ffebf40f000 	C:\WINDOWS\SYSTEM32\NTASN1.dll

dbghelp: loaded successfully - version: 4.0.5 - missing functions: none
symbol engine: initialized successfully - sym options: 0x614 - pdb path: .;C:\Program Files\Java\jdk-21\bin;C:\WINDOWS\SYSTEM32;C:\WINDOWS\WinSxS\amd64_microsoft.windows.common-controls_6595b64144ccf1df_6.0.26100.6899_none_3e0efeeae32e88c1;C:\Program Files\Java\jdk-21\bin\server

VM Arguments:
jvm_args: -Dstdout.encoding=UTF-8 -Dstderr.encoding=UTF-8 -XX:TieredStopAtLevel=1 
java_command: com.fullStack.expenseTracker.ExpenseTrackerApplication
java_class_path (initial): C:\Users\balav\Downloads\Fullstack-Expense-Tracker-main\Fullstack-Expense-Tracker-main\backend\target\classes;C:\Users\balav\.m2\repository\org\springframework\boot\spring-boot\3.5.7\spring-boot-3.5.7.jar;C:\Users\balav\.m2\repository\org\springframework\boot\spring-boot-autoconfigure\3.5.7\spring-boot-autoconfigure-3.5.7.jar;C:\Users\balav\.m2\repository\ch\qos\logback\logback-classic\1.5.20\logback-classic-1.5.20.jar;C:\Users\balav\.m2\repository\ch\qos\logback\logback-core\1.5.20\logback-core-1.5.20.jar;C:\Users\balav\.m2\repository\org\apache\logging\log4j\log4j-to-slf4j\2.24.3\log4j-to-slf4j-2.24.3.jar;C:\Users\balav\.m2\repository\org\apache\logging\log4j\log4j-api\2.24.3\log4j-api-2.24.3.jar;C:\Users\balav\.m2\repository\org\slf4j\jul-to-slf4j\2.0.17\jul-to-slf4j-2.0.17.jar;C:\Users\balav\.m2\repository\jakarta\annotation\jakarta.annotation-api\2.1.1\jakarta.annotation-api-2.1.1.jar;C:\Users\balav\.m2\repository\org\yaml\snakeyaml\2.4\snakeyaml-2.4.jar;C:\Users\balav\.m2\repository\com\zaxxer\HikariCP\6.3.3\HikariCP-6.3.3.jar;C:\Users\balav\.m2\repository\org\springframework\spring-jdbc\6.2.12\spring-jdbc-6.2.12.jar;C:\Users\balav\.m2\repository\org\hibernate\orm\hibernate-core\6.6.33.Final\hibernate-core-6.6.33.Final.jar;C:\Users\balav\.m2\repository\jakarta\persistence\jakarta.persistence-api\3.1.0\jakarta.persistence-api-3.1.0.jar;C:\Users\balav\.m2\repository\jakarta\transaction\jakarta.transaction-api\2.0.1\jakarta.transaction-api-2.0.1.jar;C:\Users\balav\.m2\repository\org\jboss\logging\jboss-logging\3.6.1.Final\jboss-logging-3.6.1.Final.jar;C:\Users\balav\.m2\repository\org\hibernate\common\hibernate-commons-annotations\7.0.3.Final\hibernate-commons-annotations-7.0.3.Final.jar;C:\Users\balav\.m2\repository\io\smallrye\jandex\3.2.0\jandex-3.2.0.jar;C:\Users\balav\.m2\repository\com\fasterxml\classmate\1.7.1\classmate-1.7.1.jar;C:\Users\balav\.m2\repository\net\bytebuddy\byte-buddy\1.17.8\byte-buddy-1.17.8.jar;C:\Users\balav\.m2\repository\org\glassfish\jaxb\jaxb-runtime\4.0.6\jaxb-runtime-4.0.6.jar;C:\Users\balav\.m2\repository\org\glassfish\jaxb\jaxb-core\4.0.6\jaxb-core-4.0.6.jar;C:\Users\balav\.m2\repository\org\glassfish\jaxb\txw2\4.0.6\txw2-4.0.6.jar;C:\Users\balav\.m2\repository\com\sun\istack\istack-commons-runtime\4.1.2\istack-commons-runtime-4.1.2.jar;C:\Users\balav\.m2\repository\jakarta\inject\jakarta.inject-api\2.0.1\jakarta.inject-api-2.0.1.jar;C:\Users\balav\.m2\repository\org\antlr\antlr4-runtime\4.13.0\antlr4-runtime-4.13.0.jar;C:\Users\balav\.m2\repository\org\springframework\data\spring-data-jpa\3.5.5\spring-data-jpa-3.5.5.jar;C:\Users\balav\.m2\repository\org\springframework\data\spring-data-commons\3.5.5\spring-data-commons-3.5.5.jar;C:\Users\balav\.m2\repository\org\springframework\spring-orm\6.2.12\spring-orm-6.2.12.jar;C:\Users\balav\.m2\repository\org\springframework\spring-context\6.2.12\spring-context-6.2.12.jar;C:\Users\balav\.m2\repository\org\springframework\spring-tx\6.2.12\spring-tx-6.2.12.jar;C:\Users\balav\.m2\repository\org\springframework\spring-beans\6.2.12\spring-beans-6.2.12.jar;C:\Users\balav\.m2\repository\org\slf4j\slf4j-api\2.0.17\slf4j-api-2.0.17.jar;C:\Users\balav\.m2\repository\org\springframework\spring-aspects\6.2.12\spring-aspects-6.2.12.jar;C:\Users\balav\.m2\repository\org\aspectj\aspectjweaver\1.9.24\aspectjweaver-1.9.24.jar;C:\Users\balav\.m2\repository\org\springframework\spring-aop\6.2.12\spring-aop-6.2.12.jar;C:\Users\balav\.m2\repository\org\springframework\security\spring-security-config\6.5.6\spring-security-config-6.5.6.jar;C:\Users\balav\.m2\repository\org\springframework\security\spring-security-web\6.5.6\spring-security-web-6.5.6.jar;C:\Users\balav\.m2\repository\org\springframework\spring-expression\6.2.12\spring-expression-6.2.12.jar;C:\Users\balav\.m2\repository\com\fasterxml\jackson\datatype\jackson-datatype-jdk8\2.19.2\jackson-datatype-jdk8-2.19.2.jar;C:\Users\balav\.m2\repository\com\fasterxml\jackson\datatype\jackson-datatype-jsr310\2.19.2\jackson-datatype-jsr310-2.19.2.jar;C:\Users\balav\.m2\repository\com\fasterxml\jackson\module\jackson-module-parameter-names\2.19.2\jackson-module-parameter-names-2.19.2.jar;C:\Users\balav\.m2\repository\org\apache\tomcat\embed\tomcat-embed-core\10.1.48\tomcat-embed-core-10.1.48.jar;C:\Users\balav\.m2\repository\org\apache\tomcat\embed\tomcat-embed-websocket\10.1.48\tomcat-embed-websocket-10.1.48.jar;C:\Users\balav\.m2\repository\org\springframework\spring-web\6.2.12\spring-web-6.2.12.jar;C:\Users\balav\.m2\repository\io\micrometer\micrometer-observation\1.15.5\micrometer-observation-1.15.5.jar;C:\Users\balav\.m2\repository\io\micrometer\micrometer-commons\1.15.5\micrometer-commons-1.15.5.jar;C:\Users\balav\.m2\repository\org\springframework\spring-webmvc\6.2.12\spring-webmvc-6.2.12.jar;C:\Users\balav\.m2\repository\com\mysql\mysql-connector-j\8.0.33\mysql-connector-j-8.0.33.jar;C:\Users\balav\.m2\repository\jakarta\xml\bind\jakarta.xml.bind-api\4.0.4\jakarta.xml.bind-api-4.0.4.jar;C:\Users\balav\.m2\repository\jakarta\activation\jakarta.activation-api\2.1.4\jakarta.activation-api-2.1.4.jar;C:\Users\balav\.m2\repository\org\springframework\spring-core\6.2.12\spring-core-6.2.12.jar;C:\Users\balav\.m2\repository\org\springframework\spring-jcl\6.2.12\spring-jcl-6.2.12.jar;C:\Users\balav\.m2\repository\org\springframework\security\spring-security-core\6.5.6\spring-security-core-6.5.6.jar;C:\Users\balav\.m2\repository\org\springframework\security\spring-security-crypto\6.5.6\spring-security-crypto-6.5.6.jar;C:\Users\balav\.m2\repository\io\jsonwebtoken\jjwt-api\0.11.5\jjwt-api-0.11.5.jar;C:\Users\balav\.m2\repository\io\jsonwebtoken\jjwt-impl\0.11.5\jjwt-impl-0.11.5.jar;C:\Users\balav\.m2\repository\io\jsonwebtoken\jjwt-jackson\0.11.5\jjwt-jackson-0.11.5.jar;C:\Users\balav\.m2\repository\com\fasterxml\jackson\core\jackson-databind\2.19.2\jackson-databind-2.19.2.jar;C:\Users\balav\.m2\repository\com\fasterxml\jackson\core\jackson-annotations\2.19.2\jackson-annotations-2.19.2.jar;C:\Users\balav\.m2\repository\com\fasterxml\jackson\core\jackson-core\2.19.2\jackson-core-2.19.2.jar;C:\Users\balav\.m2\repository\org\apache\tomcat\embed\tomcat-embed-el\10.1.48\tomcat-embed-el-10.1.48.jar;C:\Users\balav\.m2\repository\org\hibernate\validator\hibernate-validator\8.0.3.Final\hibernate-validator-8.0.3.Final.jar;C:\Users\balav\.m2\repository\jakarta\validation\jakarta.validation-api\3.0.2\jakarta.validation-api-3.0.2.jar;C:\Users\balav\.m2\repository\org\springframework\spring-context-support\6.2.12\spring-context-support-6.2.12.jar;C:\Users\balav\.m2\repository\org\eclipse\angus\jakarta.mail\2.0.5\jakarta.mail-2.0.5.jar;C:\Users\balav\.m2\repository\org\eclipse\angus\angus-activation\2.0.3\angus-activation-2.0.3.jar;C:\Users\balav\.m2\repository\com\mashape\unirest\unirest-java\1.4.9\unirest-java-1.4.9.jar;C:\Users\balav\.m2\repository\org\apache\httpcomponents\httpclient\4.5.2\httpclient-4.5.2.jar;C:\Users\balav\.m2\repository\org\apache\httpcomponents\httpcore\4.4.16\httpcore-4.4.16.jar;C:\Users\balav\.m2\repository\commons-logging\commons-logging\1.2\commons-logging-1.2.jar;C:\Users\balav\.m2\repository\commons-codec\commons-codec\1.18.0\commons-codec-1.18.0.jar;C:\Users\balav\.m2\repository\org\apache\httpcomponents\httpasyncclient\4.1.5\httpasyncclient-4.1.5.jar;C:\Users\balav\.m2\repository\org\apache\httpcomponents\httpcore-nio\4.4.16\httpcore-nio-4.4.16.jar;C:\Users\balav\.m2\repository\org\apache\httpcomponents\httpmime\4.5.2\httpmime-4.5.2.jar;C:\Users\balav\.m2\repository\org\json\json\20160212\json-20160212.jar
Launcher Type: SUN_STANDARD

[Global flags]
     intx CICompilerCount                          = 4                                         {product} {ergonomic}
     uint ConcGCThreads                            = 2                                         {product} {ergonomic}
     uint G1ConcRefinementThreads                  = 8                                         {product} {ergonomic}
   size_t G1HeapRegionSize                         = 1048576                                   {product} {ergonomic}
    uintx GCDrainStackTargetSize                   = 64                                        {product} {ergonomic}
   size_t InitialHeapSize                          = 98566144                                  {product} {ergonomic}
   size_t MarkStackSize                            = 4194304                                   {product} {ergonomic}
   size_t MaxHeapSize                              = 1564475392                                {product} {ergonomic}
   size_t MaxNewSize                               = 938475520                                 {product} {ergonomic}
   size_t MinHeapDeltaBytes                        = 1048576                                   {product} {ergonomic}
   size_t MinHeapSize                              = 8388608                                   {product} {ergonomic}
    uintx NonNMethodCodeHeapSize                   = 4096                                   {pd product} {ergonomic}
    uintx NonProfiledCodeHeapSize                  = 0                                      {pd product} {ergonomic}
     bool ProfileInterpreter                       = false                                  {pd product} {command line}
    uintx ProfiledCodeHeapSize                     = 0                                      {pd product} {ergonomic}
   size_t SoftMaxHeapSize                          = 1564475392                             {manageable} {ergonomic}
     intx TieredStopAtLevel                        = 1                                         {product} {command line}
     bool UseCompressedOops                        = true                           {product lp64_product} {ergonomic}
     bool UseG1GC                                  = true                                      {product} {ergonomic}
     bool UseLargePagesIndividualAllocation        = false                                  {pd product} {ergonomic}

Logging:
Log output configuration:
 #0: stdout all=warning uptime,level,tags foldmultilines=false
 #1: stderr all=off uptime,level,tags foldmultilines=false

Environment Variables:
JAVA_HOME=C:\Program Files\Java\jdk-21
JAVA_TOOL_OPTIONS=-Dstdout.encoding=UTF-8 -Dstderr.encoding=UTF-8
PATH=C:\Users\balav\AppData\Roaming\Code\User\globalStorage\pleiades.java-extension-pack-jdk\gradle\latest\bin;C:\Users\balav\AppData\Roaming\Code\User\globalStorage\pleiades.java-extension-pack-jdk\maven\latest\bin;C:\Program Files\Java\jdk-21\bin;C:\Program Files\Common Files\Oracle\Java\javapath;C:\WINDOWS\system32;C:\WINDOWS;C:\WINDOWS\System32\Wbem;C:\WINDOWS\System32\WindowsPowerShell\v1.0\;C:\WINDOWS\System32\OpenSSH\;C:\Program Files\nodejs\;C:\Program Files\cursor\resources\app\bin;C:\Program Files\Java\jdk-21\bin;C:\Program Files\Java\jdk-17\bin;C:\Program Files\apache-maven-3.9.11\bin;C:\Program Files\MySQL\MySQL Server 8.0\bin;C:\Program Files\Git\cmd;C:\Program Files\Git\bin;C:\Program Files\MySQL\MySQL Shell 8.0\bin\;C:\Users\balav\AppData\Local\Microsoft\WindowsApps;C:\Users\balav\AppData\Local\Programs\Microsoft VS Code\bin;C:\Users\balav\AppData\Roaming\npm;c:\Users\balav\.cursor\extensions\vscjava.vscode-java-debug-0.58.3-universal\bundled\scripts\noConfigScripts
USERNAME=balav
LANG=en_US.UTF-8
OS=Windows_NT
PROCESSOR_IDENTIFIER=AMD64 Family 23 Model 160 Stepping 0, AuthenticAMD
TMP=C:\Users\balav\AppData\Local\Temp
TEMP=C:\Users\balav\AppData\Local\Temp




Periodic native trim disabled

---------------  S Y S T E M  ---------------

OS:
 Windows 11 , 64 bit Build 26100 (10.0.26100.6725)
OS uptime: 1 days 11:22 hours
Hyper-V role detected

CPU: total 8 (initial active 8) (8 cores per cpu, 2 threads per core) family 23 model 160 stepping 0 microcode 0x8a0000a, cx8, cmov, fxsr, ht, mmx, 3dnowpref, sse, sse2, sse3, ssse3, sse4a, sse4.1, sse4.2, popcnt, lzcnt, tsc, tscinvbit, avx, avx2, aes, clmul, bmi1, bmi2, adx, sha, fma, vzeroupper, clflush, clflushopt, hv, rdtscp, rdpid, f16c
Processor Information for processor 0
  Max Mhz: 2801, Current Mhz: 2483, Mhz Limit: 2801
Processor Information for processor 1
  Max Mhz: 2801, Current Mhz: 2801, Mhz Limit: 2801
Processor Information for processor 2
  Max Mhz: 2801, Current Mhz: 2801, Mhz Limit: 2801
Processor Information for processor 3
  Max Mhz: 2801, Current Mhz: 2483, Mhz Limit: 2801
Processor Information for processor 4
  Max Mhz: 2801, Current Mhz: 2801, Mhz Limit: 2801
Processor Information for processor 5
  Max Mhz: 2801, Current Mhz: 2801, Mhz Limit: 2801
Processor Information for processor 6
  Max Mhz: 2801, Current Mhz: 2483, Mhz Limit: 2801
Processor Information for processor 7
  Max Mhz: 2801, Current Mhz: 2483, Mhz Limit: 2801

Memory: 4k page, system-wide physical 5965M (205M free)
TotalPageFile size 24397M (AvailPageFile size 0M)
current process WorkingSet (physical memory assigned to process): 143M, peak: 154M
current process commit charge ("private bytes"): 185M, peak: 211M

vm_info: Java HotSpot(TM) 64-Bit Server VM (21.0.9+7-LTS-338) for windows-amd64 JRE (21.0.9+7-LTS-338), built on 2025-09-26T06:33:49Z by "mach5run" with MS VC++ 17.6 (VS2022)

END.
